#
# A fatal error has been detected by the Java Runtime Environment:
#
#  SIGSEGV (0xb) at pc=0x0000000000000000, pid=27425, tid=55299
#
# JRE version: OpenJDK Runtime Environment (13.0.1+9) (build 13.0.1+9)
# Java VM: OpenJDK 64-Bit Server VM (13.0.1+9, mixed mode, sharing, tiered, compressed oops, g1 gc, bsd-amd64)
# Problematic frame:
# C  0x0000000000000000
#
# No core dump will be written. Core dumps have been disabled. To enable core dumping, try "ulimit -c unlimited" before starting Java again
#
# If you would like to submit a bug report, please visit:
#   http://bugreport.java.com/bugreport/crash.jsp
# The crash happened outside the Java Virtual Machine in native code.
# See problematic frame for where to report the bug.
#

---------------  S U M M A R Y ------------

Command Line: -Dfile.encoding=UTF-8 -Duser.country=FR -Duser.language=fr -Duser.variant com.mycompany.javadomo.App

Host: MacBookPro14,1 x86_64 2300 MHz, 4 cores, 8G, Darwin 18.7.0
Time: Thu Jan 23 13:51:03 2020 CET elapsed time: 3577 seconds (0d 0h 59m 37s)

---------------  T H R E A D  ---------------

Current thread (0x00007ff4a18d0000):  JavaThread "Java2D Queue Flusher" daemon [_thread_in_native, id=55299, stack(0x0000700008ccc000,0x0000700008dcc000)]

Stack: [0x0000700008ccc000,0x0000700008dcc000],  sp=0x0000700008dcb118,  free space=1020k
Java frames: (J=compiled Java code, j=interpreted, Vv=VM code)
J 2341  sun.java2d.opengl.OGLRenderQueue.flushBuffer(JI)V java.desktop@13.0.1 (0 bytes) @ 0x0000000115b01168 [0x0000000115b01120+0x0000000000000048]
J 3924 c2 sun.java2d.opengl.OGLRenderQueue.flushBuffer()V java.desktop@13.0.1 (41 bytes) @ 0x0000000115b511fc [0x0000000115b511a0+0x000000000000005c]
j  sun.java2d.opengl.OGLRenderQueue$QueueFlusher.run()V+81 java.desktop@13.0.1
j  java.lang.Thread.run()V+11 java.base@13.0.1
v  ~StubRoutines::call_stub

siginfo: si_signo: 11 (SIGSEGV), si_code: 1 (SEGV_MAPERR), si_addr: 0x0000000000000000

Register to memory mapping:

RAX=0x0000000154ccf000 points into unknown readable memory: 00 00 00 00 00 00 00 00
RBX=0x00007ff4a455aea0 points into unknown readable memory: 00 60 92 a5 f4 7f 00 00
RCX=0x0 is NULL
RDX=0x0000000000000024 is an unknown value
RSP=0x0000700008dcb118 is pointing into the stack for thread: 0x00007ff4a18d0000
RBP=0x0000700008dcb6b0 is pointing into the stack for thread: 0x00007ff4a18d0000
RSI=0x0000000125688500 points into unknown readable memory: 01 00 06 00 00 00 00 00
RDI=0x0000000154cdd000 points into unknown readable memory: 60 42 bb 8c ff 7f 00 00
R8 =0x000000012568df00 points into unknown readable memory: 00 02 06 00 00 00 00 00
R9 =0x0000000125688500 points into unknown readable memory: 01 00 06 00 00 00 00 00
R10=0x0000000154ccf000 points into unknown readable memory: 00 00 00 00 00 00 00 00
R11=0x0000000000000006 is an unknown value
R12=0x0000000000000308 is an unknown value
R13=0x00000000000003be is an unknown value
R14=0x0000000000037000 is an unknown value
R15=0x00000000000003be is an unknown value


Registers:
RAX=0x0000000154ccf000, RBX=0x00007ff4a455aea0, RCX=0x0000000000000000, RDX=0x0000000000000024
RSP=0x0000700008dcb118, RBP=0x0000700008dcb6b0, RSI=0x0000000125688500, RDI=0x0000000154cdd000
R8 =0x000000012568df00, R9 =0x0000000125688500, R10=0x0000000154ccf000, R11=0x0000000000000006
R12=0x0000000000000308, R13=0x00000000000003be, R14=0x0000000000037000, R15=0x00000000000003be
RIP=0x0000000000000000, EFLAGS=0x0000000000010246, ERR=0x0000000000000014
  TRAPNO=0x000000000000000e

Top of Stack: (sp=0x0000700008dcb118)
0x0000700008dcb118:   00007fff3cd3d73e 0000000000000000
0x0000700008dcb128:   0000000000000000 0000000000000000
0x0000700008dcb138:   0000000000000001 0000000000000000
0x0000700008dcb148:   0000000000000000 0000000400000000
0x0000700008dcb158:   0000000000000000 0000000000000000
0x0000700008dcb168:   0000000000000000 0000000000000000
0x0000700008dcb178:   0000000000000000 0000000000000000
0x0000700008dcb188:   0000000000000000 0000000000000000
0x0000700008dcb198:   0000000000000000 0000000000000000
0x0000700008dcb1a8:   0000000000000000 0000000000000000
0x0000700008dcb1b8:   0000000000000000 0000000000000000
0x0000700008dcb1c8:   0000000000000000 0000000000000000
0x0000700008dcb1d8:   0000000000000000 0000000000000000
0x0000700008dcb1e8:   0000000000000000 0000000000000000
0x0000700008dcb1f8:   0000000000000000 0000000000000000
0x0000700008dcb208:   0000000000000000 0000000000000000
0x0000700008dcb218:   0000000000000000 0000000000000000
0x0000700008dcb228:   0000000000000000 0000000000000000
0x0000700008dcb238:   0000000000000000 0000000000000000
0x0000700008dcb248:   0000000000000000 0000000000000000
0x0000700008dcb258:   0000000000000000 0000000000000000
0x0000700008dcb268:   0000000000000000 0000000000000000
0x0000700008dcb278:   0000000000000000 0000000000000000
0x0000700008dcb288:   0000000000000000 0000000000000000
0x0000700008dcb298:   0000000000000000 0000000000000000
0x0000700008dcb2a8:   0000000000000000 0000000000000000
0x0000700008dcb2b8:   0000000000000000 0000000000000000
0x0000700008dcb2c8:   0000000000000000 0000000000000000
0x0000700008dcb2d8:   0000000000000000 0000000000000000
0x0000700008dcb2e8:   0000000000000000 0000000000000000
0x0000700008dcb2f8:   0000000000000000 0000000000000000
0x0000700008dcb308:   0000000000000000 0000000000000000 

Instructions: (pc=0x0000000000000000)
0xffffffffffffff00:   


Stack slot to memory mapping:
stack at sp + 0 slots: 0x00007fff3cd3d73e: gleDrawPixelsFast+0x2a29 in /System/Library/Frameworks/OpenGL.framework/Versions/A/Resources/GLEngine.bundle/GLEngine at 0x00007fff3cd1c000
stack at sp + 1 slots: 0x0 is NULL
stack at sp + 2 slots: 0x0 is NULL
stack at sp + 3 slots: 0x0 is NULL
stack at sp + 4 slots: 0x0000000000000001 is an unknown value
stack at sp + 5 slots: 0x0 is NULL
stack at sp + 6 slots: 0x0 is NULL
stack at sp + 7 slots: 0x0000000400000000 is an unknown value


---------------  P R O C E S S  ---------------

Threads class SMR info:
_java_thread_list=0x00007ff4a0e69b50, length=16, elements={
0x00007ff4a205b800, 0x00007ff4a180e000, 0x00007ff4a2060000, 0x00007ff4a2063800,
0x00007ff4a2064800, 0x00007ff4a10c3000, 0x00007ff4a10c1000, 0x00007ff4a2802800,
0x00007ff4a10f9000, 0x00007ff4a18af000, 0x00007ff4a18d0000, 0x00007ff4a18cc000,
0x00007ff4a11e4000, 0x00007ff4a29ff800, 0x00007ff4a1313800, 0x00007ff4a20ed800
}

Java Threads: ( => current thread )
  0x00007ff4a205b800 JavaThread "Reference Handler" daemon [_thread_blocked, id=15363, stack(0x0000700007f9f000,0x000070000809f000)]
  0x00007ff4a180e000 JavaThread "Finalizer" daemon [_thread_blocked, id=15875, stack(0x00007000080a2000,0x00007000081a2000)]
  0x00007ff4a2060000 JavaThread "Signal Dispatcher" daemon [_thread_blocked, id=22019, stack(0x00007000081a5000,0x00007000082a5000)]
  0x00007ff4a2063800 JavaThread "C2 CompilerThread0" daemon [_thread_blocked, id=42755, stack(0x00007000082a8000,0x00007000083a8000)]
  0x00007ff4a2064800 JavaThread "C1 CompilerThread0" daemon [_thread_blocked, id=22531, stack(0x00007000083ab000,0x00007000084ab000)]
  0x00007ff4a10c3000 JavaThread "Sweeper thread" daemon [_thread_blocked, id=23043, stack(0x00007000084ae000,0x00007000085ae000)]
  0x00007ff4a10c1000 JavaThread "Service Thread" daemon [_thread_blocked, id=23811, stack(0x00007000085b1000,0x00007000086b1000)]
  0x00007ff4a2802800 JavaThread "Common-Cleaner" daemon [_thread_blocked, id=41219, stack(0x00007000087b7000,0x00007000088b7000)]
  0x00007ff4a10f9000 JavaThread "AppKit Thread" daemon [_thread_in_native, id=775, stack(0x00007ffeef032000,0x00007ffeef832000)]
  0x00007ff4a18af000 JavaThread "AWT-Shutdown" [_thread_blocked, id=30979, stack(0x000070000893d000,0x0000700008a3d000)]
=>0x00007ff4a18d0000 JavaThread "Java2D Queue Flusher" daemon [_thread_in_native, id=55299, stack(0x0000700008ccc000,0x0000700008dcc000)]
  0x00007ff4a18cc000 JavaThread "Java2D Disposer" daemon [_thread_blocked, id=58115, stack(0x0000700008dcf000,0x0000700008ecf000)]
  0x00007ff4a11e4000 JavaThread "TimerQueue" daemon [_thread_blocked, id=60755, stack(0x0000700008ed2000,0x0000700008fd2000)]
  0x00007ff4a29ff800 JavaThread "AWT-EventQueue-0" [_thread_blocked, id=61443, stack(0x0000700008fd5000,0x00007000090d5000)]
  0x00007ff4a1313800 JavaThread "DestroyJavaVM" [_thread_blocked, id=7427, stack(0x000070000788a000,0x000070000798a000)]
  0x00007ff4a20ed800 JavaThread "mysql-cj-abandoned-connection-cleanup" daemon [_thread_blocked, id=72107, stack(0x00007000090d8000,0x00007000091d8000)]

Other Threads:
  0x00007ff4a105d800 VMThread "VM Thread" [stack: 0x0000700007e9c000,0x0000700007f9c000] [id=14595]
  0x00007ff4a1805000 WatcherThread [stack: 0x00007000086b4000,0x00007000087b4000] [id=41987]
  0x00007ff4a202a000 GCTaskThread "GC Thread#0" [stack: 0x000070000798d000,0x0000700007a8d000] [id=20995]
  0x00007ff4a20ec800 GCTaskThread "GC Thread#1" [stack: 0x00007000091db000,0x00007000092db000] [id=71443]
  0x00007ff4a22de000 GCTaskThread "GC Thread#2" [stack: 0x00007000092de000,0x00007000093de000] [id=70915]
  0x00007ff4a230c000 GCTaskThread "GC Thread#3" [stack: 0x00007000093e1000,0x00007000094e1000] [id=70403]
  0x00007ff4a101a800 ConcurrentGCThread "G1 Main Marker" [stack: 0x0000700007a90000,0x0000700007b90000] [id=13059]
  0x00007ff4a101b000 ConcurrentGCThread "G1 Conc#0" [stack: 0x0000700007b93000,0x0000700007c93000] [id=19971]
  0x00007ff4a105b800 ConcurrentGCThread "G1 Refine#0" [stack: 0x0000700007c96000,0x0000700007d96000] [id=13571]
  0x00007ff4a1959000 ConcurrentGCThread "G1 Refine#1" [stack: 0x00007000094e4000,0x00007000095e4000] [id=69891]
  0x00007ff4a203b000 ConcurrentGCThread "G1 Young RemSet Sampling" [stack: 0x0000700007d99000,0x0000700007e99000] [id=19715]

Threads with active compile tasks:

VM state:not at safepoint (normal execution)

VM Mutex/Monitor currently owned by a thread: None

Heap address: 0x0000000780000000, size: 2048 MB, Compressed Oops mode: Zero based, Oop shift amount: 3
Narrow klass base: 0x0000000800000000, Narrow klass shift: 3
Compressed class space size: 1073741824 Address: 0x0000000800add000

Heap:
 garbage-first heap   total 133120K, used 82664K [0x0000000780000000, 0x0000000800000000)
  region size 1024K, 31 young (31744K), 1 survivors (1024K)
 Metaspace       used 17374K, capacity 17745K, committed 18048K, reserved 1064960K
  class space    used 1900K, capacity 2044K, committed 2176K, reserved 1048576K
Heap Regions: E=young(eden), S=young(survivor), O=old, HS=humongous(starts), HC=humongous(continues), CS=collection set, F=free, A=archive, TAMS=top-at-mark-start (previous, next)
|   0|0x0000000780000000, 0x0000000780100000, 0x0000000780100000|100%| O|  |TAMS 0x0000000780100000, 0x0000000780000000| Untracked 
|   1|0x0000000780100000, 0x0000000780200000, 0x0000000780200000|100%| O|  |TAMS 0x0000000780200000, 0x0000000780100000| Untracked 
|   2|0x0000000780200000, 0x0000000780300000, 0x0000000780300000|100%| O|  |TAMS 0x0000000780300000, 0x0000000780200000| Untracked 
|   3|0x0000000780300000, 0x0000000780400000, 0x0000000780400000|100%|HS|  |TAMS 0x0000000780300000, 0x0000000780300000| Complete 
|   4|0x0000000780400000, 0x0000000780500000, 0x0000000780500000|100%|HC|  |TAMS 0x0000000780400000, 0x0000000780400000| Complete 
|   5|0x0000000780500000, 0x0000000780600000, 0x0000000780600000|100%|HC|  |TAMS 0x0000000780500000, 0x0000000780500000| Complete 
|   6|0x0000000780600000, 0x0000000780700000, 0x0000000780700000|100%|HS|  |TAMS 0x0000000780600000, 0x0000000780600000| Complete 
|   7|0x0000000780700000, 0x0000000780800000, 0x0000000780800000|100%|HC|  |TAMS 0x0000000780700000, 0x0000000780700000| Complete 
|   8|0x0000000780800000, 0x0000000780900000, 0x0000000780900000|100%|HC|  |TAMS 0x0000000780800000, 0x0000000780800000| Complete 
|   9|0x0000000780900000, 0x0000000780a00000, 0x0000000780a00000|100%|HS|  |TAMS 0x0000000780900000, 0x0000000780900000| Complete 
|  10|0x0000000780a00000, 0x0000000780b00000, 0x0000000780b00000|100%|HC|  |TAMS 0x0000000780a00000, 0x0000000780a00000| Complete 
|  11|0x0000000780b00000, 0x0000000780c00000, 0x0000000780c00000|100%|HC|  |TAMS 0x0000000780b00000, 0x0000000780b00000| Complete 
|  12|0x0000000780c00000, 0x0000000780d00000, 0x0000000780d00000|100%|HC|  |TAMS 0x0000000780c00000, 0x0000000780c00000| Complete 
|  13|0x0000000780d00000, 0x0000000780e00000, 0x0000000780e00000|100%|HS|  |TAMS 0x0000000780d00000, 0x0000000780d00000| Complete 
|  14|0x0000000780e00000, 0x0000000780f00000, 0x0000000780f00000|100%|HC|  |TAMS 0x0000000780e00000, 0x0000000780e00000| Complete 
|  15|0x0000000780f00000, 0x0000000781000000, 0x0000000781000000|100%|HC|  |TAMS 0x0000000780f00000, 0x0000000780f00000| Complete 
|  16|0x0000000781000000, 0x0000000781100000, 0x0000000781100000|100%|HC|  |TAMS 0x0000000781000000, 0x0000000781000000| Complete 
|  17|0x0000000781100000, 0x0000000781200000, 0x0000000781200000|100%|HS|  |TAMS 0x0000000781100000, 0x0000000781100000| Complete 
|  18|0x0000000781200000, 0x0000000781300000, 0x0000000781300000|100%|HC|  |TAMS 0x0000000781200000, 0x0000000781200000| Complete 
|  19|0x0000000781300000, 0x0000000781400000, 0x0000000781400000|100%|HC|  |TAMS 0x0000000781300000, 0x0000000781300000| Complete 
|  20|0x0000000781400000, 0x0000000781500000, 0x0000000781500000|100%|HC|  |TAMS 0x0000000781400000, 0x0000000781400000| Complete 
|  21|0x0000000781500000, 0x0000000781500000, 0x0000000781600000|  0%| F|  |TAMS 0x0000000781500000, 0x0000000781500000| Untracked 
|  22|0x0000000781600000, 0x0000000781600000, 0x0000000781700000|  0%| F|  |TAMS 0x0000000781600000, 0x0000000781600000| Untracked 
|  23|0x0000000781700000, 0x0000000781700000, 0x0000000781800000|  0%| F|  |TAMS 0x0000000781700000, 0x0000000781700000| Untracked 
|  24|0x0000000781800000, 0x0000000781800000, 0x0000000781900000|  0%| F|  |TAMS 0x0000000781800000, 0x0000000781800000| Untracked 
|  25|0x0000000781900000, 0x0000000781900000, 0x0000000781a00000|  0%| F|  |TAMS 0x0000000781900000, 0x0000000781900000| Untracked 
|  26|0x0000000781a00000, 0x0000000781a00000, 0x0000000781b00000|  0%| F|  |TAMS 0x0000000781a00000, 0x0000000781a00000| Untracked 
|  27|0x0000000781b00000, 0x0000000781b00000, 0x0000000781c00000|  0%| F|  |TAMS 0x0000000781b00000, 0x0000000781b00000| Untracked 
|  28|0x0000000781c00000, 0x0000000781c00000, 0x0000000781d00000|  0%| F|  |TAMS 0x0000000781c00000, 0x0000000781c00000| Untracked 
|  29|0x0000000781d00000, 0x0000000781d00000, 0x0000000781e00000|  0%| F|  |TAMS 0x0000000781d00000, 0x0000000781d00000| Untracked 
|  30|0x0000000781e00000, 0x0000000781e00000, 0x0000000781f00000|  0%| F|  |TAMS 0x0000000781e00000, 0x0000000781e00000| Untracked 
|  31|0x0000000781f00000, 0x0000000781f00000, 0x0000000782000000|  0%| F|  |TAMS 0x0000000781f00000, 0x0000000781f00000| Untracked 
|  32|0x0000000782000000, 0x0000000782000000, 0x0000000782100000|  0%| F|  |TAMS 0x0000000782000000, 0x0000000782000000| Untracked 
|  33|0x0000000782100000, 0x0000000782200000, 0x0000000782200000|100%| O|  |TAMS 0x0000000782183e00, 0x0000000782100000| Untracked 
|  34|0x0000000782200000, 0x0000000782200000, 0x0000000782300000|  0%| F|  |TAMS 0x0000000782200000, 0x0000000782200000| Untracked 
|  35|0x0000000782300000, 0x0000000782300000, 0x0000000782400000|  0%| F|  |TAMS 0x0000000782300000, 0x0000000782300000| Untracked 
|  36|0x0000000782400000, 0x0000000782400000, 0x0000000782500000|  0%| F|  |TAMS 0x0000000782400000, 0x0000000782400000| Untracked 
|  37|0x0000000782500000, 0x0000000782600000, 0x0000000782600000|100%| O|  |TAMS 0x0000000782500000, 0x0000000782500000| Untracked 
|  38|0x0000000782600000, 0x0000000782600000, 0x0000000782700000|  0%| F|  |TAMS 0x0000000782600000, 0x0000000782600000| Untracked 
|  39|0x0000000782700000, 0x0000000782700000, 0x0000000782800000|  0%| F|  |TAMS 0x0000000782700000, 0x0000000782700000| Untracked 
|  40|0x0000000782800000, 0x0000000782800000, 0x0000000782900000|  0%| F|  |TAMS 0x0000000782800000, 0x0000000782800000| Untracked 
|  41|0x0000000782900000, 0x0000000782900000, 0x0000000782a00000|  0%| F|  |TAMS 0x0000000782900000, 0x0000000782900000| Untracked 
|  42|0x0000000782a00000, 0x0000000782a00000, 0x0000000782b00000|  0%| F|  |TAMS 0x0000000782a00000, 0x0000000782a00000| Untracked 
|  43|0x0000000782b00000, 0x0000000782c00000, 0x0000000782c00000|100%| O|  |TAMS 0x0000000782c00000, 0x0000000782b00000| Untracked 
|  44|0x0000000782c00000, 0x0000000782d00000, 0x0000000782d00000|100%| O|  |TAMS 0x0000000782c00000, 0x0000000782c00000| Untracked 
|  45|0x0000000782d00000, 0x0000000782e00000, 0x0000000782e00000|100%| O|  |TAMS 0x0000000782d00000, 0x0000000782d00000| Untracked 
|  46|0x0000000782e00000, 0x0000000782f00000, 0x0000000782f00000|100%| O|  |TAMS 0x0000000782e00000, 0x0000000782e00000| Untracked 
|  47|0x0000000782f00000, 0x0000000783000000, 0x0000000783000000|100%| O|  |TAMS 0x0000000782f00000, 0x0000000782f00000| Untracked 
|  48|0x0000000783000000, 0x0000000783100000, 0x0000000783100000|100%|HS|  |TAMS 0x0000000783000000, 0x0000000783000000| Complete 
|  49|0x0000000783100000, 0x0000000783200000, 0x0000000783200000|100%|HC|  |TAMS 0x0000000783100000, 0x0000000783100000| Complete 
|  50|0x0000000783200000, 0x0000000783300000, 0x0000000783300000|100%|HS|  |TAMS 0x0000000783200000, 0x0000000783200000| Complete 
|  51|0x0000000783300000, 0x0000000783400000, 0x0000000783400000|100%|HC|  |TAMS 0x0000000783300000, 0x0000000783300000| Complete 
|  52|0x0000000783400000, 0x0000000783400000, 0x0000000783500000|  0%| F|  |TAMS 0x0000000783400000, 0x0000000783400000| Untracked 
|  53|0x0000000783500000, 0x0000000783600000, 0x0000000783600000|100%| O|  |TAMS 0x0000000783500000, 0x0000000783500000| Untracked 
|  54|0x0000000783600000, 0x0000000783700000, 0x0000000783700000|100%| O|  |TAMS 0x0000000783600000, 0x0000000783600000| Untracked 
|  55|0x0000000783700000, 0x0000000783700000, 0x0000000783800000|  0%| F|  |TAMS 0x0000000783700000, 0x0000000783700000| Untracked 
|  56|0x0000000783800000, 0x0000000783900000, 0x0000000783900000|100%|HS|  |TAMS 0x0000000783800000, 0x0000000783800000| Complete 
|  57|0x0000000783900000, 0x0000000783a00000, 0x0000000783a00000|100%|HC|  |TAMS 0x0000000783900000, 0x0000000783900000| Complete 
|  58|0x0000000783a00000, 0x0000000783b00000, 0x0000000783b00000|100%|HC|  |TAMS 0x0000000783a00000, 0x0000000783a00000| Complete 
|  59|0x0000000783b00000, 0x0000000783c00000, 0x0000000783c00000|100%|HC|  |TAMS 0x0000000783b00000, 0x0000000783b00000| Complete 
|  60|0x0000000783c00000, 0x0000000783d00000, 0x0000000783d00000|100%|HC|  |TAMS 0x0000000783c00000, 0x0000000783c00000| Complete 
|  61|0x0000000783d00000, 0x0000000783e00000, 0x0000000783e00000|100%|HC|  |TAMS 0x0000000783d00000, 0x0000000783d00000| Complete 
|  62|0x0000000783e00000, 0x0000000783f00000, 0x0000000783f00000|100%|HC|  |TAMS 0x0000000783e00000, 0x0000000783e00000| Complete 
|  63|0x0000000783f00000, 0x0000000784000000, 0x0000000784000000|100%|HC|  |TAMS 0x0000000783f00000, 0x0000000783f00000| Complete 
|  64|0x0000000784000000, 0x0000000784100000, 0x0000000784100000|100%|HC|  |TAMS 0x0000000784000000, 0x0000000784000000| Complete 
|  65|0x0000000784100000, 0x0000000784200000, 0x0000000784200000|100%|HC|  |TAMS 0x0000000784100000, 0x0000000784100000| Complete 
|  66|0x0000000784200000, 0x0000000784300000, 0x0000000784300000|100%|HC|  |TAMS 0x0000000784200000, 0x0000000784200000| Complete 
|  67|0x0000000784300000, 0x0000000784400000, 0x0000000784400000|100%|HC|  |TAMS 0x0000000784300000, 0x0000000784300000| Complete 
|  68|0x0000000784400000, 0x0000000784400000, 0x0000000784500000|  0%| F|  |TAMS 0x0000000784400000, 0x0000000784400000| Untracked 
|  69|0x0000000784500000, 0x0000000784500000, 0x0000000784600000|  0%| F|  |TAMS 0x0000000784500000, 0x0000000784500000| Untracked 
|  70|0x0000000784600000, 0x0000000784600000, 0x0000000784700000|  0%| F|  |TAMS 0x0000000784600000, 0x0000000784600000| Untracked 
|  71|0x0000000784700000, 0x0000000784700000, 0x0000000784800000|  0%| F|  |TAMS 0x0000000784700000, 0x0000000784700000| Untracked 
|  72|0x0000000784800000, 0x0000000784800000, 0x0000000784900000|  0%| F|  |TAMS 0x0000000784800000, 0x0000000784800000| Untracked 
|  73|0x0000000784900000, 0x0000000784900000, 0x0000000784a00000|  0%| F|  |TAMS 0x0000000784900000, 0x0000000784900000| Untracked 
|  74|0x0000000784a00000, 0x0000000784b00000, 0x0000000784b00000|100%| O|  |TAMS 0x0000000784a00000, 0x0000000784a00000| Untracked 
|  75|0x0000000784b00000, 0x0000000784c00000, 0x0000000784c00000|100%| O|  |TAMS 0x0000000784b00000, 0x0000000784b00000| Untracked 
|  76|0x0000000784c00000, 0x0000000784d00000, 0x0000000784d00000|100%| O|  |TAMS 0x0000000784c00000, 0x0000000784c00000| Untracked 
|  77|0x0000000784d00000, 0x0000000784e00000, 0x0000000784e00000|100%| O|  |TAMS 0x0000000784d00000, 0x0000000784d00000| Untracked 
|  78|0x0000000784e00000, 0x0000000784f00000, 0x0000000784f00000|100%| O|  |TAMS 0x0000000784e00000, 0x0000000784e00000| Untracked 
|  79|0x0000000784f00000, 0x0000000784ffb800, 0x0000000785000000| 98%| O|  |TAMS 0x0000000784f00000, 0x0000000784f00000| Untracked 
|  80|0x0000000785000000, 0x0000000785000000, 0x0000000785100000|  0%| F|  |TAMS 0x0000000785000000, 0x0000000785000000| Untracked 
|  81|0x0000000785100000, 0x0000000785100000, 0x0000000785200000|  0%| F|  |TAMS 0x0000000785100000, 0x0000000785100000| Untracked 
|  82|0x0000000785200000, 0x0000000785200000, 0x0000000785300000|  0%| F|  |TAMS 0x0000000785200000, 0x0000000785200000| Untracked 
|  83|0x0000000785300000, 0x0000000785300000, 0x0000000785400000|  0%| F|  |TAMS 0x0000000785300000, 0x0000000785300000| Untracked 
|  84|0x0000000785400000, 0x0000000785400000, 0x0000000785500000|  0%| F|  |TAMS 0x0000000785400000, 0x0000000785400000| Untracked 
|  85|0x0000000785500000, 0x0000000785500000, 0x0000000785600000|  0%| F|  |TAMS 0x0000000785500000, 0x0000000785500000| Untracked 
|  86|0x0000000785600000, 0x0000000785600000, 0x0000000785700000|  0%| F|  |TAMS 0x0000000785600000, 0x0000000785600000| Untracked 
|  87|0x0000000785700000, 0x0000000785700000, 0x0000000785800000|  0%| F|  |TAMS 0x0000000785700000, 0x0000000785700000| Untracked 
|  88|0x0000000785800000, 0x0000000785800000, 0x0000000785900000|  0%| F|  |TAMS 0x0000000785800000, 0x0000000785800000| Untracked 
|  89|0x0000000785900000, 0x0000000785900000, 0x0000000785a00000|  0%| F|  |TAMS 0x0000000785900000, 0x0000000785900000| Untracked 
|  90|0x0000000785a00000, 0x0000000785a00000, 0x0000000785b00000|  0%| F|  |TAMS 0x0000000785a00000, 0x0000000785a00000| Untracked 
|  91|0x0000000785b00000, 0x0000000785b00000, 0x0000000785c00000|  0%| F|  |TAMS 0x0000000785b00000, 0x0000000785b00000| Untracked 
|  92|0x0000000785c00000, 0x0000000785c00000, 0x0000000785d00000|  0%| F|  |TAMS 0x0000000785c00000, 0x0000000785c00000| Untracked 
|  93|0x0000000785d00000, 0x0000000785d00000, 0x0000000785e00000|  0%| F|  |TAMS 0x0000000785d00000, 0x0000000785d00000| Untracked 
|  94|0x0000000785e00000, 0x0000000785e00000, 0x0000000785f00000|  0%| F|  |TAMS 0x0000000785e00000, 0x0000000785e00000| Untracked 
|  95|0x0000000785f00000, 0x0000000785f00000, 0x0000000786000000|  0%| F|  |TAMS 0x0000000785f00000, 0x0000000785f00000| Untracked 
|  96|0x0000000786000000, 0x0000000786000000, 0x0000000786100000|  0%| F|  |TAMS 0x0000000786000000, 0x0000000786000000| Untracked 
|  97|0x0000000786100000, 0x000000078611a5d0, 0x0000000786200000| 10%| E|  |TAMS 0x0000000786100000, 0x0000000786100000| Complete 
|  98|0x0000000786200000, 0x0000000786300000, 0x0000000786300000|100%| E|CS|TAMS 0x0000000786200000, 0x0000000786200000| Complete 
|  99|0x0000000786300000, 0x0000000786400000, 0x0000000786400000|100%| E|CS|TAMS 0x0000000786300000, 0x0000000786300000| Complete 
| 100|0x0000000786400000, 0x0000000786500000, 0x0000000786500000|100%| E|CS|TAMS 0x0000000786400000, 0x0000000786400000| Complete 
| 101|0x0000000786500000, 0x00000007865f7f70, 0x0000000786600000| 96%| E|  |TAMS 0x0000000786500000, 0x0000000786500000| Complete 
| 102|0x0000000786600000, 0x0000000786700000, 0x0000000786700000|100%| E|CS|TAMS 0x0000000786600000, 0x0000000786600000| Complete 
| 103|0x0000000786700000, 0x0000000786800000, 0x0000000786800000|100%| E|CS|TAMS 0x0000000786700000, 0x0000000786700000| Complete 
| 104|0x0000000786800000, 0x0000000786900000, 0x0000000786900000|100%| E|CS|TAMS 0x0000000786800000, 0x0000000786800000| Complete 
| 105|0x0000000786900000, 0x0000000786a00000, 0x0000000786a00000|100%| E|CS|TAMS 0x0000000786900000, 0x0000000786900000| Complete 
| 106|0x0000000786a00000, 0x0000000786b00000, 0x0000000786b00000|100%| E|CS|TAMS 0x0000000786a00000, 0x0000000786a00000| Complete 
| 107|0x0000000786b00000, 0x0000000786c00000, 0x0000000786c00000|100%| E|CS|TAMS 0x0000000786b00000, 0x0000000786b00000| Complete 
| 108|0x0000000786c00000, 0x0000000786d00000, 0x0000000786d00000|100%| E|CS|TAMS 0x0000000786c00000, 0x0000000786c00000| Complete 
| 109|0x0000000786d00000, 0x0000000786e00000, 0x0000000786e00000|100%| E|CS|TAMS 0x0000000786d00000, 0x0000000786d00000| Complete 
| 110|0x0000000786e00000, 0x0000000786f00000, 0x0000000786f00000|100%| E|CS|TAMS 0x0000000786e00000, 0x0000000786e00000| Complete 
| 111|0x0000000786f00000, 0x0000000787000000, 0x0000000787000000|100%| E|CS|TAMS 0x0000000786f00000, 0x0000000786f00000| Complete 
| 112|0x0000000787000000, 0x0000000787100000, 0x0000000787100000|100%| E|CS|TAMS 0x0000000787000000, 0x0000000787000000| Complete 
| 113|0x0000000787100000, 0x0000000787200000, 0x0000000787200000|100%| E|CS|TAMS 0x0000000787100000, 0x0000000787100000| Complete 
| 114|0x0000000787200000, 0x0000000787300000, 0x0000000787300000|100%| E|CS|TAMS 0x0000000787200000, 0x0000000787200000| Complete 
| 115|0x0000000787300000, 0x0000000787400000, 0x0000000787400000|100%| E|CS|TAMS 0x0000000787300000, 0x0000000787300000| Complete 
| 116|0x0000000787400000, 0x0000000787500000, 0x0000000787500000|100%| E|CS|TAMS 0x0000000787400000, 0x0000000787400000| Complete 
| 117|0x0000000787500000, 0x0000000787600000, 0x0000000787600000|100%| E|CS|TAMS 0x0000000787500000, 0x0000000787500000| Complete 
| 118|0x0000000787600000, 0x0000000787700000, 0x0000000787700000|100%| E|CS|TAMS 0x0000000787600000, 0x0000000787600000| Complete 
| 119|0x0000000787700000, 0x0000000787800000, 0x0000000787800000|100%| E|CS|TAMS 0x0000000787700000, 0x0000000787700000| Complete 
| 120|0x0000000787800000, 0x0000000787900000, 0x0000000787900000|100%| E|CS|TAMS 0x0000000787800000, 0x0000000787800000| Complete 
| 121|0x0000000787900000, 0x0000000787a00000, 0x0000000787a00000|100%| E|CS|TAMS 0x0000000787900000, 0x0000000787900000| Complete 
| 122|0x0000000787a00000, 0x0000000787b00000, 0x0000000787b00000|100%| E|CS|TAMS 0x0000000787a00000, 0x0000000787a00000| Complete 
| 123|0x0000000787b00000, 0x0000000787c00000, 0x0000000787c00000|100%| E|CS|TAMS 0x0000000787b00000, 0x0000000787b00000| Complete 
| 124|0x0000000787c00000, 0x0000000787d00000, 0x0000000787d00000|100%| E|CS|TAMS 0x0000000787c00000, 0x0000000787c00000| Complete 
| 125|0x0000000787d00000, 0x0000000787d01830, 0x0000000787e00000|  0%| S|CS|TAMS 0x0000000787d00000, 0x0000000787d00000| Complete 
| 126|0x0000000787e00000, 0x0000000787f00000, 0x0000000787f00000|100%| E|CS|TAMS 0x0000000787e00000, 0x0000000787e00000| Complete 
| 127|0x0000000787f00000, 0x0000000788000000, 0x0000000788000000|100%| E|CS|TAMS 0x0000000787f00000, 0x0000000787f00000| Complete 
|1022|0x00000007bfe00000, 0x00000007bfe47000, 0x00000007bff00000| 27%|OA|  |TAMS 0x00000007bfe47000, 0x00000007bfe00000| Untracked 
|1023|0x00000007bff00000, 0x00000007bff76000, 0x00000007c0000000| 46%|CA|  |TAMS 0x00000007bff76000, 0x00000007bff00000| Untracked 

Card table byte_map: [0x0000000102472000,0x0000000102872000] _byte_map_base: 0x00000000fe872000

Marking Bits (Prev, Next): (CMBitMap*) 0x00007ff4a1003858, (CMBitMap*) 0x00007ff4a1003818
 Prev Bits: [0x000000011cf74000, 0x000000011ef74000)
 Next Bits: [0x0000000102c72000, 0x0000000104c72000)

Polling page: 0x0000000101a28000

Metaspace:

Usage:
  Non-class:     15.33 MB capacity,    15.11 MB ( 99%) used,   189.91 KB (  1%) free+waste,    37.25 KB ( <1%) overhead. 
      Class:      2.00 MB capacity,     1.86 MB ( 93%) used,   123.52 KB (  6%) free+waste,    19.94 KB ( <1%) overhead. 
       Both:     17.33 MB capacity,    16.97 MB ( 98%) used,   313.44 KB (  2%) free+waste,    57.19 KB ( <1%) overhead. 

Virtual space:
  Non-class space:       16.00 MB reserved,      15.50 MB ( 97%) committed 
      Class space:        1.00 GB reserved,       2.12 MB ( <1%) committed 
             Both:        1.02 GB reserved,      17.62 MB (  2%) committed 

Chunk freelists:
   Non-Class:  115.00 KB
       Class:  16.00 KB
        Both:  131.00 KB

MaxMetaspaceSize: unlimited
CompressedClassSpaceSize: 1.00 GB

CodeHeap 'non-profiled nmethods': size=120032Kb used=2513Kb max_used=2562Kb free=117518Kb
 bounds [0x0000000115a3c000, 0x0000000115cdc000, 0x000000011cf74000]
CodeHeap 'profiled nmethods': size=120032Kb used=7020Kb max_used=8545Kb free=113011Kb
 bounds [0x000000010e504000, 0x000000010ed64000, 0x0000000115a3c000]
CodeHeap 'non-nmethods': size=5696Kb used=1400Kb max_used=1443Kb free=4295Kb
 bounds [0x000000010df74000, 0x000000010e1e4000, 0x000000010e504000]
 total_blobs=6003 nmethods=3395 adapters=615
 compilation: enabled
              stopped_count=0, restarted_count=0
 full_count=0

Compilation events (20 events):
Event: 3560.981 Thread 0x00007ff4a2064800 nmethod 3949 0x000000010e568890 code [0x000000010e568a80, 0x000000010e569068]
Event: 3561.053 Thread 0x00007ff4a2063800 nmethod 3947 0x0000000115c15910 code [0x0000000115c15ae0, 0x0000000115c170c8]
Event: 3561.053 Thread 0x00007ff4a2063800 3950       4       com.apple.laf.AquaTextFieldBorder::getBorderInsets (40 bytes)
Event: 3561.054 Thread 0x00007ff4a2063800 nmethod 3950 0x0000000115a91910 code [0x0000000115a91aa0, 0x0000000115a91bf8]
Event: 3562.916 Thread 0x00007ff4a2064800 3951       3       java.lang.Integer::equals (29 bytes)
Event: 3562.917 Thread 0x00007ff4a2064800 nmethod 3951 0x000000010e5a5290 code [0x000000010e5a5440, 0x000000010e5a5890]
Event: 3562.922 Thread 0x00007ff4a2064800 3952       1       sun.lwawt.LWWindowPeer::getPlatformWindow (5 bytes)
Event: 3562.922 Thread 0x00007ff4a2064800 nmethod 3952 0x0000000115a91610 code [0x0000000115a917a0, 0x0000000115a918d0]
Event: 3564.850 Thread 0x00007ff4a2064800 3953       3       javax.swing.plaf.basic.BasicLabelUI::propertyChange (82 bytes)
Event: 3564.852 Thread 0x00007ff4a2064800 nmethod 3953 0x000000010e63fb10 code [0x000000010e63fd20, 0x000000010e640668]
Event: 3575.625 Thread 0x00007ff4a2064800 3954       3       sun.java2d.loops.Blit$GeneralMaskBlit::Blit (28 bytes)
Event: 3575.625 Thread 0x00007ff4a2064800 nmethod 3954 0x000000010e54d690 code [0x000000010e54d840, 0x000000010e54db08]
Event: 3576.043 Thread 0x00007ff4a2063800 3956       4       java.lang.ref.Reference::clear (6 bytes)
Event: 3576.044 Thread 0x00007ff4a2063800 nmethod 3956 0x0000000115a90e90 code [0x0000000115a91000, 0x0000000115a910b8]
Event: 3576.064 Thread 0x00007ff4a2063800 3957       4       java.util.AbstractSequentialList::iterator (5 bytes)
Event: 3576.066 Thread 0x00007ff4a2063800 nmethod 3957 0x0000000115a90910 code [0x0000000115a90aa0, 0x0000000115a90ce8]
Event: 3577.163 Thread 0x00007ff4a2064800 3958       3       java.util.WeakHashMap$HashIterator::hasNext (95 bytes)
Event: 3577.164 Thread 0x00007ff4a2064800 nmethod 3958 0x000000010e540c90 code [0x000000010e540e60, 0x000000010e541490]
Event: 3577.448 Thread 0x00007ff4a2064800 3959       1       sun.java2d.StateTrackableDelegate::getState (5 bytes)
Event: 3577.448 Thread 0x00007ff4a2064800 nmethod 3959 0x0000000115a90590 code [0x0000000115a90720, 0x0000000115a90850]

GC Heap History (18 events):
Event: 4.133 GC heap before
{Heap before GC invocations=0 (full 0):
 garbage-first heap   total 133120K, used 14068K [0x0000000780000000, 0x0000000800000000)
  region size 1024K, 14 young (14336K), 0 survivors (0K)
 Metaspace       used 11834K, capacity 12237K, committed 12672K, reserved 1060864K
  class space    used 1361K, capacity 1537K, committed 1664K, reserved 1048576K
}
Event: 4.143 GC heap after
{Heap after GC invocations=1 (full 0):
 garbage-first heap   total 133120K, used 4687K [0x0000000780000000, 0x0000000800000000)
  region size 1024K, 2 young (2048K), 2 survivors (2048K)
 Metaspace       used 11834K, capacity 12237K, committed 12672K, reserved 1060864K
  class space    used 1361K, capacity 1537K, committed 1664K, reserved 1048576K
}
Event: 4.380 GC heap before
{Heap before GC invocations=1 (full 0):
 garbage-first heap   total 133120K, used 9807K [0x0000000780000000, 0x0000000800000000)
  region size 1024K, 7 young (7168K), 2 survivors (2048K)
 Metaspace       used 13472K, capacity 13820K, committed 14080K, reserved 1060864K
  class space    used 1548K, capacity 1702K, committed 1792K, reserved 1048576K
}
Event: 4.386 GC heap after
{Heap after GC invocations=2 (full 0):
 garbage-first heap   total 133120K, used 6684K [0x0000000780000000, 0x0000000800000000)
  region size 1024K, 1 young (1024K), 1 survivors (1024K)
 Metaspace       used 13472K, capacity 13820K, committed 14080K, reserved 1060864K
  class space    used 1548K, capacity 1702K, committed 1792K, reserved 1048576K
}
Event: 9.312 GC heap before
{Heap before GC invocations=2 (full 0):
 garbage-first heap   total 133120K, used 49692K [0x0000000780000000, 0x0000000800000000)
  region size 1024K, 20 young (20480K), 1 survivors (1024K)
 Metaspace       used 15800K, capacity 16184K, committed 16384K, reserved 1062912K
  class space    used 1828K, capacity 1975K, committed 2048K, reserved 1048576K
}
Event: 9.316 GC heap after
{Heap after GC invocations=3 (full 0):
 garbage-first heap   total 133120K, used 36416K [0x0000000780000000, 0x0000000800000000)
  region size 1024K, 3 young (3072K), 3 survivors (3072K)
 Metaspace       used 15800K, capacity 16184K, committed 16384K, reserved 1062912K
  class space    used 1828K, capacity 1975K, committed 2048K, reserved 1048576K
}
Event: 31.487 GC heap before
{Heap before GC invocations=3 (full 0):
 garbage-first heap   total 133120K, used 69184K [0x0000000780000000, 0x0000000800000000)
  region size 1024K, 30 young (30720K), 3 survivors (3072K)
 Metaspace       used 16801K, capacity 17227K, committed 17536K, reserved 1064960K
  class space    used 1896K, capacity 2043K, committed 2176K, reserved 1048576K
}
Event: 31.493 GC heap after
{Heap after GC invocations=4 (full 0):
 garbage-first heap   total 133120K, used 49674K [0x0000000780000000, 0x0000000800000000)
  region size 1024K, 4 young (4096K), 4 survivors (4096K)
 Metaspace       used 16801K, capacity 17227K, committed 17536K, reserved 1064960K
  class space    used 1896K, capacity 2043K, committed 2176K, reserved 1048576K
}
Event: 44.526 GC heap before
{Heap before GC invocations=4 (full 0):
 garbage-first heap   total 133120K, used 87562K [0x0000000780000000, 0x0000000800000000)
  region size 1024K, 34 young (34816K), 4 survivors (4096K)
 Metaspace       used 17101K, capacity 17483K, committed 17792K, reserved 1064960K
  class space    used 1896K, capacity 2043K, committed 2176K, reserved 1048576K
}
Event: 44.531 GC heap after
{Heap after GC invocations=5 (full 0):
 garbage-first heap   total 133120K, used 56204K [0x0000000780000000, 0x0000000800000000)
  region size 1024K, 5 young (5120K), 5 survivors (5120K)
 Metaspace       used 17101K, capacity 17483K, committed 17792K, reserved 1064960K
  class space    used 1896K, capacity 2043K, committed 2176K, reserved 1048576K
}
Event: 105.520 GC heap before
{Heap before GC invocations=5 (full 0):
 garbage-first heap   total 133120K, used 86924K [0x0000000780000000, 0x0000000800000000)
  region size 1024K, 36 young (36864K), 5 survivors (5120K)
 Metaspace       used 17279K, capacity 17681K, committed 18048K, reserved 1064960K
  class space    used 1897K, capacity 2044K, committed 2176K, reserved 1048576K
}
Event: 105.531 GC heap after
{Heap after GC invocations=6 (full 0):
 garbage-first heap   total 133120K, used 50435K [0x0000000780000000, 0x0000000800000000)
  region size 1024K, 5 young (5120K), 5 survivors (5120K)
 Metaspace       used 17279K, capacity 17681K, committed 18048K, reserved 1064960K
  class space    used 1897K, capacity 2044K, committed 2176K, reserved 1048576K
}
Event: 231.620 GC heap before
{Heap before GC invocations=6 (full 0):
 garbage-first heap   total 133120K, used 57603K [0x0000000780000000, 0x0000000800000000)
  region size 1024K, 10 young (10240K), 5 survivors (5120K)
 Metaspace       used 17353K, capacity 17745K, committed 18048K, reserved 1064960K
  class space    used 1898K, capacity 2044K, committed 2176K, reserved 1048576K
}
Event: 231.640 GC heap after
{Heap after GC invocations=7 (full 0):
 garbage-first heap   total 133120K, used 54601K [0x0000000780000000, 0x0000000800000000)
  region size 1024K, 2 young (2048K), 2 survivors (2048K)
 Metaspace       used 17353K, capacity 17745K, committed 18048K, reserved 1064960K
  class space    used 1898K, capacity 2044K, committed 2176K, reserved 1048576K
}
Event: 1853.329 GC heap before
{Heap before GC invocations=8 (full 0):
 garbage-first heap   total 133120K, used 104777K [0x0000000780000000, 0x0000000800000000)
  region size 1024K, 32 young (32768K), 2 survivors (2048K)
 Metaspace       used 17366K, capacity 17745K, committed 18048K, reserved 1064960K
  class space    used 1898K, capacity 2044K, committed 2176K, reserved 1048576K
}
Event: 1853.342 GC heap after
{Heap after GC invocations=9 (full 0):
 garbage-first heap   total 133120K, used 77521K [0x0000000780000000, 0x0000000800000000)
  region size 1024K, 4 young (4096K), 4 survivors (4096K)
 Metaspace       used 17366K, capacity 17745K, committed 18048K, reserved 1064960K
  class space    used 1898K, capacity 2044K, committed 2176K, reserved 1048576K
}
Event: 1978.222 GC heap before
{Heap before GC invocations=9 (full 0):
 garbage-first heap   total 133120K, used 79569K [0x0000000780000000, 0x0000000800000000)
  region size 1024K, 6 young (6144K), 4 survivors (4096K)
 Metaspace       used 17366K, capacity 17745K, committed 18048K, reserved 1064960K
  class space    used 1898K, capacity 2044K, committed 2176K, reserved 1048576K
}
Event: 1978.239 GC heap after
{Heap after GC invocations=10 (full 0):
 garbage-first heap   total 133120K, used 35560K [0x0000000780000000, 0x0000000800000000)
  region size 1024K, 1 young (1024K), 1 survivors (1024K)
 Metaspace       used 17366K, capacity 17745K, committed 18048K, reserved 1064960K
  class space    used 1898K, capacity 2044K, committed 2176K, reserved 1048576K
}

Deoptimization events (20 events):
Event: 3576.093 Thread 0x00007ff4a29ff800 Uncommon trap: trap_request=0xffffffde fr.pc=0x0000000115b62a80 relative=0x00000000000000e0
Event: 3576.093 Thread 0x00007ff4a29ff800 Uncommon trap: reason=class_check action=maybe_recompile pc=0x0000000115b62a80 method=sun.java2d.loops.SurfaceType.pixelFor(ILjava/awt/image/ColorModel;)I @ 6 c2
Event: 3576.093 Thread 0x00007ff4a29ff800 DEOPT PACKING pc=0x0000000115b62a80 sp=0x00007000090d39e0
Event: 3576.093 Thread 0x00007ff4a29ff800 DEOPT UNPACKING pc=0x000000010dfbce25 sp=0x00007000090d3910 mode 2
Event: 3576.093 Thread 0x00007ff4a29ff800 Uncommon trap: trap_request=0xffffffde fr.pc=0x0000000115b62a80 relative=0x00000000000000e0
Event: 3576.093 Thread 0x00007ff4a29ff800 Uncommon trap: reason=class_check action=maybe_recompile pc=0x0000000115b62a80 method=sun.java2d.loops.SurfaceType.pixelFor(ILjava/awt/image/ColorModel;)I @ 6 c2
Event: 3576.093 Thread 0x00007ff4a29ff800 DEOPT PACKING pc=0x0000000115b62a80 sp=0x00007000090d39e0
Event: 3576.093 Thread 0x00007ff4a29ff800 DEOPT UNPACKING pc=0x000000010dfbce25 sp=0x00007000090d3910 mode 2
Event: 3576.094 Thread 0x00007ff4a29ff800 Uncommon trap: trap_request=0xffffffde fr.pc=0x0000000115b62a80 relative=0x00000000000000e0
Event: 3576.094 Thread 0x00007ff4a29ff800 Uncommon trap: reason=class_check action=maybe_recompile pc=0x0000000115b62a80 method=sun.java2d.loops.SurfaceType.pixelFor(ILjava/awt/image/ColorModel;)I @ 6 c2
Event: 3576.094 Thread 0x00007ff4a29ff800 DEOPT PACKING pc=0x0000000115b62a80 sp=0x00007000090d3970
Event: 3576.094 Thread 0x00007ff4a29ff800 DEOPT UNPACKING pc=0x000000010dfbce25 sp=0x00007000090d38a0 mode 2
Event: 3576.094 Thread 0x00007ff4a29ff800 Uncommon trap: trap_request=0xffffff45 fr.pc=0x0000000115c0f604 relative=0x00000000000008a4
Event: 3576.094 Thread 0x00007ff4a29ff800 Uncommon trap: reason=unstable_if action=reinterpret pc=0x0000000115c0f604 method=sun.java2d.SunGraphics2D.setComposite(Ljava/awt/Composite;)V @ 39 c2
Event: 3576.094 Thread 0x00007ff4a29ff800 DEOPT PACKING pc=0x0000000115c0f604 sp=0x00007000090d3a10
Event: 3576.094 Thread 0x00007ff4a29ff800 DEOPT UNPACKING pc=0x000000010dfbce25 sp=0x00007000090d39b8 mode 2
Event: 3576.094 Thread 0x00007ff4a29ff800 Uncommon trap: trap_request=0xffffffde fr.pc=0x0000000115ca47a8 relative=0x00000000000017a8
Event: 3576.094 Thread 0x00007ff4a29ff800 Uncommon trap: reason=class_check action=maybe_recompile pc=0x0000000115ca47a8 method=sun.java2d.SunGraphics2D.getDefaultTransform()Ljava/awt/geom/AffineTransform; @ 20 c2
Event: 3576.094 Thread 0x00007ff4a29ff800 DEOPT PACKING pc=0x0000000115ca47a8 sp=0x00007000090d3bc0
Event: 3576.094 Thread 0x00007ff4a29ff800 DEOPT UNPACKING pc=0x000000010dfbce25 sp=0x00007000090d3b40 mode 2

Classes unloaded (0 events):
No events

Classes redefined (0 events):
No events

Internal exceptions (20 events):
Event: 0.853 Thread 0x00007ff4a2002000 Exception <a 'java/lang/NoSuchMethodError'{0x0000000787c6c978}: 'java.lang.Object java.lang.invoke.DirectMethodHandle$Holder.invokeSpecial(java.lang.Object, java.lang.Object, int, java.lang.Object, java.lang.Object, java.lang.Object)'> (0x0000000787c6c978) 
thrown [/scratch/mesos/slaves/fcf4c0c4-d73e-4321-860c-6613427db92b-S1400/frameworks/1735e8a2-a1db-478c-8104-60c8b0af87dd-0196/executors/daacdadf-a1b9-40bc-9978-e61e217c02bb/runs/8ae9fce2-2d0e-4b1f-b6c6-d913bc747292/workspace/open/src/hotspot/share/inter
Event: 0.860 Thread 0x00007ff4a2002000 Exception <a 'java/lang/NoSuchMethodError'{0x0000000787c82c70}: 'java.lang.Object java.lang.invoke.DirectMethodHandle$Holder.invokeStatic(java.lang.Object, int, java.lang.Object)'> (0x0000000787c82c70) 
thrown [/scratch/mesos/slaves/fcf4c0c4-d73e-4321-860c-6613427db92b-S1400/frameworks/1735e8a2-a1db-478c-8104-60c8b0af87dd-0196/executors/daacdadf-a1b9-40bc-9978-e61e217c02bb/runs/8ae9fce2-2d0e-4b1f-b6c6-d913bc747292/workspace/open/src/hotspot/share/interpreter/linkResolver.cpp, line 767]
Event: 0.866 Thread 0x00007ff4a2002000 Exception <a 'java/lang/ClassNotFoundException'{0x0000000787caf698}: com/apple/laf/resources/spi/aquaProvider> (0x0000000787caf698) 
thrown [/scratch/mesos/slaves/fcf4c0c4-d73e-4321-860c-6613427db92b-S1400/frameworks/1735e8a2-a1db-478c-8104-60c8b0af87dd-0196/executors/daacdadf-a1b9-40bc-9978-e61e217c02bb/runs/8ae9fce2-2d0e-4b1f-b6c6-d913bc747292/workspace/open/src/hotspot/share/classfile/systemDictionary.cpp, line 232]
Event: 0.885 Thread 0x00007ff4a2002000 Exception <a 'java/lang/ClassNotFoundException'{0x0000000787b128c0}: com/sun/swing/internal/plaf/basic/resources/spi/basicProvider> (0x0000000787b128c0) 
thrown [/scratch/mesos/slaves/fcf4c0c4-d73e-4321-860c-6613427db92b-S1400/frameworks/1735e8a2-a1db-478c-8104-60c8b0af87dd-0196/executors/daacdadf-a1b9-40bc-9978-e61e217c02bb/runs/8ae9fce2-2d0e-4b1f-b6c6-d913bc747292/workspace/open/src/hotspot/share/classfile/systemDictionary.cpp, line 232]
Event: 0.913 Thread 0x00007ff4a2002000 Exception <a 'java/lang/NoSuchMethodError'{0x0000000787b61838}: 'int java.lang.invoke.DirectMethodHandle$Holder.invokeSpecialIFC(java.lang.Object, java.lang.Object, int)'> (0x0000000787b61838) 
thrown [/scratch/mesos/slaves/fcf4c0c4-d73e-4321-860c-6613427db92b-S1400/frameworks/1735e8a2-a1db-478c-8104-60c8b0af87dd-0196/executors/daacdadf-a1b9-40bc-9978-e61e217c02bb/runs/8ae9fce2-2d0e-4b1f-b6c6-d913bc747292/workspace/open/src/hotspot/share/interpreter/linkResolver.cpp, line 767]
Event: 1.841 Thread 0x00007ff4a2002000 Exception <a 'java/lang/NoSuchMethodError'{0x0000000787aadec0}: 'java.lang.Object java.lang.invoke.Invokers$Holder.linkToTargetMethod(java.lang.Object, java.lang.Object, int, java.lang.Object, java.lang.Object)'> (0x0000000787aadec0) 
thrown [/scratch/mesos/slaves/fcf4c0c4-d73e-4321-860c-6613427db92b-S1400/frameworks/1735e8a2-a1db-478c-8104-60c8b0af87dd-0196/executors/daacdadf-a1b9-40bc-9978-e61e217c02bb/runs/8ae9fce2-2d0e-4b1f-b6c6-d913bc747292/workspace/open/src/hotspot/share/interpreter/linkResolver.cpp
Event: 1.859 Thread 0x00007ff4a2002000 Exception <a 'java/lang/NoSuchMethodError'{0x0000000787ab1600}: 'void java.lang.invoke.DirectMethodHandle$Holder.invokeStatic(java.lang.Object, int, long)'> (0x0000000787ab1600) 
thrown [/scratch/mesos/slaves/fcf4c0c4-d73e-4321-860c-6613427db92b-S1400/frameworks/1735e8a2-a1db-478c-8104-60c8b0af87dd-0196/executors/daacdadf-a1b9-40bc-9978-e61e217c02bb/runs/8ae9fce2-2d0e-4b1f-b6c6-d913bc747292/workspace/open/src/hotspot/share/interpreter/linkResolver.cpp, line 767]
Event: 1.861 Thread 0x00007ff4a2002000 Exception <a 'java/lang/NoSuchMethodError'{0x0000000787ab8900}: 'void java.lang.invoke.DirectMethodHandle$Holder.invokeSpecial(java.lang.Object, java.lang.Object)'> (0x0000000787ab8900) 
thrown [/scratch/mesos/slaves/fcf4c0c4-d73e-4321-860c-6613427db92b-S1400/frameworks/1735e8a2-a1db-478c-8104-60c8b0af87dd-0196/executors/daacdadf-a1b9-40bc-9978-e61e217c02bb/runs/8ae9fce2-2d0e-4b1f-b6c6-d913bc747292/workspace/open/src/hotspot/share/interpreter/linkResolver.cpp, line 767]
Event: 1.865 Thread 0x00007ff4a2002000 Exception <a 'java/lang/NoSuchMethodError'{0x0000000787ac94a8}: 'java.lang.Object java.lang.invoke.Invokers$Holder.linkToTargetMethod(int, int, int, int, java.lang.Object)'> (0x0000000787ac94a8) 
thrown [/scratch/mesos/slaves/fcf4c0c4-d73e-4321-860c-6613427db92b-S1400/frameworks/1735e8a2-a1db-478c-8104-60c8b0af87dd-0196/executors/daacdadf-a1b9-40bc-9978-e61e217c02bb/runs/8ae9fce2-2d0e-4b1f-b6c6-d913bc747292/workspace/open/src/hotspot/share/interpreter/linkResolver.cpp, line 767]
Event: 1.866 Thread 0x00007ff4a2002000 Exception <a 'java/lang/NoSuchMethodError'{0x0000000787acc140}: 'void java.lang.invoke.DirectMethodHandle$Holder.invokeStatic(java.lang.Object, java.lang.Object, long)'> (0x0000000787acc140) 
thrown [/scratch/mesos/slaves/fcf4c0c4-d73e-4321-860c-6613427db92b-S1400/frameworks/1735e8a2-a1db-478c-8104-60c8b0af87dd-0196/executors/daacdadf-a1b9-40bc-9978-e61e217c02bb/runs/8ae9fce2-2d0e-4b1f-b6c6-d913bc747292/workspace/open/src/hotspot/share/interpreter/linkResolver.cpp, line 767]
Event: 1.874 Thread 0x00007ff4a10f9000 Exception <a 'java/lang/NoSuchMethodError'{0x0000000787956690}: 'void java.lang.invoke.DirectMethodHandle$Holder.invokeSpecial(java.lang.Object, java.lang.Object, long)'> (0x0000000787956690) 
thrown [/scratch/mesos/slaves/fcf4c0c4-d73e-4321-860c-6613427db92b-S1400/frameworks/1735e8a2-a1db-478c-8104-60c8b0af87dd-0196/executors/daacdadf-a1b9-40bc-9978-e61e217c02bb/runs/8ae9fce2-2d0e-4b1f-b6c6-d913bc747292/workspace/open/src/hotspot/share/interpreter/linkResolver.cpp, line 767]
Event: 1.895 Thread 0x00007ff4a2002000 Exception <a 'java/lang/NoSuchMethodError'{0x0000000787999100}: 'void java.lang.invoke.DirectMethodHandle$Holder.invokeStatic(java.lang.Object, long, long)'> (0x0000000787999100) 
thrown [/scratch/mesos/slaves/fcf4c0c4-d73e-4321-860c-6613427db92b-S1400/frameworks/1735e8a2-a1db-478c-8104-60c8b0af87dd-0196/executors/daacdadf-a1b9-40bc-9978-e61e217c02bb/runs/8ae9fce2-2d0e-4b1f-b6c6-d913bc747292/workspace/open/src/hotspot/share/interpreter/linkResolver.cpp, line 767]
Event: 1.897 Thread 0x00007ff4a2002000 Exception <a 'java/lang/NoSuchMethodError'{0x00000007879a4488}: 'java.lang.Object java.lang.invoke.Invokers$Holder.linkToTargetMethod(java.lang.Object, int, java.lang.Object)'> (0x00000007879a4488) 
thrown [/scratch/mesos/slaves/fcf4c0c4-d73e-4321-860c-6613427db92b-S1400/frameworks/1735e8a2-a1db-478c-8104-60c8b0af87dd-0196/executors/daacdadf-a1b9-40bc-9978-e61e217c02bb/runs/8ae9fce2-2d0e-4b1f-b6c6-d913bc747292/workspace/open/src/hotspot/share/interpreter/linkResolver.cpp, line 767]
Event: 3.995 Thread 0x00007ff4a29ff800 Exception <a 'java/lang/NoSuchMethodError'{0x000000078750b440}: 'java.lang.Object java.lang.invoke.DirectMethodHandle$Holder.invokeVirtual(java.lang.Object, java.lang.Object, java.lang.Object)'> (0x000000078750b440) 
thrown [/scratch/mesos/slaves/fcf4c0c4-d73e-4321-860c-6613427db92b-S1400/frameworks/1735e8a2-a1db-478c-8104-60c8b0af87dd-0196/executors/daacdadf-a1b9-40bc-9978-e61e217c02bb/runs/8ae9fce2-2d0e-4b1f-b6c6-d913bc747292/workspace/open/src/hotspot/share/interpreter/linkResolver.cpp, line 767]
Event: 4.493 Thread 0x00007ff4a29ff800 Implicit null exception at 0x0000000115aad615 to 0x0000000115aad7d2
Event: 6.596 Thread 0x00007ff4a29ff800 Implicit null exception at 0x0000000115a95be4 to 0x0000000115a960fa
Event: 6.596 Thread 0x00007ff4a29ff800 Implicit null exception at 0x0000000115a93f64 to 0x0000000115a9448e
Event: 21.279 Thread 0x00007ff4a29ff800 Implicit null exception at 0x0000000115af20f9 to 0x0000000115af21c6
Event: 230.920 Thread 0x00007ff4a10f9000 Implicit null exception at 0x0000000115b89568 to 0x0000000115b8b7e2
Event: 231.646 Thread 0x00007ff4a29ff800 Implicit null exception at 0x0000000115b2ffb6 to 0x0000000115b301a2

Events (20 events):
Event: 1395.283 Thread 0x00007ff4a10c3000 flushing nmethod 0x000000010eafbb10
Event: 1395.283 Thread 0x00007ff4a10c3000 flushing nmethod 0x000000010eb11110
Event: 1395.283 Thread 0x00007ff4a10c3000 flushing nmethod 0x000000010eb99010
Event: 1395.284 Thread 0x00007ff4a10c3000 flushing nmethod 0x000000010ec79690
Event: 1853.329 Executing VM operation: G1CollectForAllocation
Event: 1853.342 Executing VM operation: G1CollectForAllocation done
Event: 1853.347 Loaded shared library /Library/Java/JavaVirtualMachines/openjdk-13.0.1.jdk/Contents/Home/lib/libawt.dylib
Event: 1853.348 Loaded shared library /Library/Java/JavaVirtualMachines/openjdk-13.0.1.jdk/Contents/Home/lib/libawt.dylib
Event: 1853.348 Loaded shared library /Library/Java/JavaVirtualMachines/openjdk-13.0.1.jdk/Contents/Home/lib/libawt.dylib
Event: 1853.348 Loaded shared library /Library/Java/JavaVirtualMachines/openjdk-13.0.1.jdk/Contents/Home/lib/libawt.dylib
Event: 1978.222 Executing VM operation: G1CollectForAllocation
Event: 1978.239 Executing VM operation: G1CollectForAllocation done
Event: 3576.074 loading class javax/swing/RepaintManager$DoubleBufferInfo
Event: 3576.074 loading class javax/swing/RepaintManager$DoubleBufferInfo done
Event: 3576.080 loading class sun/awt/image/OffScreenImage
Event: 3576.081 loading class sun/awt/image/OffScreenImage done
Event: 3576.081 Executing VM operation: Deoptimize
Event: 3576.092 Executing VM operation: Deoptimize done
Event: 3577.280 Executing VM operation: BulkRevokeBias
Event: 3577.280 Executing VM operation: BulkRevokeBias done


Dynamic libraries:
0x00007fff5e6c9000 	/usr/lib/libz.1.dylib
0x00000001003d5000 	/Library/Java/JavaVirtualMachines/openjdk-13.0.1.jdk/Contents/Home/lib/libjli.dylib
0x00007fff32805000 	/System/Library/Frameworks/Cocoa.framework/Versions/A/Cocoa
0x00007fff3e5b2000 	/System/Library/Frameworks/Security.framework/Versions/A/Security
0x00007fff31498000 	/System/Library/Frameworks/ApplicationServices.framework/Versions/A/ApplicationServices
0x00007fff5c020000 	/usr/lib/libSystem.B.dylib
0x00007fff5eebf000 	/usr/lib/system/libcache.dylib
0x00007fff5eec4000 	/usr/lib/system/libcommonCrypto.dylib
0x00007fff5eecf000 	/usr/lib/system/libcompiler_rt.dylib
0x00007fff5eed7000 	/usr/lib/system/libcopyfile.dylib
0x00007fff5eee1000 	/usr/lib/system/libcorecrypto.dylib
0x00007fff5efec000 	/usr/lib/system/libdispatch.dylib
0x00007fff5f026000 	/usr/lib/system/libdyld.dylib
0x00007fff5f053000 	/usr/lib/system/libkeymgr.dylib
0x00007fff5f061000 	/usr/lib/system/liblaunch.dylib
0x00007fff5f062000 	/usr/lib/system/libmacho.dylib
0x00007fff5f068000 	/usr/lib/system/libquarantine.dylib
0x00007fff5f06b000 	/usr/lib/system/libremovefile.dylib
0x00007fff5f06d000 	/usr/lib/system/libsystem_asl.dylib
0x00007fff5f085000 	/usr/lib/system/libsystem_blocks.dylib
0x00007fff5f086000 	/usr/lib/system/libsystem_c.dylib
0x00007fff5f10e000 	/usr/lib/system/libsystem_configuration.dylib
0x00007fff5f112000 	/usr/lib/system/libsystem_coreservices.dylib
0x00007fff5f116000 	/usr/lib/system/libsystem_darwin.dylib
0x00007fff5f11d000 	/usr/lib/system/libsystem_dnssd.dylib
0x00007fff5f124000 	/usr/lib/system/libsystem_info.dylib
0x00007fff5f199000 	/usr/lib/system/libsystem_m.dylib
0x00007fff5f1e5000 	/usr/lib/system/libsystem_malloc.dylib
0x00007fff5f210000 	/usr/lib/system/libsystem_networkextension.dylib
0x00007fff5f21b000 	/usr/lib/system/libsystem_notify.dylib
0x00007fff5f238000 	/usr/lib/system/libsystem_sandbox.dylib
0x00007fff5f23c000 	/usr/lib/system/libsystem_secinit.dylib
0x00007fff5f170000 	/usr/lib/system/libsystem_kernel.dylib
0x00007fff5f223000 	/usr/lib/system/libsystem_platform.dylib
0x00007fff5f22d000 	/usr/lib/system/libsystem_pthread.dylib
0x00007fff5f23f000 	/usr/lib/system/libsystem_symptoms.dylib
0x00007fff5f247000 	/usr/lib/system/libsystem_trace.dylib
0x00007fff5f25e000 	/usr/lib/system/libunwind.dylib
0x00007fff5f264000 	/usr/lib/system/libxpc.dylib
0x00007fff5d859000 	/usr/lib/libobjc.A.dylib
0x00007fff5c2b9000 	/usr/lib/libc++abi.dylib
0x00007fff5c265000 	/usr/lib/libc++.1.dylib
0x00007fff3307a000 	/System/Library/Frameworks/CoreFoundation.framework/Versions/A/CoreFoundation
0x00007fff352fe000 	/System/Library/Frameworks/Foundation.framework/Versions/C/Foundation
0x00007fff30691000 	/System/Library/Frameworks/AppKit.framework/Versions/C/AppKit
0x00007fff32c03000 	/System/Library/Frameworks/CoreData.framework/Versions/A/CoreData
0x00007fff55ae5000 	/System/Library/PrivateFrameworks/RemoteViewServices.framework/Versions/A/RemoteViewServices
0x00007fff59d5c000 	/System/Library/PrivateFrameworks/UIFoundation.framework/Versions/A/UIFoundation
0x00007fff5b441000 	/System/Library/PrivateFrameworks/XCTTargetBootstrap.framework/Versions/A/XCTTargetBootstrap
0x00007fff32f89000 	/System/Library/Frameworks/CoreDisplay.framework/Versions/A/CoreDisplay
0x00007fff507fa000 	/System/Library/PrivateFrameworks/IconServices.framework/Versions/A/IconServices
0x00007fff37c1f000 	/System/Library/Frameworks/Metal.framework/Versions/A/Metal
0x00007fff47d3d000 	/System/Library/PrivateFrameworks/DesktopServicesPriv.framework/Versions/A/DesktopServicesPriv
0x00007fff5cbbc000 	/usr/lib/libenergytrace.dylib
0x00007fff58243000 	/System/Library/PrivateFrameworks/SkyLight.framework/Versions/A/SkyLight
0x00007fff334c1000 	/System/Library/Frameworks/CoreGraphics.framework/Versions/A/CoreGraphics
0x00007fff2f45d000 	/System/Library/Frameworks/Accelerate.framework/Versions/A/Accelerate
0x00007fff35a47000 	/System/Library/Frameworks/IOSurface.framework/Versions/A/IOSurface
0x00007fff47ba9000 	/System/Library/PrivateFrameworks/DFRFoundation.framework/Versions/A/DFRFoundation
0x00007fff3197b000 	/System/Library/Frameworks/AudioToolbox.framework/Versions/A/AudioToolbox
0x00007fff31bf4000 	/System/Library/Frameworks/AudioUnit.framework/Versions/A/AudioUnit
0x00007fff47c3e000 	/System/Library/PrivateFrameworks/DataDetectorsCore.framework/Versions/A/DataDetectorsCore
0x00007fff32308000 	/System/Library/Frameworks/Carbon.framework/Versions/A/Frameworks/HIToolbox.framework/Versions/A/HIToolbox
0x00007fff5cd15000 	/usr/lib/libicucore.A.dylib
0x00007fff3db25000 	/System/Library/Frameworks/QuartzCore.framework/Versions/A/QuartzCore
0x00007fff326dd000 	/System/Library/Frameworks/Carbon.framework/Versions/A/Frameworks/SpeechRecognition.framework/Versions/A/SpeechRecognition
0x00007fff5c174000 	/usr/lib/libauto.dylib
0x00007fff5e5bc000 	/usr/lib/libxml2.2.dylib
0x00007fff47784000 	/System/Library/PrivateFrameworks/CoreUI.framework/Versions/A/CoreUI
0x00007fff32aee000 	/System/Library/Frameworks/CoreAudio.framework/Versions/A/CoreAudio
0x00007fff35133000 	/System/Library/Frameworks/DiskArbitration.framework/Versions/A/DiskArbitration
0x00007fff5cfc3000 	/usr/lib/liblangid.dylib
0x00007fff51c2a000 	/System/Library/PrivateFrameworks/MultitouchSupport.framework/Versions/A/MultitouchSupport
0x00007fff359b6000 	/System/Library/Frameworks/IOKit.framework/Versions/A/IOKit
0x00007fff5bbe0000 	/usr/lib/libDiagnosticMessagesClient.dylib
0x00007fff342d1000 	/System/Library/Frameworks/CoreServices.framework/Versions/A/CoreServices
0x00007fff538e4000 	/System/Library/PrivateFrameworks/PerformanceAnalysis.framework/Versions/A/PerformanceAnalysis
0x00007fff3cd0c000 	/System/Library/Frameworks/OpenGL.framework/Versions/A/OpenGL
0x00007fff32813000 	/System/Library/Frameworks/ColorSync.framework/Versions/A/ColorSync
0x00007fff33b53000 	/System/Library/Frameworks/CoreImage.framework/Versions/A/CoreImage
0x00007fff34ca9000 	/System/Library/Frameworks/CoreText.framework/Versions/A/CoreText
0x00007fff35aaa000 	/System/Library/Frameworks/ImageIO.framework/Versions/A/ImageIO
0x00007fff43dd6000 	/System/Library/PrivateFrameworks/Backup.framework/Versions/A/Backup
0x00007fff5c0c7000 	/usr/lib/libarchive.2.dylib
0x00007fff31f4d000 	/System/Library/Frameworks/CFNetwork.framework/Versions/A/CFNetwork
0x00007fff3ed0e000 	/System/Library/Frameworks/SystemConfiguration.framework/Versions/A/SystemConfiguration
0x00007fff5bb11000 	/usr/lib/libCRFSuite.dylib
0x00007fff5c246000 	/usr/lib/libbsm.0.dylib
0x00007fff5f054000 	/usr/lib/system/libkxld.dylib
0x00007fff431c7000 	/System/Library/PrivateFrameworks/AppleFSCompression.framework/Versions/A/AppleFSCompression
0x00007fff5bee0000 	/usr/lib/libOpenScriptingUtil.dylib
0x00007fff5c56e000 	/usr/lib/libcoretls.dylib
0x00007fff5c585000 	/usr/lib/libcoretls_cfhelpers.dylib
0x00007fff5dff0000 	/usr/lib/libpam.2.dylib
0x00007fff5e1b0000 	/usr/lib/libsqlite3.dylib
0x00007fff5e5aa000 	/usr/lib/libxar.1.dylib
0x00007fff5c257000 	/usr/lib/libbz2.1.0.dylib
0x00007fff5cfc5000 	/usr/lib/liblzma.5.dylib
0x00007fff5d476000 	/usr/lib/libnetwork.dylib
0x00007fff5c0b0000 	/usr/lib/libapple_nghttp2.dylib
0x00007fff5dff7000 	/usr/lib/libpcap.A.dylib
0x00007fff34670000 	/System/Library/Frameworks/CoreServices.framework/Versions/A/Frameworks/FSEvents.framework/Versions/A/FSEvents
0x00007fff3434f000 	/System/Library/Frameworks/CoreServices.framework/Versions/A/Frameworks/CarbonCore.framework/Versions/A/CarbonCore
0x00007fff3482b000 	/System/Library/Frameworks/CoreServices.framework/Versions/A/Frameworks/Metadata.framework/Versions/A/Metadata
0x00007fff348ca000 	/System/Library/Frameworks/CoreServices.framework/Versions/A/Frameworks/OSServices.framework/Versions/A/OSServices
0x00007fff34915000 	/System/Library/Frameworks/CoreServices.framework/Versions/A/Frameworks/SearchKit.framework/Versions/A/SearchKit
0x00007fff342d2000 	/System/Library/Frameworks/CoreServices.framework/Versions/A/Frameworks/AE.framework/Versions/A/AE
0x00007fff34679000 	/System/Library/Frameworks/CoreServices.framework/Versions/A/Frameworks/LaunchServices.framework/Versions/A/LaunchServices
0x00007fff34627000 	/System/Library/Frameworks/CoreServices.framework/Versions/A/Frameworks/DictionaryServices.framework/Versions/A/DictionaryServices
0x00007fff3497d000 	/System/Library/Frameworks/CoreServices.framework/Versions/A/Frameworks/SharedFileList.framework/Versions/A/SharedFileList
0x00007fff38ce7000 	/System/Library/Frameworks/NetFS.framework/Versions/A/NetFS
0x00007fff51e90000 	/System/Library/PrivateFrameworks/NetAuth.framework/Versions/A/NetAuth
0x00007fff5b845000 	/System/Library/PrivateFrameworks/login.framework/Versions/A/Frameworks/loginsupport.framework/Versions/A/loginsupport
0x00007fff59965000 	/System/Library/PrivateFrameworks/TCC.framework/Versions/A/TCC
0x00007fff46de1000 	/System/Library/PrivateFrameworks/CoreNLP.framework/Versions/A/CoreNLP
0x00007fff51900000 	/System/Library/PrivateFrameworks/MetadataUtilities.framework/Versions/A/MetadataUtilities
0x00007fff5d09a000 	/usr/lib/libmecabra.dylib
0x00007fff31499000 	/System/Library/Frameworks/ApplicationServices.framework/Versions/A/Frameworks/ATS.framework/Versions/A/ATS
0x00007fff317e8000 	/System/Library/Frameworks/ApplicationServices.framework/Versions/A/Frameworks/ColorSyncLegacy.framework/Versions/A/ColorSyncLegacy
0x00007fff31887000 	/System/Library/Frameworks/ApplicationServices.framework/Versions/A/Frameworks/HIServices.framework/Versions/A/HIServices
0x00007fff318da000 	/System/Library/Frameworks/ApplicationServices.framework/Versions/A/Frameworks/LangAnalysis.framework/Versions/A/LangAnalysis
0x00007fff318ea000 	/System/Library/Frameworks/ApplicationServices.framework/Versions/A/Frameworks/PrintCore.framework/Versions/A/PrintCore
0x00007fff31934000 	/System/Library/Frameworks/ApplicationServices.framework/Versions/A/Frameworks/QD.framework/Versions/A/QD
0x00007fff3196e000 	/System/Library/Frameworks/ApplicationServices.framework/Versions/A/Frameworks/SpeechSynthesis.framework/Versions/A/SpeechSynthesis
0x00007fff5c2e1000 	/usr/lib/libcompression.dylib
0x00007fff37eef000 	/System/Library/Frameworks/MetalPerformanceShaders.framework/Versions/A/MetalPerformanceShaders
0x00007fff2f475000 	/System/Library/Frameworks/Accelerate.framework/Versions/A/Frameworks/vImage.framework/Versions/A/vImage
0x00007fff304ef000 	/System/Library/Frameworks/Accelerate.framework/Versions/A/Frameworks/vecLib.framework/Versions/A/vecLib
0x00007fff3043b000 	/System/Library/Frameworks/Accelerate.framework/Versions/A/Frameworks/vecLib.framework/Versions/A/libvMisc.dylib
0x00007fff30253000 	/System/Library/Frameworks/Accelerate.framework/Versions/A/Frameworks/vecLib.framework/Versions/A/libvDSP.dylib
0x00007fff2fb0f000 	/System/Library/Frameworks/Accelerate.framework/Versions/A/Frameworks/vecLib.framework/Versions/A/libBLAS.dylib
0x00007fff2fdfc000 	/System/Library/Frameworks/Accelerate.framework/Versions/A/Frameworks/vecLib.framework/Versions/A/libLAPACK.dylib
0x00007fff301a6000 	/System/Library/Frameworks/Accelerate.framework/Versions/A/Frameworks/vecLib.framework/Versions/A/libLinearAlgebra.dylib
0x00007fff3023f000 	/System/Library/Frameworks/Accelerate.framework/Versions/A/Frameworks/vecLib.framework/Versions/A/libSparseBLAS.dylib
0x00007fff301bc000 	/System/Library/Frameworks/Accelerate.framework/Versions/A/Frameworks/vecLib.framework/Versions/A/libQuadrature.dylib
0x00007fff2fd89000 	/System/Library/Frameworks/Accelerate.framework/Versions/A/Frameworks/vecLib.framework/Versions/A/libBNNS.dylib
0x00007fff301c2000 	/System/Library/Frameworks/Accelerate.framework/Versions/A/Frameworks/vecLib.framework/Versions/A/libSparse.dylib
0x00007fff4e12f000 	/System/Library/PrivateFrameworks/GPUWrangler.framework/Versions/A/GPUWrangler
0x00007fff5042f000 	/System/Library/PrivateFrameworks/IOAccelerator.framework/Versions/A/IOAccelerator
0x00007fff5043a000 	/System/Library/PrivateFrameworks/IOPresentment.framework/Versions/A/IOPresentment
0x00007fff47bb9000 	/System/Library/PrivateFrameworks/DSExternalDisplay.framework/Versions/A/DSExternalDisplay
0x00007fff3c163000 	/System/Library/Frameworks/OpenGL.framework/Versions/A/Libraries/libCoreFSCache.dylib
0x00007fff37ce3000 	/System/Library/Frameworks/MetalPerformanceShaders.framework/Frameworks/MPSCore.framework/Versions/A/MPSCore
0x00007fff37d03000 	/System/Library/Frameworks/MetalPerformanceShaders.framework/Frameworks/MPSImage.framework/Versions/A/MPSImage
0x00007fff37da8000 	/System/Library/Frameworks/MetalPerformanceShaders.framework/Frameworks/MPSNeuralNetwork.framework/Versions/A/MPSNeuralNetwork
0x00007fff37d80000 	/System/Library/Frameworks/MetalPerformanceShaders.framework/Frameworks/MPSMatrix.framework/Versions/A/MPSMatrix
0x00007fff37ed4000 	/System/Library/Frameworks/MetalPerformanceShaders.framework/Frameworks/MPSRayIntersector.framework/Versions/A/MPSRayIntersector
0x00007fff51929000 	/System/Library/PrivateFrameworks/MetalTools.framework/Versions/A/MetalTools
0x00007fff42a71000 	/System/Library/PrivateFrameworks/AggregateDictionary.framework/Versions/A/AggregateDictionary
0x00007fff5bec0000 	/usr/lib/libMobileGestalt.dylib
0x00007fff34e0c000 	/System/Library/Frameworks/CoreVideo.framework/Versions/A/CoreVideo
0x00007fff4ef40000 	/System/Library/PrivateFrameworks/GraphVisualizer.framework/Versions/A/GraphVisualizer
0x00007fff48dbf000 	/System/Library/PrivateFrameworks/FaceCore.framework/Versions/A/FaceCore
0x00007fff3b791000 	/System/Library/Frameworks/OpenCL.framework/Versions/A/OpenCL
0x00007fff5bc18000 	/usr/lib/libFosl_dynamic.dylib
0x00007fff526fb000 	/System/Library/PrivateFrameworks/OTSVG.framework/Versions/A/OTSVG
0x00007fff3159d000 	/System/Library/Frameworks/ApplicationServices.framework/Versions/A/Frameworks/ATS.framework/Versions/A/Resources/libFontParser.dylib
0x00007fff316b5000 	/System/Library/Frameworks/ApplicationServices.framework/Versions/A/Frameworks/ATS.framework/Versions/A/Resources/libFontRegistry.dylib
0x00007fff35d18000 	/System/Library/Frameworks/ImageIO.framework/Versions/A/Resources/libJPEG.dylib
0x00007fff3602a000 	/System/Library/Frameworks/ImageIO.framework/Versions/A/Resources/libTIFF.dylib
0x00007fff36000000 	/System/Library/Frameworks/ImageIO.framework/Versions/A/Resources/libPng.dylib
0x00007fff35c36000 	/System/Library/Frameworks/ImageIO.framework/Versions/A/Resources/libGIF.dylib
0x00007fff35c3b000 	/System/Library/Frameworks/ImageIO.framework/Versions/A/Resources/libJP2.dylib
0x00007fff36027000 	/System/Library/Frameworks/ImageIO.framework/Versions/A/Resources/libRadiance.dylib
0x00007fff4331e000 	/System/Library/PrivateFrameworks/AppleJPEG.framework/Versions/A/AppleJPEG
0x00007fff3c16e000 	/System/Library/Frameworks/OpenGL.framework/Versions/A/Libraries/libGFXShared.dylib
0x00007fff3c331000 	/System/Library/Frameworks/OpenGL.framework/Versions/A/Libraries/libGLU.dylib
0x00007fff3c177000 	/System/Library/Frameworks/OpenGL.framework/Versions/A/Libraries/libGL.dylib
0x00007fff3c183000 	/System/Library/Frameworks/OpenGL.framework/Versions/A/Libraries/libGLImage.dylib
0x00007fff3c160000 	/System/Library/Frameworks/OpenGL.framework/Versions/A/Libraries/libCVMSPluginSupport.dylib
0x00007fff3c169000 	/System/Library/Frameworks/OpenGL.framework/Versions/A/Libraries/libCoreVMClient.dylib
0x00007fff5ca32000 	/usr/lib/libcups.2.dylib
0x00007fff371ea000 	/System/Library/Frameworks/Kerberos.framework/Versions/A/Kerberos
0x00007fff3571a000 	/System/Library/Frameworks/GSS.framework/Versions/A/GSS
0x00007fff5e145000 	/usr/lib/libresolv.9.dylib
0x00007fff5cc24000 	/usr/lib/libiconv.2.dylib
0x00007fff4f0b5000 	/System/Library/PrivateFrameworks/Heimdal.framework/Versions/A/Heimdal
0x00007fff5cbf4000 	/usr/lib/libheimdal-asn1.dylib
0x00007fff3b805000 	/System/Library/Frameworks/OpenDirectory.framework/Versions/A/OpenDirectory
0x00007fff45b44000 	/System/Library/PrivateFrameworks/CommonAuth.framework/Versions/A/CommonAuth
0x00007fff3b7e9000 	/System/Library/Frameworks/OpenDirectory.framework/Versions/A/Frameworks/CFOpenDirectory.framework/Versions/A/CFOpenDirectory
0x00007fff3e8b3000 	/System/Library/Frameworks/SecurityFoundation.framework/Versions/A/SecurityFoundation
0x00007fff41fb7000 	/System/Library/PrivateFrameworks/APFS.framework/Versions/A/APFS
0x00007fff5e5a6000 	/usr/lib/libutil.dylib
0x00007fff5c2cf000 	/usr/lib/libcharset.1.dylib
0x00007fff435bb000 	/System/Library/PrivateFrameworks/AppleSauce.framework/Versions/A/AppleSauce
0x00007fff4373c000 	/System/Library/PrivateFrameworks/AssertionServices.framework/Versions/A/AssertionServices
0x00007fff43e6c000 	/System/Library/PrivateFrameworks/BaseBoard.framework/Versions/A/BaseBoard
0x00007fff5cff5000 	/usr/lib/libmecab.1.0.0.dylib
0x00007fff5cbee000 	/usr/lib/libgermantok.dylib
0x00007fff5c09d000 	/usr/lib/libThaiTokenizer.dylib
0x00007fff5bb48000 	/usr/lib/libChineseTokenizer.dylib
0x00007fff50ae7000 	/System/Library/PrivateFrameworks/LanguageModeling.framework/Versions/A/LanguageModeling
0x00007fff46826000 	/System/Library/PrivateFrameworks/CoreEmoji.framework/Versions/A/CoreEmoji
0x00007fff50bc3000 	/System/Library/PrivateFrameworks/Lexicon.framework/Versions/A/Lexicon
0x00007fff50c06000 	/System/Library/PrivateFrameworks/LinguisticData.framework/Versions/A/LinguisticData
0x00007fff5c2d0000 	/usr/lib/libcmph.dylib
0x00007fff3e971000 	/System/Library/Frameworks/ServiceManagement.framework/Versions/A/ServiceManagement
0x00007fff43dcd000 	/System/Library/PrivateFrameworks/BackgroundTaskManagement.framework/Versions/A/BackgroundTaskManagement
0x00007fff5e6a0000 	/usr/lib/libxslt.1.dylib
0x00007fff3260a000 	/System/Library/Frameworks/Carbon.framework/Versions/A/Frameworks/Ink.framework/Versions/A/Ink
0x00007fff59bd7000 	/System/Library/PrivateFrameworks/TextureIO.framework/Versions/A/TextureIO
0x00007fff5c0f1000 	/usr/lib/libate.dylib
0x00007fff47b08000 	/System/Library/PrivateFrameworks/CrashReporterSupport.framework/Versions/A/CrashReporterSupport
0x00007fff57311000 	/System/Library/PrivateFrameworks/Sharing.framework/Versions/A/Sharing
0x00007fff43b1f000 	/System/Library/PrivateFrameworks/AuthKit.framework/Versions/A/AuthKit
0x00007fff43073000 	/System/Library/PrivateFrameworks/Apple80211.framework/Versions/A/Apple80211
0x00007fff478b0000 	/System/Library/PrivateFrameworks/CoreUtils.framework/Versions/A/CoreUtils
0x00007fff34e4d000 	/System/Library/Frameworks/CoreWLAN.framework/Versions/A/CoreWLAN
0x00007fff35849000 	/System/Library/Frameworks/IOBluetooth.framework/Versions/A/IOBluetooth
0x00007fff55785000 	/System/Library/PrivateFrameworks/ProtocolBuffer.framework/Versions/A/ProtocolBuffer
0x00007fff51b86000 	/System/Library/PrivateFrameworks/MobileKeyBag.framework/Versions/A/MobileKeyBag
0x00007fff470f4000 	/System/Library/PrivateFrameworks/CorePhoneNumbers.framework/Versions/A/CorePhoneNumbers
0x00007fff432d2000 	/System/Library/PrivateFrameworks/AppleIDAuthSupport.framework/Versions/A/AppleIDAuthSupport
0x00007fff50aba000 	/System/Library/PrivateFrameworks/KeychainCircle.framework/Versions/A/KeychainCircle
0x00007fff5593b000 	/System/Library/PrivateFrameworks/ROCKit.framework/Versions/A/ROCKit
0x00007fff47aa4000 	/System/Library/PrivateFrameworks/CoreWiFi.framework/Versions/A/CoreWiFi
0x00007fff32bd8000 	/System/Library/Frameworks/CoreBluetooth.framework/Versions/A/CoreBluetooth
0x00007fff47cff000 	/System/Library/PrivateFrameworks/DebugSymbols.framework/Versions/A/DebugSymbols
0x00007fff47670000 	/System/Library/PrivateFrameworks/CoreSymbolication.framework/Versions/A/CoreSymbolication
0x00007fff593f2000 	/System/Library/PrivateFrameworks/Symbolication.framework/Versions/A/Symbolication
0x00007fff58c95000 	/System/Library/PrivateFrameworks/SpeechRecognitionCore.framework/Versions/A/SpeechRecognitionCore
0x0000000100c00000 	/Library/Java/JavaVirtualMachines/openjdk-13.0.1.jdk/Contents/Home/lib/server/libjvm.dylib
0x00000001019e1000 	/Library/Java/JavaVirtualMachines/openjdk-13.0.1.jdk/Contents/Home/lib/libverify.dylib
0x00000001019ed000 	/Library/Java/JavaVirtualMachines/openjdk-13.0.1.jdk/Contents/Home/lib/libjava.dylib
0x0000000101a72000 	/Library/Java/JavaVirtualMachines/openjdk-13.0.1.jdk/Contents/Home/lib/libzip.dylib
0x0000000101a79000 	/Library/Java/JavaVirtualMachines/openjdk-13.0.1.jdk/Contents/Home/lib/libjimage.dylib
0x0000000120ff4000 	/Library/Java/JavaVirtualMachines/openjdk-13.0.1.jdk/Contents/Home/lib/libnio.dylib
0x0000000121002000 	/Library/Java/JavaVirtualMachines/openjdk-13.0.1.jdk/Contents/Home/lib/./libnet.dylib
0x000000012109d000 	/Library/Java/JavaVirtualMachines/openjdk-13.0.1.jdk/Contents/Home/lib/libawt.dylib
0x0000000121133000 	/Library/Java/JavaVirtualMachines/openjdk-13.0.1.jdk/Contents/Home/lib/./libmlib_image.dylib
0x00007fff371d3000 	/System/Library/Frameworks/JavaVM.framework/Versions/A/Frameworks/JavaNativeFoundation.framework/Versions/A/JavaNativeFoundation
0x00007fff371dc000 	/System/Library/Frameworks/JavaVM.framework/Versions/A/Frameworks/JavaRuntimeSupport.framework/Versions/A/JavaRuntimeSupport
0x00007fff371e5000 	/System/Library/Frameworks/JavaVM.framework/Versions/A/JavaVM
0x00007fff509d9000 	/System/Library/PrivateFrameworks/JavaLaunching.framework/Versions/A/JavaLaunching
0x00007fff32303000 	/System/Library/Frameworks/Carbon.framework/Versions/A/Carbon
0x00007fff32304000 	/System/Library/Frameworks/Carbon.framework/Versions/A/Frameworks/CommonPanels.framework/Versions/A/CommonPanels
0x00007fff32600000 	/System/Library/Frameworks/Carbon.framework/Versions/A/Frameworks/Help.framework/Versions/A/Help
0x00007fff32604000 	/System/Library/Frameworks/Carbon.framework/Versions/A/Frameworks/ImageCapture.framework/Versions/A/ImageCapture
0x00007fff326a0000 	/System/Library/Frameworks/Carbon.framework/Versions/A/Frameworks/OpenScripting.framework/Versions/A/OpenScripting
0x00007fff326d8000 	/System/Library/Frameworks/Carbon.framework/Versions/A/Frameworks/Print.framework/Versions/A/Print
0x00007fff326da000 	/System/Library/Frameworks/Carbon.framework/Versions/A/Frameworks/SecurityHI.framework/Versions/A/SecurityHI
0x0000000121199000 	/Library/Java/JavaVirtualMachines/openjdk-13.0.1.jdk/Contents/Home/lib/libawt_lwawt.dylib
0x0000000121243000 	/Library/Java/JavaVirtualMachines/openjdk-13.0.1.jdk/Contents/Home/lib/./libosxapp.dylib
0x00007fff352d7000 	/System/Library/Frameworks/ExceptionHandling.framework/Versions/A/ExceptionHandling
0x0000000121265000 	/Library/Java/JavaVirtualMachines/openjdk-13.0.1.jdk/Contents/Home/lib/libfontmanager.dylib
0x0000000121363000 	/Library/Java/JavaVirtualMachines/openjdk-13.0.1.jdk/Contents/Home/lib/./libfreetype.dylib
0x00007fff47278000 	/System/Library/PrivateFrameworks/CoreServicesInternal.framework/Versions/A/CoreServicesInternal
0x00007fff277db000 	/System/Library/CoreServices/RawCamera.bundle/Contents/MacOS/RawCamera
0x00007fff519cd000 	/System/Library/PrivateFrameworks/MobileAsset.framework/Versions/A/MobileAsset
0x00007fff59340000 	/System/Library/PrivateFrameworks/StreamingZip.framework/Versions/A/StreamingZip
0x00007fff37577000 	/System/Library/Frameworks/MediaToolbox.framework/Versions/A/MediaToolbox
0x00007fff463ca000 	/System/Library/PrivateFrameworks/CoreAVCHD.framework/Versions/A/CoreAVCHD
0x00007fff374bd000 	/System/Library/Frameworks/MediaAccessibility.framework/Versions/A/MediaAccessibility
0x00007fff51429000 	/System/Library/PrivateFrameworks/Mangrove.framework/Versions/A/Mangrove
0x00007fff34170000 	/System/Library/Frameworks/CoreMedia.framework/Versions/A/CoreMedia
0x00007fff3efda000 	/System/Library/Frameworks/VideoToolbox.framework/Versions/A/VideoToolbox
0x00007fff45fe6000 	/System/Library/PrivateFrameworks/CoreAUC.framework/Versions/A/CoreAUC
0x00007fff5e1ae000 	/usr/lib/libspindump.dylib
0x00007fff436a1000 	/System/Library/PrivateFrameworks/AppleVA.framework/Versions/A/AppleVA
0x00007fff2f45e000 	/System/Library/Frameworks/Accelerate.framework/Versions/A/Frameworks/vImage.framework/Versions/A/Libraries/libCGInterfaces.dylib
0x00007fff5ab90000 	/System/Library/PrivateFrameworks/ViewBridge.framework/Versions/A/ViewBridge
0x00007fff31751000 	/System/Library/Frameworks/ApplicationServices.framework/Versions/A/Frameworks/ATS.framework/Versions/A/Resources/libTrueTypeScaler.dylib
0x00007fff2c61e000 	/System/Library/Extensions/AppleIntelKBLGraphicsMTLDriver.bundle/Contents/MacOS/AppleIntelKBLGraphicsMTLDriver
0x00007fff4ca8e000 	/System/Library/PrivateFrameworks/GPUCompiler.framework/Versions/3902/Libraries/libmetal_timestamp.dylib
0x00007fff3cd1c000 	/System/Library/Frameworks/OpenGL.framework/Versions/A/Resources/GLEngine.bundle/GLEngine
0x00007fff3c1be000 	/System/Library/Frameworks/OpenGL.framework/Versions/A/Libraries/libGLProgrammability.dylib
0x00007fff2b849000 	/System/Library/Extensions/AppleIntelKBLGraphicsGLDriver.bundle/Contents/MacOS/AppleIntelKBLGraphicsGLDriver
0x00007fff4e123000 	/System/Library/PrivateFrameworks/GPUSupport.framework/Versions/A/Libraries/libGPUSupportMercury.dylib
0x00007fff3ceb4000 	/System/Library/Frameworks/OpenGL.framework/Versions/A/Resources/GLRendererFloat.bundle/GLRendererFloat
0x00007fff3b788000 	/System/Library/Frameworks/OpenCL.framework/Versions/A/Libraries/libcldcpuengine.dylib
0x00007fff5c724000 	/usr/lib/libcrypto.35.dylib
0x00007fff59d55000 	/System/Library/PrivateFrameworks/TrustEvaluationAgent.framework/Versions/A/TrustEvaluationAgent
0x000000012636f000 	/usr/lib/libobjc-trampolines.dylib
0x00000001268c5000 	/Library/Java/JavaVirtualMachines/openjdk-13.0.1.jdk/Contents/Home/lib/libosxui.dylib
0x00000001246d3000 	/Library/Java/JavaVirtualMachines/openjdk-13.0.1.jdk/Contents/Home/lib/libextnet.dylib
0x00007fff5b848000 	/System/Library/PrivateFrameworks/login.framework/Versions/A/login


VM Arguments:
jvm_args: -Dfile.encoding=UTF-8 -Duser.country=FR -Duser.language=fr -Duser.variant 
java_command: com.mycompany.javadomo.App
java_class_path (initial): /Users/ValloisCorentin/Documents/mon_depot/JAVADOMO/build/classes/java/main:/Users/ValloisCorentin/Documents/mon_depot/JAVADOMO/build/resources/main:/Users/ValloisCorentin/.gradle/caches/modules-2/files-2.1/org.ini4j/ini4j/0.5.1/8e737d82ecac9ba6100a9bba71e92a381b75efdc/ini4j-0.5.1.jar:/Users/ValloisCorentin/.gradle/caches/modules-2/files-2.1/com.intellij/forms_rt/7.0.3/a54e62a17c970d3b46a75d55a98168944c3f5fe5/forms_rt-7.0.3.jar:/Users/ValloisCorentin/.gradle/caches/modules-2/files-2.1/org.jfree/jfreechart/1.5.0/bc7919249bac68c15c433ed51cb798a1bf8cd74e/jfreechart-1.5.0.jar:/Users/ValloisCorentin/.gradle/caches/modules-2/files-2.1/com.apple/AppleJavaExtensions/1.4/c586cd0b44cae8c0239a977277f99d08d751a482/AppleJavaExtensions-1.4.jar:/Users/ValloisCorentin/.gradle/caches/modules-2/files-2.1/mysql/mysql-connector-java/8.0.18/e088efaa4b568bc7d9f7274b9c5ea1a00da1a45c/mysql-connector-java-8.0.18.jar:/Users/ValloisCorentin/.gradle/caches/modules-2/files-2.1/asm/asm-commons/3.0/72adfd35ccd1585c5454de72216438fe16902170/asm-commons-3.0.jar:/Users/ValloisCorentin/.gradle/caches/modules-2/files-2.1/com.jgoodies/forms/1.1-preview/384c13dda97c15d252d680a18d2161e43a93ff31/forms-1.1-preview.jar:/Users/ValloisCorentin/.gradle/caches/modules-2/files-2.1/jdom/jdom/1.0/a2ac1cd690ab4c80defe7f9bce14d35934c35cec/jdom-1.0.jar:/Users/ValloisCorentin/.gradle/caches/modules-2/files-2.1/com.google.protobuf/protobuf-java/3.6.1/d06d46ecfd92ec6d0f3b423b4cd81cb38d8b924/protobuf-java-3.6.1.jar:/Users/ValloisCorentin/.gradle/caches/modules-2/files-2.1/asm/asm-tree/3.0/6fff655717d1e1871decfe9f8e46a531e8df3a31/asm-tree-3.0.jar:/Users/ValloisCorentin/.gradle/caches/modules-2/files-2.1/asm/asm/3.0/d1616c03f056291a2314510dea75739b15b4d415/asm-3.0.jar
Launcher Type: SUN_STANDARD

[Global flags]
     intx CICompilerCount                          = 3                                         {product} {ergonomic}
     uint ConcGCThreads                            = 1                                         {product} {ergonomic}
     uint G1ConcRefinementThreads                  = 4                                         {product} {ergonomic}
   size_t G1HeapRegionSize                         = 1048576                                   {product} {ergonomic}
    uintx GCDrainStackTargetSize                   = 64                                        {product} {ergonomic}
   size_t InitialHeapSize                          = 134217728                                 {product} {ergonomic}
   size_t MarkStackSize                            = 4194304                                   {product} {ergonomic}
   size_t MaxHeapSize                              = 2147483648                                {product} {ergonomic}
   size_t MaxNewSize                               = 1287651328                                {product} {ergonomic}
   size_t MinHeapDeltaBytes                        = 1048576                                   {product} {ergonomic}
   size_t MinHeapSize                              = 8388608                                   {product} {ergonomic}
    uintx NonNMethodCodeHeapSize                   = 5830732                                {pd product} {ergonomic}
    uintx NonProfiledCodeHeapSize                  = 122913754                              {pd product} {ergonomic}
    uintx ProfiledCodeHeapSize                     = 122913754                              {pd product} {ergonomic}
    uintx ReservedCodeCacheSize                    = 251658240                              {pd product} {ergonomic}
     bool SegmentedCodeCache                       = true                                      {product} {ergonomic}
   size_t SoftMaxHeapSize                          = 2147483648                             {manageable} {ergonomic}
     bool UseCompressedClassPointers               = true                                 {lp64_product} {ergonomic}
     bool UseCompressedOops                        = true                                 {lp64_product} {ergonomic}
     bool UseG1GC                                  = true                                      {product} {ergonomic}

Logging:
Log output configuration:
 #0: stdout all=warning uptime,level,tags
 #1: stderr all=off uptime,level,tags

Environment Variables:
PATH=/opt/anaconda3/bin:/opt/anaconda3/condabin:/usr/local/bin:/usr/bin:/bin:/usr/sbin:/sbin
SHELL=/bin/bash

Signal Handlers:
SIGSEGV: [libjvm.dylib+0x781580], sa_mask[0]=11111111011111110111111111111111, sa_flags=SA_ONSTACK|SA_RESTART|SA_SIGINFO
SIGBUS: [libjvm.dylib+0x781580], sa_mask[0]=11111111011111110111111111111111, sa_flags=SA_RESTART|SA_SIGINFO
SIGFPE: [libjvm.dylib+0x781580], sa_mask[0]=11111111011111110111111111111111, sa_flags=SA_RESTART|SA_SIGINFO
SIGPIPE: [libjvm.dylib+0x627f85], sa_mask[0]=11111111011111110111111111111111, sa_flags=SA_RESTART|SA_SIGINFO
SIGXFSZ: [libjvm.dylib+0x627f85], sa_mask[0]=11111111011111110111111111111111, sa_flags=SA_RESTART|SA_SIGINFO
SIGILL: [libjvm.dylib+0x781580], sa_mask[0]=11111111011111110111111111111111, sa_flags=SA_RESTART|SA_SIGINFO
SIGUSR2: [libjvm.dylib+0x62856f], sa_mask[0]=00100000000000000000000000000000, sa_flags=SA_RESTART|SA_SIGINFO
SIGHUP: [libjvm.dylib+0x62755d], sa_mask[0]=11111111011111110111111111111111, sa_flags=SA_RESTART|SA_SIGINFO
SIGINT: [libjvm.dylib+0x62755d], sa_mask[0]=11111111011111110111111111111111, sa_flags=SA_RESTART|SA_SIGINFO
SIGTERM: [libjvm.dylib+0x62755d], sa_mask[0]=11111111011111110111111111111111, sa_flags=SA_RESTART|SA_SIGINFO
SIGQUIT: [libjvm.dylib+0x62755d], sa_mask[0]=11111111011111110111111111111111, sa_flags=SA_RESTART|SA_SIGINFO


---------------  S Y S T E M  ---------------

OS:uname:Darwin 18.7.0 Darwin Kernel Version 18.7.0: Sat Oct 12 00:02:19 PDT 2019; root:xnu-4903.278.12~1/RELEASE_X86_64 x86_64
rlimit: STACK 8192k, CORE 0k, NPROC 709, NOFILE 10240, AS infinity, DATA infinity, FSIZE infinity
load average:58.62 14.58 6.67

CPU:total 4 (initial active 4) (2 cores per cpu, 2 threads per core) family 6 model 142 stepping 9, cmov, cx8, fxsr, mmx, sse, sse2, sse3, ssse3, sse4.1, sse4.2, popcnt, avx, avx2, aes, clmul, erms, rtm, 3dnowpref, lzcnt, ht, tsc, tscinvbit, bmi1, bmi2, adx, fma

Memory: 4k page, physical 8388608k(54144k free), swap 3145728k(1321472k free)

vm_info: OpenJDK 64-Bit Server VM (13.0.1+9) for bsd-amd64 JRE (13.0.1+9), built on Oct  6 2019 11:52:16 by "mach5one" with clang 4.2.1 Compatible Apple LLVM 10.0.0 (clang-1000.11.45.5)

END.
