#
# A fatal error has been detected by the Java Runtime Environment:
#
#  SIGSEGV (0xb) at pc=0x000000012a2ee891, pid=6558, tid=50179
#
# JRE version: OpenJDK Runtime Environment (13.0.1+9) (build 13.0.1+9)
# Java VM: OpenJDK 64-Bit Server VM (13.0.1+9, mixed mode, sharing, tiered, compressed oops, g1 gc, bsd-amd64)
# Problematic frame:
# C  [libawt_lwawt.dylib+0x1b891]  OGLSD_SetScratchSurface+0x1f
#
# No core dump will be written. Core dumps have been disabled. To enable core dumping, try "ulimit -c unlimited" before starting Java again
#
# If you would like to submit a bug report, please visit:
#   http://bugreport.java.com/bugreport/crash.jsp
# The crash happened outside the Java Virtual Machine in native code.
# See problematic frame for where to report the bug.
#

---------------  S U M M A R Y ------------

Command Line: -Dfile.encoding=UTF-8 -Duser.country=FR -Duser.language=fr -Duser.variant com.mycompany.javadomo.App

Host: MacBookPro14,1 x86_64 2300 MHz, 4 cores, 8G, Darwin 18.7.0
Time: Mon Feb  3 14:11:20 2020 CET elapsed time: 6202 seconds (0d 1h 43m 22s)

---------------  T H R E A D  ---------------

Current thread (0x00007f80648de000):  JavaThread "Java2D Queue Flusher" daemon [_thread_in_native, id=50179, stack(0x00007000059ef000,0x0000700005aef000)]

Stack: [0x00007000059ef000,0x0000700005aef000],  sp=0x0000700005aee800,  free space=1022k
Native frames: (J=compiled Java code, A=aot compiled Java code, j=interpreted, Vv=VM code, C=native code)
C  [libawt_lwawt.dylib+0x1b891]  OGLSD_SetScratchSurface+0x1f
C  [libawt_lwawt.dylib+0x3fe6d]  Java_sun_java2d_opengl_OGLRenderQueue_flushBuffer+0x949
J 2445  sun.java2d.opengl.OGLRenderQueue.flushBuffer(JI)V java.desktop@13.0.1 (0 bytes) @ 0x000000011ba1cb5d [0x000000011ba1caa0+0x00000000000000bd]
J 2428 c1 sun.java2d.opengl.OGLRenderQueue.flushBuffer()V java.desktop@13.0.1 (41 bytes) @ 0x000000011491081c [0x00000001149106e0+0x000000000000013c]
J 3130% c1 sun.java2d.opengl.OGLRenderQueue$QueueFlusher.run()V java.desktop@13.0.1 (234 bytes) @ 0x0000000114a8526c [0x0000000114a84bc0+0x00000000000006ac]
j  java.lang.Thread.run()V+11 java.base@13.0.1
v  ~StubRoutines::call_stub
V  [libjvm.dylib+0x39911f]  _ZN9JavaCalls11call_helperEP9JavaValueRK12methodHandleP17JavaCallArgumentsP6Thread+0x285
V  [libjvm.dylib+0x398529]  _ZN9JavaCalls12call_virtualEP9JavaValueP5KlassP6SymbolS5_P17JavaCallArgumentsP6Thread+0xe7
V  [libjvm.dylib+0x3985e6]  _ZN9JavaCalls12call_virtualEP9JavaValue6HandleP5KlassP6SymbolS6_P6Thread+0x62
V  [libjvm.dylib+0x419528]  _ZL12thread_entryP10JavaThreadP6Thread+0x78
V  [libjvm.dylib+0x72fe98]  _ZN10JavaThread17thread_main_innerEv+0x86
V  [libjvm.dylib+0x72fcd6]  _ZN10JavaThread3runEv+0x124
V  [libjvm.dylib+0x72daf5]  _ZN6Thread8call_runEv+0x71
V  [libjvm.dylib+0x62642d]  _ZL19thread_native_entryP6Thread+0x132
C  [libsystem_pthread.dylib+0x32eb]  _pthread_body+0x7e
C  [libsystem_pthread.dylib+0x6249]  _pthread_start+0x42
C  [libsystem_pthread.dylib+0x240d]  thread_start+0xd

Java frames: (J=compiled Java code, j=interpreted, Vv=VM code)
J 2445  sun.java2d.opengl.OGLRenderQueue.flushBuffer(JI)V java.desktop@13.0.1 (0 bytes) @ 0x000000011ba1cae8 [0x000000011ba1caa0+0x0000000000000048]
J 2428 c1 sun.java2d.opengl.OGLRenderQueue.flushBuffer()V java.desktop@13.0.1 (41 bytes) @ 0x000000011491081c [0x00000001149106e0+0x000000000000013c]
J 3130% c1 sun.java2d.opengl.OGLRenderQueue$QueueFlusher.run()V java.desktop@13.0.1 (234 bytes) @ 0x0000000114a8526c [0x0000000114a84bc0+0x00000000000006ac]
j  java.lang.Thread.run()V+11 java.base@13.0.1
v  ~StubRoutines::call_stub

siginfo: si_signo: 11 (SIGSEGV), si_code: 1 (SEGV_MAPERR), si_addr: 0x0000000000000002

Register to memory mapping:

RAX=0x00007f8062eced90 points into unknown readable memory: c0 59 0b 66 80 7f 00 00
RBX=0x00007f8062c3bf50 points into unknown readable memory: 8a c2 62 06 f8 07 00 60
RCX=0x0000000000000047 is an unknown value
RDX=0x000000012a312e4a: Java_sun_java2d_opengl_OGLRenderQueue_flushBuffer+0x926 in /Library/Java/JavaVirtualMachines/openjdk-13.0.1.jdk/Contents/Home/lib/libawt_lwawt.dylib at 0x000000012a2d3000
RSP=0x0000700005aee800 is pointing into the stack for thread: 0x00007f80648de000
RBP=0x0000700005aee830 is pointing into the stack for thread: 0x00007f80648de000
RSI=0x00007f8062c3bf50 points into unknown readable memory: 8a c2 62 06 f8 07 00 60
RDI=0x00007f80648de310 points into unknown readable memory: e0 1d 75 0a 01 00 00 00
R8 =0x0000000000000328 is an unknown value
R9 =0xffffffff00000000 is an unknown value
R10=0x000000011ba1cae8 is at entry_point+72 in (nmethod*)0x000000011ba1c910
R11=0x0000000000000202 is an unknown value
R12=0x00007f80648d5e10 points into unknown readable memory: 5a 00 00 00 49 00 00 00
R13=0x0000000000000002 is an unknown value
R14=0x000000012a3130dc: Java_sun_java2d_opengl_OGLRenderQueue_flushBuffer+0xbb8 in /Library/Java/JavaVirtualMachines/openjdk-13.0.1.jdk/Contents/Home/lib/libawt_lwawt.dylib at 0x000000012a2d3000
R15=0x00007f80648de310 points into unknown readable memory: e0 1d 75 0a 01 00 00 00


Registers:
RAX=0x00007f8062eced90, RBX=0x00007f8062c3bf50, RCX=0x0000000000000047, RDX=0x000000012a312e4a
RSP=0x0000700005aee800, RBP=0x0000700005aee830, RSI=0x00007f8062c3bf50, RDI=0x00007f80648de310
R8 =0x0000000000000328, R9 =0xffffffff00000000, R10=0x000000011ba1cae8, R11=0x0000000000000202
R12=0x00007f80648d5e10, R13=0x0000000000000002, R14=0x000000012a3130dc, R15=0x00007f80648de310
RIP=0x000000012a2ee891, EFLAGS=0x0000000000010202, ERR=0x0000000000000004
  TRAPNO=0x000000000000000e

Top of Stack: (sp=0x0000700005aee800)
0x0000700005aee800:   00007f8062eced90 00007f8062c3bf50
0x0000700005aee810:   00007f80648d5e10 00007f80648d5e20
0x0000700005aee820:   000000012a3130dc 00007f80648de310
0x0000700005aee830:   0000700005aee890 000000012a312e6d
0x0000700005aee840:   0000700005aee860 000000010a54c063
0x0000700005aee850:   000000010a7c3901 00000000648de000
0x0000700005aee860:   0000700005aee880 000000016bbade50
0x0000700005aee870:   0000000000000000 0000000114a8537c
0x0000700005aee880:   0000700005aee958 00007f80648de000
0x0000700005aee890:   0000700005aee8e0 000000011ba1cb5d
0x0000700005aee8a0:   000000078023de70 000000010a20dc0e
0x0000700005aee8b0:   0000700000000005 00007f80648de000
0x0000700005aee8c0:   0000700005aeeb01 00007f8062f5fbc0
0x0000700005aee8d0:   0000700005aee900 00007f80648de000
0x0000700005aee8e0:   0000700005aeea88 000000011491081c
0x0000700005aee8f0:   0000700005aee958 00007f80648de000
0x0000700005aee900:   0000700005aee950 000000011b9da4db
0x0000700005aee910:   0000000780238718 0000000129fc3a98
0x0000700005aee920:   0000000000000000 00000007800b1e08
0x0000700005aee930:   0000000129fc3a28 0000000000000000
0x0000700005aee940:   000000078023de70 0000700005aeea88
0x0000700005aee950:   0000700005aeea88 0000000114a8526c
0x0000700005aee960:   0000000787f00c58 0000000100000000
0x0000700005aee970:   0000700005aeea10 0000700005aee9b8
0x0000700005aee980:   0000000114a84810 0000000000000000
0x0000700005aee990:   0000700005aeea38 00007f80648de000
0x0000700005aee9a0:   0000700005aeea10 0000000113e8e0de
0x0000700005aee9b0:   0000000113e8e099 0000000000000001
0x0000700005aee9c0:   0000000700000000 0000000780238718
0x0000700005aee9d0:   0000000780238718 0000700000000000
0x0000700005aee9e0:   0000000129a837b8 0000000000000000
0x0000700005aee9f0:   0000000780238738 0000000129a83658 

Instructions: (pc=0x000000012a2ee891)
0x000000012a2ee791:   59 05 00 ff 15 ae 8d 04 00 c7 43 40 00 00 00 00
0x000000012a2ee7a1:   31 db 4d 85 ff 74 08 4c 89 ff e8 94 db 02 00 84
0x000000012a2ee7b1:   db 75 0b 48 83 c4 08 5b 41 5e 41 5f 5d c3 e8 cc
0x000000012a2ee7c1:   dd 02 00 0f 0b 49 89 c6 eb 4c 48 89 c3 83 fa 02
0x000000012a2ee7d1:   75 31 48 89 df e8 a3 dd 02 00 48 8b 3d 56 63 05
0x000000012a2ee7e1:   00 48 8b 35 37 48 05 00 4c 89 f2 48 89 c1 ff 15
0x000000012a2ee7f1:   53 8d 04 00 e8 8a dd 02 00 eb a5 48 89 c3 e8 80
0x000000012a2ee801:   dd 02 00 48 89 df e8 72 dd 02 00 b3 01 eb 93 49
0x000000012a2ee811:   89 c6 84 db 74 05 e8 68 dd 02 00 4c 89 f7 e8 70
0x000000012a2ee821:   dc 02 00 0f 0b e8 a7 dd 02 00 55 48 89 e5 53 50
0x000000012a2ee831:   48 85 ff 74 0f 48 8b 47 38 48 85 c0 74 0f 48 8b
0x000000012a2ee841:   58 20 eb 23 48 8d 15 7e fb 03 00 eb 07 48 8d 15
0x000000012a2ee851:   9d fb 03 00 31 db bf 01 00 00 00 be 01 00 00 00
0x000000012a2ee861:   31 c0 e8 46 da 02 00 48 89 d8 48 83 c4 08 5b 5d
0x000000012a2ee871:   c3 55 48 89 e5 41 57 41 56 41 55 41 54 53 50 49
0x000000012a2ee881:   89 ff 48 85 f6 74 57 4c 8b 6e 10 4d 85 ed 74 57
0x000000012a2ee891:   49 8b 5d 00 31 c0 e8 a2 da 02 00 49 89 c6 48 8b
0x000000012a2ee8a1:   3b 48 8b 35 1f 59 05 00 ff 15 99 8c 04 00 48 85
0x000000012a2ee8b1:   c0 74 51 48 8b 3d a5 64 05 00 48 8b 35 0e 59 05
0x000000012a2ee8c1:   00 ff 15 80 8c 04 00 48 8b 3b 48 39 f8 74 59 48
0x000000012a2ee8d1:   8b 35 61 58 05 00 ff 15 6b 8c 04 00 eb 4a 48 8d
0x000000012a2ee8e1:   15 38 fb 03 00 eb 07 48 8d 15 60 fb 03 00 45 31
0x000000012a2ee8f1:   ed bf 01 00 00 00 be 01 00 00 00 31 c0 e8 ab d9
0x000000012a2ee901:   02 00 eb 6f 31 c0 e8 c8 4a 02 00 48 85 c0 74 09
0x000000012a2ee911:   48 8d 05 f0 db 05 00 ff 10 4c 89 ff 4c 89 ee e8
0x000000012a2ee921:   db 00 00 00 84 c0 74 25 41 f6 45 08 0c 74 17 48
0x000000012a2ee931:   8d 05 c9 da 05 00 45 31 e4 bf 40 8d 00 00 31 f6
0x000000012a2ee941:   ff 10 31 db eb 0c 45 31 e4 31 db eb 05 b3 01 45
0x000000012a2ee951:   31 e4 4d 85 f6 74 08 4c 89 f7 e8 e4 d9 02 00 45
0x000000012a2ee961:   84 e4 75 21 80 cb 02 80 e3 03 b0 02 38 c3 74 03
0x000000012a2ee971:   45 31 ed 4c 89 e8 48 83 c4 08 5b 41 5c 41 5d 41
0x000000012a2ee981:   5e 41 5f 5d c3 e8 05 dc 02 00 0f 0b 48 89 c3 eb 


Stack slot to memory mapping:
stack at sp + 0 slots: 0x00007f8062eced90 points into unknown readable memory: c0 59 0b 66 80 7f 00 00
stack at sp + 1 slots: 0x00007f8062c3bf50 points into unknown readable memory: 8a c2 62 06 f8 07 00 60
stack at sp + 2 slots: 0x00007f80648d5e10 points into unknown readable memory: 5a 00 00 00 49 00 00 00
stack at sp + 3 slots: 0x00007f80648d5e20 points into unknown readable memory: 00 00 80 3f 01 00 00 00
stack at sp + 4 slots: 0x000000012a3130dc: Java_sun_java2d_opengl_OGLRenderQueue_flushBuffer+0xbb8 in /Library/Java/JavaVirtualMachines/openjdk-13.0.1.jdk/Contents/Home/lib/libawt_lwawt.dylib at 0x000000012a2d3000
stack at sp + 5 slots: 0x00007f80648de310 points into unknown readable memory: e0 1d 75 0a 01 00 00 00
stack at sp + 6 slots: 0x0000700005aee890 is pointing into the stack for thread: 0x00007f80648de000
stack at sp + 7 slots: 0x000000012a312e6d: Java_sun_java2d_opengl_OGLRenderQueue_flushBuffer+0x949 in /Library/Java/JavaVirtualMachines/openjdk-13.0.1.jdk/Contents/Home/lib/libawt_lwawt.dylib at 0x000000012a2d3000


---------------  P R O C E S S  ---------------

Threads class SMR info:
_java_thread_list=0x00007f8062d8aa10, length=16, elements={
0x00007f806403d800, 0x00007f806403e800, 0x00007f806384a000, 0x00007f806384a800,
0x00007f8063809800, 0x00007f806380a800, 0x00007f806400a000, 0x00007f8063808800,
0x00007f8064073800, 0x00007f8063954000, 0x00007f80648de000, 0x00007f8063276800,
0x00007f80639ed000, 0x00007f8063ab3000, 0x00007f8063b10800, 0x00007f8063234800
}

Java Threads: ( => current thread )
  0x00007f806403d800 JavaThread "Reference Handler" daemon [_thread_blocked, id=17923, stack(0x0000700004cc2000,0x0000700004dc2000)]
  0x00007f806403e800 JavaThread "Finalizer" daemon [_thread_blocked, id=17411, stack(0x0000700004dc5000,0x0000700004ec5000)]
  0x00007f806384a000 JavaThread "Signal Dispatcher" daemon [_thread_blocked, id=43267, stack(0x0000700004ec8000,0x0000700004fc8000)]
  0x00007f806384a800 JavaThread "C2 CompilerThread0" daemon [_thread_blocked, id=22019, stack(0x0000700004fcb000,0x00007000050cb000)]
  0x00007f8063809800 JavaThread "C1 CompilerThread0" daemon [_thread_blocked, id=22531, stack(0x00007000050ce000,0x00007000051ce000)]
  0x00007f806380a800 JavaThread "Sweeper thread" daemon [_thread_blocked, id=41731, stack(0x00007000051d1000,0x00007000052d1000)]
  0x00007f806400a000 JavaThread "Service Thread" daemon [_thread_blocked, id=22787, stack(0x00007000052d4000,0x00007000053d4000)]
  0x00007f8063808800 JavaThread "Common-Cleaner" daemon [_thread_blocked, id=23043, stack(0x00007000054da000,0x00007000055da000)]
  0x00007f8064073800 JavaThread "AppKit Thread" daemon [_thread_blocked, id=775, stack(0x00007ffee5ef4000,0x00007ffee66f4000)]
  0x00007f8063954000 JavaThread "AWT-Shutdown" [_thread_blocked, id=28675, stack(0x00007000055dd000,0x00007000056dd000)]
=>0x00007f80648de000 JavaThread "Java2D Queue Flusher" daemon [_thread_in_native, id=50179, stack(0x00007000059ef000,0x0000700005aef000)]
  0x00007f8063276800 JavaThread "Java2D Disposer" daemon [_thread_blocked, id=55299, stack(0x0000700005af2000,0x0000700005bf2000)]
  0x00007f80639ed000 JavaThread "TimerQueue" daemon [_thread_blocked, id=71443, stack(0x0000700005bf5000,0x0000700005cf5000)]
  0x00007f8063ab3000 JavaThread "AWT-EventQueue-0" [_thread_blocked, id=57347, stack(0x0000700005cf8000,0x0000700005df8000)]
  0x00007f8063b10800 JavaThread "mysql-cj-abandoned-connection-cleanup" daemon [_thread_blocked, id=57655, stack(0x0000700005dfb000,0x0000700005efb000)]
  0x00007f8063234800 JavaThread "DestroyJavaVM" [_thread_blocked, id=7171, stack(0x00007000045ad000,0x00007000046ad000)]

Other Threads:
  0x00007f8064816800 VMThread "VM Thread" [stack: 0x0000700004bbf000,0x0000700004cbf000] [id=14595]
  0x00007f8063807800 WatcherThread [stack: 0x00007000053d7000,0x00007000054d7000] [id=40707]
  0x00007f806402c000 GCTaskThread "GC Thread#0" [stack: 0x00007000046b0000,0x00007000047b0000] [id=12291]
  0x00007f8063b12800 GCTaskThread "GC Thread#1" [stack: 0x0000700006001000,0x0000700006101000] [id=57859]
  0x00007f8063b13000 GCTaskThread "GC Thread#2" [stack: 0x0000700006104000,0x0000700006204000] [id=67587]
  0x00007f8063b14000 GCTaskThread "GC Thread#3" [stack: 0x0000700006207000,0x0000700006307000] [id=58371]
  0x00007f8063015800 ConcurrentGCThread "G1 Main Marker" [stack: 0x00007000047b3000,0x00007000048b3000] [id=12803]
  0x00007f8063016800 ConcurrentGCThread "G1 Conc#0" [stack: 0x00007000048b6000,0x00007000049b6000] [id=19715]
  0x00007f8063849000 ConcurrentGCThread "G1 Refine#0" [stack: 0x00007000049b9000,0x0000700004ab9000] [id=19459]
  0x00007f80640fb000 ConcurrentGCThread "G1 Refine#1" [stack: 0x000070000630a000,0x000070000640a000] [id=58627]
  0x00007f80640fb800 ConcurrentGCThread "G1 Refine#2" [stack: 0x000070000640d000,0x000070000650d000] [id=66819]
  0x00007f8063027000 ConcurrentGCThread "G1 Young RemSet Sampling" [stack: 0x0000700004abc000,0x0000700004bbc000] [id=19203]

Threads with active compile tasks:

VM state:not at safepoint (normal execution)

VM Mutex/Monitor currently owned by a thread: None

Heap address: 0x0000000780000000, size: 2048 MB, Compressed Oops mode: Zero based, Oop shift amount: 3
Narrow klass base: 0x0000000800000000, Narrow klass shift: 3
Compressed class space size: 1073741824 Address: 0x0000000800add000

Heap:
 garbage-first heap   total 158720K, used 73931K [0x0000000780000000, 0x0000000800000000)
  region size 1024K, 4 young (4096K), 2 survivors (2048K)
 Metaspace       used 17469K, capacity 17860K, committed 18304K, reserved 1064960K
  class space    used 1975K, capacity 2124K, committed 2176K, reserved 1048576K
Heap Regions: E=young(eden), S=young(survivor), O=old, HS=humongous(starts), HC=humongous(continues), CS=collection set, F=free, A=archive, TAMS=top-at-mark-start (previous, next)
|   0|0x0000000780000000, 0x0000000780100000, 0x0000000780100000|100%| O|  |TAMS 0x0000000780100000, 0x0000000780000000| Untracked 
|   1|0x0000000780100000, 0x0000000780200000, 0x0000000780200000|100%| O|  |TAMS 0x0000000780200000, 0x0000000780100000| Untracked 
|   2|0x0000000780200000, 0x0000000780300000, 0x0000000780300000|100%| O|  |TAMS 0x0000000780300000, 0x0000000780200000| Untracked 
|   3|0x0000000780300000, 0x0000000780400000, 0x0000000780400000|100%| O|  |TAMS 0x0000000780400000, 0x0000000780300000| Untracked 
|   4|0x0000000780400000, 0x0000000780500000, 0x0000000780500000|100%| O|  |TAMS 0x0000000780500000, 0x0000000780400000| Untracked 
|   5|0x0000000780500000, 0x0000000780500000, 0x0000000780600000|  0%| F|  |TAMS 0x0000000780500000, 0x0000000780500000| Untracked 
|   6|0x0000000780600000, 0x0000000780600000, 0x0000000780700000|  0%| F|  |TAMS 0x0000000780600000, 0x0000000780600000| Untracked 
|   7|0x0000000780700000, 0x0000000780800000, 0x0000000780800000|100%|HS|  |TAMS 0x0000000780800000, 0x0000000780700000| Complete 
|   8|0x0000000780800000, 0x0000000780900000, 0x0000000780900000|100%|HC|  |TAMS 0x0000000780900000, 0x0000000780800000| Complete 
|   9|0x0000000780900000, 0x0000000780a00000, 0x0000000780a00000|100%|HS|  |TAMS 0x0000000780a00000, 0x0000000780900000| Complete 
|  10|0x0000000780a00000, 0x0000000780b00000, 0x0000000780b00000|100%|HS|  |TAMS 0x0000000780b00000, 0x0000000780a00000| Complete 
|  11|0x0000000780b00000, 0x0000000780c00000, 0x0000000780c00000|100%|HS|  |TAMS 0x0000000780c00000, 0x0000000780b00000| Complete 
|  12|0x0000000780c00000, 0x0000000780cc4200, 0x0000000780d00000| 76%| O|  |TAMS 0x0000000780c00000, 0x0000000780c00000| Untracked 
|  13|0x0000000780d00000, 0x0000000780e00000, 0x0000000780e00000|100%|HS|  |TAMS 0x0000000780d00000, 0x0000000780d00000| Complete 
|  14|0x0000000780e00000, 0x0000000780f00000, 0x0000000780f00000|100%|HC|  |TAMS 0x0000000780e00000, 0x0000000780e00000| Complete 
|  15|0x0000000780f00000, 0x0000000781000000, 0x0000000781000000|100%|HC|  |TAMS 0x0000000780f00000, 0x0000000780f00000| Complete 
|  16|0x0000000781000000, 0x0000000781000000, 0x0000000781100000|  0%| F|  |TAMS 0x0000000781000000, 0x0000000781000000| Untracked 
|  17|0x0000000781100000, 0x0000000781100000, 0x0000000781200000|  0%| F|  |TAMS 0x0000000781100000, 0x0000000781100000| Untracked 
|  18|0x0000000781200000, 0x0000000781200000, 0x0000000781300000|  0%| F|  |TAMS 0x0000000781200000, 0x0000000781200000| Untracked 
|  19|0x0000000781300000, 0x0000000781300000, 0x0000000781400000|  0%| F|  |TAMS 0x0000000781300000, 0x0000000781300000| Untracked 
|  20|0x0000000781400000, 0x0000000781500000, 0x0000000781500000|100%| O|  |TAMS 0x0000000781500000, 0x0000000781400000| Untracked 
|  21|0x0000000781500000, 0x0000000781600000, 0x0000000781600000|100%| O|  |TAMS 0x0000000781600000, 0x0000000781500000| Untracked 
|  22|0x0000000781600000, 0x0000000781700000, 0x0000000781700000|100%| O|  |TAMS 0x0000000781700000, 0x0000000781600000| Untracked 
|  23|0x0000000781700000, 0x0000000781700000, 0x0000000781800000|  0%| F|  |TAMS 0x0000000781700000, 0x0000000781700000| Untracked 
|  24|0x0000000781800000, 0x0000000781800000, 0x0000000781900000|  0%| F|  |TAMS 0x0000000781800000, 0x0000000781800000| Untracked 
|  25|0x0000000781900000, 0x0000000781900000, 0x0000000781a00000|  0%| F|  |TAMS 0x0000000781900000, 0x0000000781900000| Untracked 
|  26|0x0000000781a00000, 0x0000000781a00000, 0x0000000781b00000|  0%| F|  |TAMS 0x0000000781a00000, 0x0000000781a00000| Untracked 
|  27|0x0000000781b00000, 0x0000000781b00000, 0x0000000781c00000|  0%| F|  |TAMS 0x0000000781b00000, 0x0000000781b00000| Untracked 
|  28|0x0000000781c00000, 0x0000000781c00000, 0x0000000781d00000|  0%| F|  |TAMS 0x0000000781c00000, 0x0000000781c00000| Untracked 
|  29|0x0000000781d00000, 0x0000000781d00000, 0x0000000781e00000|  0%| F|  |TAMS 0x0000000781d00000, 0x0000000781d00000| Untracked 
|  30|0x0000000781e00000, 0x0000000781e00000, 0x0000000781f00000|  0%| F|  |TAMS 0x0000000781e00000, 0x0000000781e00000| Untracked 
|  31|0x0000000781f00000, 0x0000000782000000, 0x0000000782000000|100%|HS|  |TAMS 0x0000000782000000, 0x0000000781f00000| Complete 
|  32|0x0000000782000000, 0x0000000782100000, 0x0000000782100000|100%|HC|  |TAMS 0x0000000782100000, 0x0000000782000000| Complete 
|  33|0x0000000782100000, 0x0000000782200000, 0x0000000782200000|100%|HC|  |TAMS 0x0000000782200000, 0x0000000782100000| Complete 
|  34|0x0000000782200000, 0x0000000782300000, 0x0000000782300000|100%|HC|  |TAMS 0x0000000782300000, 0x0000000782200000| Complete 
|  35|0x0000000782300000, 0x0000000782400000, 0x0000000782400000|100%|HC|  |TAMS 0x0000000782400000, 0x0000000782300000| Complete 
|  36|0x0000000782400000, 0x0000000782500000, 0x0000000782500000|100%|HC|  |TAMS 0x0000000782500000, 0x0000000782400000| Complete 
|  37|0x0000000782500000, 0x0000000782600000, 0x0000000782600000|100%|HC|  |TAMS 0x0000000782600000, 0x0000000782500000| Complete 
|  38|0x0000000782600000, 0x0000000782700000, 0x0000000782700000|100%|HC|  |TAMS 0x0000000782700000, 0x0000000782600000| Complete 
|  39|0x0000000782700000, 0x0000000782800000, 0x0000000782800000|100%|HC|  |TAMS 0x0000000782800000, 0x0000000782700000| Complete 
|  40|0x0000000782800000, 0x0000000782900000, 0x0000000782900000|100%|HC|  |TAMS 0x0000000782900000, 0x0000000782800000| Complete 
|  41|0x0000000782900000, 0x0000000782a00000, 0x0000000782a00000|100%|HC|  |TAMS 0x0000000782a00000, 0x0000000782900000| Complete 
|  42|0x0000000782a00000, 0x0000000782b00000, 0x0000000782b00000|100%|HC|  |TAMS 0x0000000782b00000, 0x0000000782a00000| Complete 
|  43|0x0000000782b00000, 0x0000000782c00000, 0x0000000782c00000|100%|HS|  |TAMS 0x0000000782c00000, 0x0000000782b00000| Complete 
|  44|0x0000000782c00000, 0x0000000782d00000, 0x0000000782d00000|100%|HC|  |TAMS 0x0000000782d00000, 0x0000000782c00000| Complete 
|  45|0x0000000782d00000, 0x0000000782e00000, 0x0000000782e00000|100%|HC|  |TAMS 0x0000000782e00000, 0x0000000782d00000| Complete 
|  46|0x0000000782e00000, 0x0000000782f00000, 0x0000000782f00000|100%|HC|  |TAMS 0x0000000782f00000, 0x0000000782e00000| Complete 
|  47|0x0000000782f00000, 0x0000000783000000, 0x0000000783000000|100%|HC|  |TAMS 0x0000000783000000, 0x0000000782f00000| Complete 
|  48|0x0000000783000000, 0x0000000783100000, 0x0000000783100000|100%|HC|  |TAMS 0x0000000783100000, 0x0000000783000000| Complete 
|  49|0x0000000783100000, 0x0000000783200000, 0x0000000783200000|100%|HC|  |TAMS 0x0000000783200000, 0x0000000783100000| Complete 
|  50|0x0000000783200000, 0x0000000783300000, 0x0000000783300000|100%|HC|  |TAMS 0x0000000783300000, 0x0000000783200000| Complete 
|  51|0x0000000783300000, 0x0000000783400000, 0x0000000783400000|100%|HC|  |TAMS 0x0000000783400000, 0x0000000783300000| Complete 
|  52|0x0000000783400000, 0x0000000783500000, 0x0000000783500000|100%|HC|  |TAMS 0x0000000783500000, 0x0000000783400000| Complete 
|  53|0x0000000783500000, 0x0000000783600000, 0x0000000783600000|100%|HC|  |TAMS 0x0000000783600000, 0x0000000783500000| Complete 
|  54|0x0000000783600000, 0x0000000783700000, 0x0000000783700000|100%|HC|  |TAMS 0x0000000783700000, 0x0000000783600000| Complete 
|  55|0x0000000783700000, 0x00000007837cdc00, 0x0000000783800000| 80%| O|  |TAMS 0x00000007837cdc00, 0x0000000783700000| Untracked 
|  56|0x0000000783800000, 0x0000000783900000, 0x0000000783900000|100%|HS|  |TAMS 0x0000000783900000, 0x0000000783800000| Complete 
|  57|0x0000000783900000, 0x0000000783a00000, 0x0000000783a00000|100%|HC|  |TAMS 0x0000000783a00000, 0x0000000783900000| Complete 
|  58|0x0000000783a00000, 0x0000000783b00000, 0x0000000783b00000|100%|HC|  |TAMS 0x0000000783b00000, 0x0000000783a00000| Complete 
|  59|0x0000000783b00000, 0x0000000783c00000, 0x0000000783c00000|100%|HC|  |TAMS 0x0000000783c00000, 0x0000000783b00000| Complete 
|  60|0x0000000783c00000, 0x0000000783d00000, 0x0000000783d00000|100%|HC|  |TAMS 0x0000000783d00000, 0x0000000783c00000| Complete 
|  61|0x0000000783d00000, 0x0000000783e00000, 0x0000000783e00000|100%|HC|  |TAMS 0x0000000783e00000, 0x0000000783d00000| Complete 
|  62|0x0000000783e00000, 0x0000000783f00000, 0x0000000783f00000|100%|HC|  |TAMS 0x0000000783f00000, 0x0000000783e00000| Complete 
|  63|0x0000000783f00000, 0x0000000784000000, 0x0000000784000000|100%|HC|  |TAMS 0x0000000784000000, 0x0000000783f00000| Complete 
|  64|0x0000000784000000, 0x0000000784100000, 0x0000000784100000|100%|HC|  |TAMS 0x0000000784100000, 0x0000000784000000| Complete 
|  65|0x0000000784100000, 0x0000000784200000, 0x0000000784200000|100%|HC|  |TAMS 0x0000000784200000, 0x0000000784100000| Complete 
|  66|0x0000000784200000, 0x0000000784300000, 0x0000000784300000|100%|HC|  |TAMS 0x0000000784300000, 0x0000000784200000| Complete 
|  67|0x0000000784300000, 0x0000000784400000, 0x0000000784400000|100%|HC|  |TAMS 0x0000000784400000, 0x0000000784300000| Complete 
|  68|0x0000000784400000, 0x0000000784500000, 0x0000000784500000|100%|HC|  |TAMS 0x0000000784500000, 0x0000000784400000| Complete 
|  69|0x0000000784500000, 0x0000000784600000, 0x0000000784600000|100%|HC|  |TAMS 0x0000000784600000, 0x0000000784500000| Complete 
|  70|0x0000000784600000, 0x0000000784700000, 0x0000000784700000|100%|HC|  |TAMS 0x0000000784700000, 0x0000000784600000| Complete 
|  71|0x0000000784700000, 0x0000000784800000, 0x0000000784800000|100%|HC|  |TAMS 0x0000000784800000, 0x0000000784700000| Complete 
|  72|0x0000000784800000, 0x0000000784800000, 0x0000000784900000|  0%| F|  |TAMS 0x0000000784800000, 0x0000000784800000| Untracked 
|  73|0x0000000784900000, 0x0000000784900000, 0x0000000784a00000|  0%| F|  |TAMS 0x0000000784900000, 0x0000000784900000| Untracked 
|  74|0x0000000784a00000, 0x0000000784a00000, 0x0000000784b00000|  0%| F|  |TAMS 0x0000000784a00000, 0x0000000784a00000| Untracked 
|  75|0x0000000784b00000, 0x0000000784b00000, 0x0000000784c00000|  0%| F|  |TAMS 0x0000000784b00000, 0x0000000784b00000| Untracked 
|  76|0x0000000784c00000, 0x0000000784c00000, 0x0000000784d00000|  0%| F|  |TAMS 0x0000000784c00000, 0x0000000784c00000| Untracked 
|  77|0x0000000784d00000, 0x0000000784d00000, 0x0000000784e00000|  0%| F|  |TAMS 0x0000000784d00000, 0x0000000784d00000| Untracked 
|  78|0x0000000784e00000, 0x0000000784e00000, 0x0000000784f00000|  0%| F|  |TAMS 0x0000000784e00000, 0x0000000784e00000| Untracked 
|  79|0x0000000784f00000, 0x0000000784f00000, 0x0000000785000000|  0%| F|  |TAMS 0x0000000784f00000, 0x0000000784f00000| Untracked 
|  80|0x0000000785000000, 0x0000000785000000, 0x0000000785100000|  0%| F|  |TAMS 0x0000000785000000, 0x0000000785000000| Untracked 
|  81|0x0000000785100000, 0x0000000785100000, 0x0000000785200000|  0%| F|  |TAMS 0x0000000785100000, 0x0000000785100000| Untracked 
|  82|0x0000000785200000, 0x0000000785200000, 0x0000000785300000|  0%| F|  |TAMS 0x0000000785200000, 0x0000000785200000| Untracked 
|  83|0x0000000785300000, 0x0000000785300000, 0x0000000785400000|  0%| F|  |TAMS 0x0000000785300000, 0x0000000785300000| Untracked 
|  84|0x0000000785400000, 0x0000000785400000, 0x0000000785500000|  0%| F|  |TAMS 0x0000000785400000, 0x0000000785400000| Untracked 
|  85|0x0000000785500000, 0x0000000785500000, 0x0000000785600000|  0%| F|  |TAMS 0x0000000785500000, 0x0000000785500000| Untracked 
|  86|0x0000000785600000, 0x0000000785600000, 0x0000000785700000|  0%| F|  |TAMS 0x0000000785600000, 0x0000000785600000| Untracked 
|  87|0x0000000785700000, 0x0000000785700000, 0x0000000785800000|  0%| F|  |TAMS 0x0000000785700000, 0x0000000785700000| Untracked 
|  88|0x0000000785800000, 0x0000000785800000, 0x0000000785900000|  0%| F|  |TAMS 0x0000000785800000, 0x0000000785800000| Untracked 
|  89|0x0000000785900000, 0x0000000785900000, 0x0000000785a00000|  0%| F|  |TAMS 0x0000000785900000, 0x0000000785900000| Untracked 
|  90|0x0000000785a00000, 0x0000000785a00000, 0x0000000785b00000|  0%| F|  |TAMS 0x0000000785a00000, 0x0000000785a00000| Untracked 
|  91|0x0000000785b00000, 0x0000000785b00000, 0x0000000785c00000|  0%| F|  |TAMS 0x0000000785b00000, 0x0000000785b00000| Untracked 
|  92|0x0000000785c00000, 0x0000000785c00000, 0x0000000785d00000|  0%| F|  |TAMS 0x0000000785c00000, 0x0000000785c00000| Untracked 
|  93|0x0000000785d00000, 0x0000000785d00000, 0x0000000785e00000|  0%| F|  |TAMS 0x0000000785d00000, 0x0000000785d00000| Untracked 
|  94|0x0000000785e00000, 0x0000000785e00000, 0x0000000785f00000|  0%| F|  |TAMS 0x0000000785e00000, 0x0000000785e00000| Untracked 
|  95|0x0000000785f00000, 0x0000000785f00000, 0x0000000786000000|  0%| F|  |TAMS 0x0000000785f00000, 0x0000000785f00000| Untracked 
|  96|0x0000000786000000, 0x0000000786000000, 0x0000000786100000|  0%| F|  |TAMS 0x0000000786000000, 0x0000000786000000| Untracked 
|  97|0x0000000786100000, 0x0000000786100000, 0x0000000786200000|  0%| F|  |TAMS 0x0000000786100000, 0x0000000786100000| Untracked 
|  98|0x0000000786200000, 0x0000000786200000, 0x0000000786300000|  0%| F|  |TAMS 0x0000000786200000, 0x0000000786200000| Untracked 
|  99|0x0000000786300000, 0x0000000786300000, 0x0000000786400000|  0%| F|  |TAMS 0x0000000786300000, 0x0000000786300000| Untracked 
| 100|0x0000000786400000, 0x0000000786400000, 0x0000000786500000|  0%| F|  |TAMS 0x0000000786400000, 0x0000000786400000| Untracked 
| 101|0x0000000786500000, 0x0000000786500000, 0x0000000786600000|  0%| F|  |TAMS 0x0000000786500000, 0x0000000786500000| Untracked 
| 102|0x0000000786600000, 0x0000000786600000, 0x0000000786700000|  0%| F|  |TAMS 0x0000000786600000, 0x0000000786600000| Untracked 
| 103|0x0000000786700000, 0x0000000786700000, 0x0000000786800000|  0%| F|  |TAMS 0x0000000786700000, 0x0000000786700000| Untracked 
| 104|0x0000000786800000, 0x0000000786800000, 0x0000000786900000|  0%| F|  |TAMS 0x0000000786800000, 0x0000000786800000| Untracked 
| 105|0x0000000786900000, 0x0000000786900000, 0x0000000786a00000|  0%| F|  |TAMS 0x0000000786900000, 0x0000000786900000| Untracked 
| 106|0x0000000786a00000, 0x0000000786a00000, 0x0000000786b00000|  0%| F|  |TAMS 0x0000000786a00000, 0x0000000786a00000| Untracked 
| 107|0x0000000786b00000, 0x0000000786b00000, 0x0000000786c00000|  0%| F|  |TAMS 0x0000000786b00000, 0x0000000786b00000| Untracked 
| 108|0x0000000786c00000, 0x0000000786c00000, 0x0000000786d00000|  0%| F|  |TAMS 0x0000000786c00000, 0x0000000786c00000| Untracked 
| 109|0x0000000786d00000, 0x0000000786d00000, 0x0000000786e00000|  0%| F|  |TAMS 0x0000000786d00000, 0x0000000786d00000| Untracked 
| 110|0x0000000786e00000, 0x0000000786e00000, 0x0000000786f00000|  0%| F|  |TAMS 0x0000000786e00000, 0x0000000786e00000| Untracked 
| 111|0x0000000786f00000, 0x0000000786f00000, 0x0000000787000000|  0%| F|  |TAMS 0x0000000786f00000, 0x0000000786f00000| Untracked 
| 112|0x0000000787000000, 0x0000000787100000, 0x0000000787100000|100%|HS|  |TAMS 0x0000000787100000, 0x0000000787000000| Complete 
| 113|0x0000000787100000, 0x0000000787200000, 0x0000000787200000|100%|HC|  |TAMS 0x0000000787200000, 0x0000000787100000| Complete 
| 114|0x0000000787200000, 0x0000000787300000, 0x0000000787300000|100%|HC|  |TAMS 0x0000000787300000, 0x0000000787200000| Complete 
| 115|0x0000000787300000, 0x0000000787400000, 0x0000000787400000|100%|HC|  |TAMS 0x0000000787400000, 0x0000000787300000| Complete 
| 116|0x0000000787400000, 0x0000000787500000, 0x0000000787500000|100%|HC|  |TAMS 0x0000000787500000, 0x0000000787400000| Complete 
| 117|0x0000000787500000, 0x0000000787600000, 0x0000000787600000|100%|HC|  |TAMS 0x0000000787600000, 0x0000000787500000| Complete 
| 118|0x0000000787600000, 0x0000000787700000, 0x0000000787700000|100%|HC|  |TAMS 0x0000000787700000, 0x0000000787600000| Complete 
| 119|0x0000000787700000, 0x0000000787800000, 0x0000000787800000|100%|HC|  |TAMS 0x0000000787800000, 0x0000000787700000| Complete 
| 120|0x0000000787800000, 0x0000000787900000, 0x0000000787900000|100%|HC|  |TAMS 0x0000000787900000, 0x0000000787800000| Complete 
| 121|0x0000000787900000, 0x0000000787a00000, 0x0000000787a00000|100%|HC|  |TAMS 0x0000000787a00000, 0x0000000787900000| Complete 
| 122|0x0000000787a00000, 0x0000000787b00000, 0x0000000787b00000|100%|HC|  |TAMS 0x0000000787b00000, 0x0000000787a00000| Complete 
| 123|0x0000000787b00000, 0x0000000787c00000, 0x0000000787c00000|100%|HC|  |TAMS 0x0000000787c00000, 0x0000000787b00000| Complete 
| 124|0x0000000787c00000, 0x0000000787c00000, 0x0000000787d00000|  0%| F|  |TAMS 0x0000000787c00000, 0x0000000787c00000| Untracked 
| 125|0x0000000787d00000, 0x0000000787d00000, 0x0000000787e00000|  0%| F|  |TAMS 0x0000000787d00000, 0x0000000787d00000| Untracked 
| 126|0x0000000787e00000, 0x0000000787e00000, 0x0000000787f00000|  0%| F|  |TAMS 0x0000000787e00000, 0x0000000787e00000| Untracked 
| 127|0x0000000787f00000, 0x0000000787f00000, 0x0000000788000000|  0%| F|  |TAMS 0x0000000787f00000, 0x0000000787f00000| Untracked 
| 128|0x0000000788000000, 0x0000000788000000, 0x0000000788100000|  0%| F|  |TAMS 0x0000000788000000, 0x0000000788000000| Untracked 
| 129|0x0000000788100000, 0x0000000788100000, 0x0000000788200000|  0%| F|  |TAMS 0x0000000788100000, 0x0000000788100000| Untracked 
| 130|0x0000000788200000, 0x0000000788200000, 0x0000000788300000|  0%| F|  |TAMS 0x0000000788200000, 0x0000000788200000| Untracked 
| 131|0x0000000788300000, 0x0000000788300000, 0x0000000788400000|  0%| F|  |TAMS 0x0000000788300000, 0x0000000788300000| Untracked 
| 132|0x0000000788400000, 0x0000000788400000, 0x0000000788500000|  0%| F|  |TAMS 0x0000000788400000, 0x0000000788400000| Untracked 
| 133|0x0000000788500000, 0x0000000788500000, 0x0000000788600000|  0%| F|  |TAMS 0x0000000788500000, 0x0000000788500000| Untracked 
| 134|0x0000000788600000, 0x0000000788600000, 0x0000000788700000|  0%| F|  |TAMS 0x0000000788600000, 0x0000000788600000| Untracked 
| 135|0x0000000788700000, 0x0000000788700000, 0x0000000788800000|  0%| F|  |TAMS 0x0000000788700000, 0x0000000788700000| Untracked 
| 136|0x0000000788800000, 0x0000000788800000, 0x0000000788900000|  0%| F|  |TAMS 0x0000000788800000, 0x0000000788800000| Untracked 
| 137|0x0000000788900000, 0x0000000788900000, 0x0000000788a00000|  0%| F|  |TAMS 0x0000000788900000, 0x0000000788900000| Untracked 
| 138|0x0000000788a00000, 0x0000000788a00000, 0x0000000788b00000|  0%| F|  |TAMS 0x0000000788a00000, 0x0000000788a00000| Untracked 
| 139|0x0000000788b00000, 0x0000000788b00000, 0x0000000788c00000|  0%| F|  |TAMS 0x0000000788b00000, 0x0000000788b00000| Untracked 
| 140|0x0000000788c00000, 0x0000000788c00000, 0x0000000788d00000|  0%| F|  |TAMS 0x0000000788c00000, 0x0000000788c00000| Untracked 
| 141|0x0000000788d00000, 0x0000000788d00000, 0x0000000788e00000|  0%| F|  |TAMS 0x0000000788d00000, 0x0000000788d00000| Untracked 
| 142|0x0000000788e00000, 0x0000000788e00000, 0x0000000788f00000|  0%| F|  |TAMS 0x0000000788e00000, 0x0000000788e00000| Untracked 
| 143|0x0000000788f00000, 0x0000000788f00000, 0x0000000789000000|  0%| F|  |TAMS 0x0000000788f00000, 0x0000000788f00000| Untracked 
| 144|0x0000000789000000, 0x0000000789000000, 0x0000000789100000|  0%| F|  |TAMS 0x0000000789000000, 0x0000000789000000| Untracked 
| 145|0x0000000789100000, 0x0000000789100000, 0x0000000789200000|  0%| F|  |TAMS 0x0000000789100000, 0x0000000789100000| Untracked 
| 146|0x0000000789200000, 0x0000000789200000, 0x0000000789300000|  0%| F|  |TAMS 0x0000000789200000, 0x0000000789200000| Untracked 
| 147|0x0000000789300000, 0x00000007893e3e58, 0x0000000789400000| 89%| S|CS|TAMS 0x0000000789300000, 0x0000000789300000| Complete 
| 148|0x0000000789400000, 0x0000000789500000, 0x0000000789500000|100%| S|CS|TAMS 0x0000000789400000, 0x0000000789400000| Complete 
| 149|0x0000000789500000, 0x0000000789500000, 0x0000000789600000|  0%| F|  |TAMS 0x0000000789500000, 0x0000000789500000| Untracked 
| 150|0x0000000789600000, 0x0000000789600000, 0x0000000789700000|  0%| F|  |TAMS 0x0000000789600000, 0x0000000789600000| Untracked 
| 151|0x0000000789700000, 0x000000078972ec30, 0x0000000789800000| 18%| E|  |TAMS 0x0000000789700000, 0x0000000789700000| Complete 
| 152|0x0000000789800000, 0x00000007898f87e0, 0x0000000789900000| 97%| E|  |TAMS 0x0000000789800000, 0x0000000789800000| Complete 
|1022|0x00000007bfe00000, 0x00000007bfe47000, 0x00000007bff00000| 27%|OA|  |TAMS 0x00000007bfe47000, 0x00000007bfe00000| Untracked 
|1023|0x00000007bff00000, 0x00000007bff76000, 0x00000007c0000000| 46%|CA|  |TAMS 0x00000007bff76000, 0x00000007bff00000| Untracked 

Card table byte_map: [0x0000000122e74000,0x0000000123274000] _byte_map_base: 0x000000011f274000

Marking Bits (Prev, Next): (CMBitMap*) 0x00007f8063005018, (CMBitMap*) 0x00007f8063005058
 Prev Bits: [0x0000000123674000, 0x0000000125674000)
 Next Bits: [0x0000000125674000, 0x0000000127674000)

Polling page: 0x0000000109585000

Metaspace:

Usage:
  Non-class:     15.37 MB capacity,    15.13 MB ( 98%) used,   206.92 KB (  1%) free+waste,    35.69 KB ( <1%) overhead. 
      Class:      2.07 MB capacity,     1.93 MB ( 93%) used,   128.91 KB (  6%) free+waste,    19.12 KB ( <1%) overhead. 
       Both:     17.44 MB capacity,    17.06 MB ( 98%) used,   335.84 KB (  2%) free+waste,    54.81 KB ( <1%) overhead. 

Virtual space:
  Non-class space:       16.00 MB reserved,      15.75 MB ( 98%) committed 
      Class space:        1.00 GB reserved,       2.12 MB ( <1%) committed 
             Both:        1.02 GB reserved,      17.88 MB (  2%) committed 

Chunk freelists:
   Non-Class:  196.00 KB
       Class:  32.00 KB
        Both:  228.00 KB

MaxMetaspaceSize: unlimited
CompressedClassSpaceSize: 1.00 GB

CodeHeap 'non-profiled nmethods': size=120032Kb used=1401Kb max_used=1424Kb free=118630Kb
 bounds [0x000000011b93c000, 0x000000011bbac000, 0x0000000122e74000]
CodeHeap 'profiled nmethods': size=120032Kb used=6328Kb max_used=6734Kb free=113704Kb
 bounds [0x0000000114404000, 0x0000000114aa4000, 0x000000011b93c000]
CodeHeap 'non-nmethods': size=5696Kb used=1421Kb max_used=1458Kb free=4274Kb
 bounds [0x0000000113e74000, 0x00000001140e4000, 0x0000000114404000]
 total_blobs=4637 nmethods=2940 adapters=650
 compilation: enabled
              stopped_count=0, restarted_count=0
 full_count=0

Compilation events (20 events):
Event: 6202.538 Thread 0x00007f8063809800 3157   !   3       sun.swing.SwingUtilities2::drawStringUnderlineCharAt (294 bytes)
Event: 6202.543 Thread 0x00007f8063809800 nmethod 3157 0x000000011477cd10 code [0x000000011477d1c0, 0x000000011477fba8]
Event: 6202.543 Thread 0x00007f8063809800 3162       3       sun.font.GlyphList::dispose (48 bytes)
Event: 6202.544 Thread 0x00007f8063809800 nmethod 3162 0x000000011454c490 code [0x000000011454c640, 0x000000011454c970]
Event: 6202.544 Thread 0x00007f8063809800 3159       3       sun.font.GlyphList::ensureCapacity (79 bytes)
Event: 6202.544 Thread 0x00007f8063809800 nmethod 3159 0x0000000114617290 code [0x0000000114617460, 0x0000000114617b50]
Event: 6202.544 Thread 0x00007f8063809800 3160       3       sun.font.GlyphList::mapChars (47 bytes)
Event: 6202.544 Thread 0x00007f8063809800 nmethod 3160 0x0000000114470e10 code [0x0000000114470fe0, 0x0000000114471488]
Event: 6202.544 Thread 0x00007f8063809800 3161       3       sun.font.GlyphList::setFromString (75 bytes)
Event: 6202.545 Thread 0x00007f8063809800 nmethod 3161 0x000000011460a310 code [0x000000011460a4e0, 0x000000011460a8c8]
Event: 6202.545 Thread 0x00007f8063809800 3158   !   3       sun.swing.SwingUtilities2::drawString (458 bytes)
Event: 6202.549 Thread 0x00007f8063809800 nmethod 3158 0x000000011480fb10 code [0x00000001148100c0, 0x0000000114813888]
Event: 6202.602 Thread 0x00007f8063809800 3163  s    3       java.util.Hashtable::remove (133 bytes)
Event: 6202.602 Thread 0x00007f8063809800 nmethod 3163 0x000000011482e090 code [0x000000011482e280, 0x000000011482ec38]
Event: 6202.602 Thread 0x00007f8063809800 3164   !   3       javax.swing.plaf.basic.BasicTextUI::getPreferredSize (271 bytes)
Event: 6202.605 Thread 0x00007f8063809800 nmethod 3164 0x0000000114681090 code [0x00000001146813c0, 0x0000000114682c98]
Event: 6202.605 Thread 0x00007f8063809800 3166       3       javax.swing.plaf.basic.BasicLabelUI::paint (187 bytes)
Event: 6202.606 Thread 0x00007f8063809800 nmethod 3166 0x00000001146b4d10 code [0x00000001146b5000, 0x00000001146b6668]
Event: 6202.606 Thread 0x00007f8063809800 3165       1       apple.laf.JRSUIControl::setEncodedState (6 bytes)
Event: 6202.607 Thread 0x00007f8063809800 nmethod 3165 0x000000011b966e10 code [0x000000011b966fa0, 0x000000011b9670d0]

GC Heap History (20 events):
Event: 103.425 GC heap before
{Heap before GC invocations=3 (full 0):
 garbage-first heap   total 133120K, used 73204K [0x0000000780000000, 0x0000000800000000)
  region size 1024K, 18 young (18432K), 3 survivors (3072K)
 Metaspace       used 17266K, capacity 17670K, committed 18048K, reserved 1064960K
  class space    used 1972K, capacity 2151K, committed 2176K, reserved 1048576K
}
Event: 103.428 GC heap after
{Heap after GC invocations=4 (full 0):
 garbage-first heap   total 133120K, used 58076K [0x0000000780000000, 0x0000000800000000)
  region size 1024K, 3 young (3072K), 3 survivors (3072K)
 Metaspace       used 17266K, capacity 17670K, committed 18048K, reserved 1064960K
  class space    used 1972K, capacity 2151K, committed 2176K, reserved 1048576K
}
Event: 107.907 GC heap before
{Heap before GC invocations=5 (full 0):
 garbage-first heap   total 133120K, used 67292K [0x0000000780000000, 0x0000000800000000)
  region size 1024K, 14 young (14336K), 3 survivors (3072K)
 Metaspace       used 17414K, capacity 17798K, committed 18048K, reserved 1064960K
  class space    used 1986K, capacity 2151K, committed 2176K, reserved 1048576K
}
Event: 107.910 GC heap after
{Heap after GC invocations=6 (full 0):
 garbage-first heap   total 133120K, used 40537K [0x0000000780000000, 0x0000000800000000)
  region size 1024K, 3 young (3072K), 3 survivors (3072K)
 Metaspace       used 17414K, capacity 17798K, committed 18048K, reserved 1064960K
  class space    used 1986K, capacity 2151K, committed 2176K, reserved 1048576K
}
Event: 5049.294 GC heap before
{Heap before GC invocations=7 (full 0):
 garbage-first heap   total 133120K, used 62041K [0x0000000780000000, 0x0000000800000000)
  region size 1024K, 11 young (11264K), 3 survivors (3072K)
 Metaspace       used 17469K, capacity 17865K, committed 18048K, reserved 1064960K
  class space    used 1988K, capacity 2152K, committed 2176K, reserved 1048576K
}
Event: 5049.380 GC heap after
{Heap after GC invocations=8 (full 0):
 garbage-first heap   total 133120K, used 38404K [0x0000000780000000, 0x0000000800000000)
  region size 1024K, 2 young (2048K), 2 survivors (2048K)
 Metaspace       used 17469K, capacity 17865K, committed 18048K, reserved 1064960K
  class space    used 1988K, capacity 2152K, committed 2176K, reserved 1048576K
}
Event: 6199.519 GC heap before
{Heap before GC invocations=9 (full 0):
 garbage-first heap   total 133120K, used 66052K [0x0000000780000000, 0x0000000800000000)
  region size 1024K, 5 young (5120K), 2 survivors (2048K)
 Metaspace       used 17437K, capacity 17796K, committed 18048K, reserved 1064960K
  class space    used 1974K, capacity 2124K, committed 2176K, reserved 1048576K
}
Event: 6199.534 GC heap after
{Heap after GC invocations=10 (full 0):
 garbage-first heap   total 133120K, used 63571K [0x0000000780000000, 0x0000000800000000)
  region size 1024K, 2 young (2048K), 2 survivors (2048K)
 Metaspace       used 17437K, capacity 17796K, committed 18048K, reserved 1064960K
  class space    used 1974K, capacity 2124K, committed 2176K, reserved 1048576K
}
Event: 6199.945 GC heap before
{Heap before GC invocations=11 (full 0):
 garbage-first heap   total 133120K, used 63571K [0x0000000780000000, 0x0000000800000000)
  region size 1024K, 4 young (4096K), 2 survivors (2048K)
 Metaspace       used 17440K, capacity 17796K, committed 18048K, reserved 1064960K
  class space    used 1974K, capacity 2124K, committed 2176K, reserved 1048576K
}
Event: 6199.954 GC heap after
{Heap after GC invocations=12 (full 0):
 garbage-first heap   total 133120K, used 63626K [0x0000000780000000, 0x0000000800000000)
  region size 1024K, 2 young (2048K), 2 survivors (2048K)
 Metaspace       used 17440K, capacity 17796K, committed 18048K, reserved 1064960K
  class space    used 1974K, capacity 2124K, committed 2176K, reserved 1048576K
}
Event: 6200.382 GC heap before
{Heap before GC invocations=13 (full 0):
 garbage-first heap   total 133120K, used 63626K [0x0000000780000000, 0x0000000800000000)
  region size 1024K, 3 young (3072K), 2 survivors (2048K)
 Metaspace       used 17441K, capacity 17796K, committed 18048K, reserved 1064960K
  class space    used 1974K, capacity 2124K, committed 2176K, reserved 1048576K
}
Event: 6200.385 GC heap after
{Heap after GC invocations=14 (full 0):
 garbage-first heap   total 133120K, used 63297K [0x0000000780000000, 0x0000000800000000)
  region size 1024K, 2 young (2048K), 2 survivors (2048K)
 Metaspace       used 17441K, capacity 17796K, committed 18048K, reserved 1064960K
  class space    used 1974K, capacity 2124K, committed 2176K, reserved 1048576K
}
Event: 6200.650 GC heap before
{Heap before GC invocations=15 (full 0):
 garbage-first heap   total 133120K, used 65345K [0x0000000780000000, 0x0000000800000000)
  region size 1024K, 4 young (4096K), 2 survivors (2048K)
 Metaspace       used 17446K, capacity 17860K, committed 18304K, reserved 1064960K
  class space    used 1974K, capacity 2124K, committed 2176K, reserved 1048576K
}
Event: 6200.652 GC heap after
{Heap after GC invocations=16 (full 0):
 garbage-first heap   total 133120K, used 65390K [0x0000000780000000, 0x0000000800000000)
  region size 1024K, 2 young (2048K), 2 survivors (2048K)
 Metaspace       used 17446K, capacity 17860K, committed 18304K, reserved 1064960K
  class space    used 1974K, capacity 2124K, committed 2176K, reserved 1048576K
}
Event: 6201.452 GC heap before
{Heap before GC invocations=17 (full 0):
 garbage-first heap   total 133120K, used 67438K [0x0000000780000000, 0x0000000800000000)
  region size 1024K, 4 young (4096K), 2 survivors (2048K)
 Metaspace       used 17454K, capacity 17860K, committed 18304K, reserved 1064960K
  class space    used 1975K, capacity 2124K, committed 2176K, reserved 1048576K
}
Event: 6201.455 GC heap after
{Heap after GC invocations=18 (full 0):
 garbage-first heap   total 133120K, used 67926K [0x0000000780000000, 0x0000000800000000)
  region size 1024K, 2 young (2048K), 2 survivors (2048K)
 Metaspace       used 17454K, capacity 17860K, committed 18304K, reserved 1064960K
  class space    used 1975K, capacity 2124K, committed 2176K, reserved 1048576K
}
Event: 6202.488 GC heap before
{Heap before GC invocations=19 (full 0):
 garbage-first heap   total 158720K, used 92502K [0x0000000780000000, 0x0000000800000000)
  region size 1024K, 4 young (4096K), 2 survivors (2048K)
 Metaspace       used 17457K, capacity 17860K, committed 18304K, reserved 1064960K
  class space    used 1975K, capacity 2124K, committed 2176K, reserved 1048576K
}
Event: 6202.492 GC heap after
{Heap after GC invocations=20 (full 0):
 garbage-first heap   total 158720K, used 88347K [0x0000000780000000, 0x0000000800000000)
  region size 1024K, 3 young (3072K), 3 survivors (3072K)
 Metaspace       used 17457K, capacity 17860K, committed 18304K, reserved 1064960K
  class space    used 1975K, capacity 2124K, committed 2176K, reserved 1048576K
}
Event: 6202.565 GC heap before
{Heap before GC invocations=21 (full 0):
 garbage-first heap   total 158720K, used 89371K [0x0000000780000000, 0x0000000800000000)
  region size 1024K, 4 young (4096K), 3 survivors (3072K)
 Metaspace       used 17464K, capacity 17860K, committed 18304K, reserved 1064960K
  class space    used 1975K, capacity 2124K, committed 2176K, reserved 1048576K
}
Event: 6202.572 GC heap after
{Heap after GC invocations=22 (full 0):
 garbage-first heap   total 158720K, used 89291K [0x0000000780000000, 0x0000000800000000)
  region size 1024K, 2 young (2048K), 2 survivors (2048K)
 Metaspace       used 17464K, capacity 17860K, committed 18304K, reserved 1064960K
  class space    used 1975K, capacity 2124K, committed 2176K, reserved 1048576K
}

Deoptimization events (20 events):
Event: 103.543 Thread 0x00007f8063ab3000 DEOPT PACKING pc=0x000000011471bef4 sp=0x0000700005df6200
Event: 103.543 Thread 0x00007f8063ab3000 DEOPT UNPACKING pc=0x0000000113ebd33a sp=0x0000700005df5758 mode 0
Event: 5049.691 Thread 0x00007f8063ab3000 DEOPT PACKING pc=0x00000001146b1c2e sp=0x0000700005df5460
Event: 5049.691 Thread 0x00007f8063ab3000 DEOPT UNPACKING pc=0x0000000113ebd33a sp=0x0000700005df4940 mode 0
Event: 5049.708 Thread 0x00007f8063ab3000 Uncommon trap: trap_request=0xffffff45 fr.pc=0x000000011b9b7774 relative=0x0000000000001374
Event: 5049.709 Thread 0x00007f8063ab3000 Uncommon trap: reason=unstable_if action=reinterpret pc=0x000000011b9b7774 method=sun.java2d.loops.OpaqueCopyAnyToArgb.Blit(Lsun/java2d/SurfaceData;Lsun/java2d/SurfaceData;Ljava/awt/Composite;Lsun/java2d/pipe/Region;IIIIII)V @ 150 c2
Event: 5049.709 Thread 0x00007f8063ab3000 DEOPT PACKING pc=0x000000011b9b7774 sp=0x0000700005df54b0
Event: 5049.710 Thread 0x00007f8063ab3000 DEOPT UNPACKING pc=0x0000000113ebce25 sp=0x0000700005df5440 mode 2
Event: 6200.727 Thread 0x00007f80639ed000 Uncommon trap: trap_request=0xffffff45 fr.pc=0x000000011ba99710 relative=0x00000000000006d0
Event: 6200.727 Thread 0x00007f80639ed000 Uncommon trap: reason=unstable_if action=reinterpret pc=0x000000011ba99710 method=javax.swing.Timer.post()V @ 9 c2
Event: 6200.727 Thread 0x00007f80639ed000 DEOPT PACKING pc=0x000000011ba99710 sp=0x0000700005cf4950
Event: 6200.727 Thread 0x00007f80639ed000 DEOPT UNPACKING pc=0x0000000113ebce25 sp=0x0000700005cf4930 mode 2
Event: 6200.983 Thread 0x00007f8063ab3000 Uncommon trap: trap_request=0xffffff45 fr.pc=0x000000011ba4e8b8 relative=0x0000000000000298
Event: 6200.983 Thread 0x00007f8063ab3000 Uncommon trap: reason=unstable_if action=reinterpret pc=0x000000011ba4e8b8 method=java.awt.font.FontRenderContext.equals(Ljava/awt/font/FontRenderContext;)Z @ 53 c2
Event: 6200.983 Thread 0x00007f8063ab3000 DEOPT PACKING pc=0x000000011ba4e8b8 sp=0x0000700005df5ef0
Event: 6200.983 Thread 0x00007f8063ab3000 DEOPT UNPACKING pc=0x0000000113ebce25 sp=0x0000700005df5eb0 mode 2
Event: 6201.115 Thread 0x00007f8063ab3000 Uncommon trap: trap_request=0xffffff45 fr.pc=0x000000011ba94848 relative=0x0000000000000128
Event: 6201.115 Thread 0x00007f8063ab3000 Uncommon trap: reason=unstable_if action=reinterpret pc=0x000000011ba94848 method=java.awt.geom.AffineTransform.equals(Ljava/lang/Object;)Z @ 23 c2
Event: 6201.115 Thread 0x00007f8063ab3000 DEOPT PACKING pc=0x000000011ba94848 sp=0x0000700005df6ff0
Event: 6201.115 Thread 0x00007f8063ab3000 DEOPT UNPACKING pc=0x0000000113ebce25 sp=0x0000700005df6f98 mode 2

Classes unloaded (20 events):
Event: 5049.429 Thread 0x00007f8064816800 Unloading class 0x0000000800b4c840 'java/lang/invoke/LambdaForm$MH'
Event: 5049.430 Thread 0x00007f8064816800 Unloading class 0x0000000800b45c40 'java/lang/invoke/LambdaForm$MH'
Event: 5049.430 Thread 0x00007f8064816800 Unloading class 0x0000000800b45840 'java/lang/invoke/LambdaForm$MH'
Event: 5049.430 Thread 0x00007f8064816800 Unloading class 0x0000000800b45040 'java/lang/invoke/LambdaForm$MH'
Event: 5049.430 Thread 0x00007f8064816800 Unloading class 0x0000000800b44c40 'java/lang/invoke/LambdaForm$MH'
Event: 5049.430 Thread 0x00007f8064816800 Unloading class 0x0000000800b43040 'java/lang/invoke/LambdaForm$MH'
Event: 5049.430 Thread 0x00007f8064816800 Unloading class 0x0000000800b42c40 'java/lang/invoke/LambdaForm$MH'
Event: 5049.430 Thread 0x00007f8064816800 Unloading class 0x0000000800b42840 'java/lang/invoke/LambdaForm$MH'
Event: 5049.430 Thread 0x00007f8064816800 Unloading class 0x0000000800b42440 'java/lang/invoke/LambdaForm$MH'
Event: 5049.430 Thread 0x00007f8064816800 Unloading class 0x0000000800b42040 'java/lang/invoke/LambdaForm$MH'
Event: 5049.430 Thread 0x00007f8064816800 Unloading class 0x0000000800b41c40 'java/lang/invoke/LambdaForm$MH'
Event: 5049.430 Thread 0x00007f8064816800 Unloading class 0x0000000800b41840 'java/lang/invoke/LambdaForm$MH'
Event: 5049.430 Thread 0x00007f8064816800 Unloading class 0x0000000800b41440 'java/lang/invoke/LambdaForm$MH'
Event: 5049.430 Thread 0x00007f8064816800 Unloading class 0x0000000800b40c40 'java/lang/invoke/LambdaForm$MH'
Event: 5049.430 Thread 0x00007f8064816800 Unloading class 0x0000000800b40440 'java/lang/invoke/LambdaForm$MH'
Event: 5049.430 Thread 0x00007f8064816800 Unloading class 0x0000000800b40040 'java/lang/invoke/LambdaForm$MH'
Event: 5049.430 Thread 0x00007f8064816800 Unloading class 0x0000000800b3fc40 'java/lang/invoke/LambdaForm$MH'
Event: 5049.430 Thread 0x00007f8064816800 Unloading class 0x0000000800b3f840 'java/lang/invoke/LambdaForm$MH'
Event: 5049.430 Thread 0x00007f8064816800 Unloading class 0x0000000800b3f040 'java/lang/invoke/LambdaForm$MH'
Event: 5049.430 Thread 0x00007f8064816800 Unloading class 0x0000000800b3ec40 'java/lang/invoke/LambdaForm$MH'

Classes redefined (0 events):
No events

Internal exceptions (20 events):
Event: 0.440 Thread 0x00007f8064801800 Exception <a 'java/lang/NoSuchMethodError'{0x0000000787c7f4b8}: 'java.lang.Object java.lang.invoke.DirectMethodHandle$Holder.invokeStatic(java.lang.Object, int, java.lang.Object, java.lang.Object, java.lang.Object, java.lang.Object)'> (0x0000000787c7f4b8) 
thrown [/scratch/mesos/slaves/fcf4c0c4-d73e-4321-860c-6613427db92b-S1400/frameworks/1735e8a2-a1db-478c-8104-60c8b0af87dd-0196/executors/daacdadf-a1b9-40bc-9978-e61e217c02bb/runs/8ae9fce2-2d0e-4b1f-b6c6-d913bc747292/workspace/open/src/hotspot/share/interp
Event: 0.441 Thread 0x00007f8064801800 Exception <a 'java/lang/NoSuchMethodError'{0x0000000787c85e18}: 'java.lang.Object java.lang.invoke.DirectMethodHandle$Holder.invokeStatic(java.lang.Object, int, java.lang.Object, java.lang.Object, java.lang.Object)'> (0x0000000787c85e18) 
thrown [/scratch/mesos/slaves/fcf4c0c4-d73e-4321-860c-6613427db92b-S1400/frameworks/1735e8a2-a1db-478c-8104-60c8b0af87dd-0196/executors/daacdadf-a1b9-40bc-9978-e61e217c02bb/runs/8ae9fce2-2d0e-4b1f-b6c6-d913bc747292/workspace/open/src/hotspot/share/interpreter/linkResolver
Event: 0.441 Thread 0x00007f8064801800 Exception <a 'java/lang/NoSuchMethodError'{0x0000000787c89680}: 'java.lang.Object java.lang.invoke.DirectMethodHandle$Holder.invokeSpecial(java.lang.Object, java.lang.Object, int, java.lang.Object, java.lang.Object, java.lang.Object)'> (0x0000000787c89680) 
thrown [/scratch/mesos/slaves/fcf4c0c4-d73e-4321-860c-6613427db92b-S1400/frameworks/1735e8a2-a1db-478c-8104-60c8b0af87dd-0196/executors/daacdadf-a1b9-40bc-9978-e61e217c02bb/runs/8ae9fce2-2d0e-4b1f-b6c6-d913bc747292/workspace/open/src/hotspot/share/inter
Event: 0.444 Thread 0x00007f8064801800 Exception <a 'java/lang/NoSuchMethodError'{0x0000000787c9fbe8}: 'java.lang.Object java.lang.invoke.DirectMethodHandle$Holder.invokeStatic(java.lang.Object, int, java.lang.Object)'> (0x0000000787c9fbe8) 
thrown [/scratch/mesos/slaves/fcf4c0c4-d73e-4321-860c-6613427db92b-S1400/frameworks/1735e8a2-a1db-478c-8104-60c8b0af87dd-0196/executors/daacdadf-a1b9-40bc-9978-e61e217c02bb/runs/8ae9fce2-2d0e-4b1f-b6c6-d913bc747292/workspace/open/src/hotspot/share/interpreter/linkResolver.cpp, line 767]
Event: 0.448 Thread 0x00007f8064801800 Exception <a 'java/lang/ClassNotFoundException'{0x0000000787ccc3b8}: com/apple/laf/resources/spi/aquaProvider> (0x0000000787ccc3b8) 
thrown [/scratch/mesos/slaves/fcf4c0c4-d73e-4321-860c-6613427db92b-S1400/frameworks/1735e8a2-a1db-478c-8104-60c8b0af87dd-0196/executors/daacdadf-a1b9-40bc-9978-e61e217c02bb/runs/8ae9fce2-2d0e-4b1f-b6c6-d913bc747292/workspace/open/src/hotspot/share/classfile/systemDictionary.cpp, line 232]
Event: 0.468 Thread 0x00007f8064801800 Exception <a 'java/lang/ClassNotFoundException'{0x0000000787b2f6b8}: com/sun/swing/internal/plaf/basic/resources/spi/basicProvider> (0x0000000787b2f6b8) 
thrown [/scratch/mesos/slaves/fcf4c0c4-d73e-4321-860c-6613427db92b-S1400/frameworks/1735e8a2-a1db-478c-8104-60c8b0af87dd-0196/executors/daacdadf-a1b9-40bc-9978-e61e217c02bb/runs/8ae9fce2-2d0e-4b1f-b6c6-d913bc747292/workspace/open/src/hotspot/share/classfile/systemDictionary.cpp, line 232]
Event: 0.493 Thread 0x00007f8064801800 Exception <a 'java/lang/NoSuchMethodError'{0x0000000787b7ec08}: 'int java.lang.invoke.DirectMethodHandle$Holder.invokeSpecialIFC(java.lang.Object, java.lang.Object, int)'> (0x0000000787b7ec08) 
thrown [/scratch/mesos/slaves/fcf4c0c4-d73e-4321-860c-6613427db92b-S1400/frameworks/1735e8a2-a1db-478c-8104-60c8b0af87dd-0196/executors/daacdadf-a1b9-40bc-9978-e61e217c02bb/runs/8ae9fce2-2d0e-4b1f-b6c6-d913bc747292/workspace/open/src/hotspot/share/interpreter/linkResolver.cpp, line 767]
Event: 1.346 Thread 0x00007f8064801800 Exception <a 'java/lang/NoSuchMethodError'{0x0000000787acc048}: 'java.lang.Object java.lang.invoke.Invokers$Holder.linkToTargetMethod(java.lang.Object, java.lang.Object, int, java.lang.Object, java.lang.Object)'> (0x0000000787acc048) 
thrown [/scratch/mesos/slaves/fcf4c0c4-d73e-4321-860c-6613427db92b-S1400/frameworks/1735e8a2-a1db-478c-8104-60c8b0af87dd-0196/executors/daacdadf-a1b9-40bc-9978-e61e217c02bb/runs/8ae9fce2-2d0e-4b1f-b6c6-d913bc747292/workspace/open/src/hotspot/share/interpreter/linkResolver.cpp
Event: 1.367 Thread 0x00007f8064801800 Exception <a 'java/lang/NoSuchMethodError'{0x0000000787acf788}: 'void java.lang.invoke.DirectMethodHandle$Holder.invokeStatic(java.lang.Object, int, long)'> (0x0000000787acf788) 
thrown [/scratch/mesos/slaves/fcf4c0c4-d73e-4321-860c-6613427db92b-S1400/frameworks/1735e8a2-a1db-478c-8104-60c8b0af87dd-0196/executors/daacdadf-a1b9-40bc-9978-e61e217c02bb/runs/8ae9fce2-2d0e-4b1f-b6c6-d913bc747292/workspace/open/src/hotspot/share/interpreter/linkResolver.cpp, line 767]
Event: 1.370 Thread 0x00007f8064801800 Exception <a 'java/lang/NoSuchMethodError'{0x0000000787ad6a88}: 'void java.lang.invoke.DirectMethodHandle$Holder.invokeSpecial(java.lang.Object, java.lang.Object)'> (0x0000000787ad6a88) 
thrown [/scratch/mesos/slaves/fcf4c0c4-d73e-4321-860c-6613427db92b-S1400/frameworks/1735e8a2-a1db-478c-8104-60c8b0af87dd-0196/executors/daacdadf-a1b9-40bc-9978-e61e217c02bb/runs/8ae9fce2-2d0e-4b1f-b6c6-d913bc747292/workspace/open/src/hotspot/share/interpreter/linkResolver.cpp, line 767]
Event: 1.372 Thread 0x00007f8064801800 Exception <a 'java/lang/NoSuchMethodError'{0x0000000787910200}: 'java.lang.Object java.lang.invoke.Invokers$Holder.linkToTargetMethod(int, int, int, int, java.lang.Object)'> (0x0000000787910200) 
thrown [/scratch/mesos/slaves/fcf4c0c4-d73e-4321-860c-6613427db92b-S1400/frameworks/1735e8a2-a1db-478c-8104-60c8b0af87dd-0196/executors/daacdadf-a1b9-40bc-9978-e61e217c02bb/runs/8ae9fce2-2d0e-4b1f-b6c6-d913bc747292/workspace/open/src/hotspot/share/interpreter/linkResolver.cpp, line 767]
Event: 1.373 Thread 0x00007f8064801800 Exception <a 'java/lang/NoSuchMethodError'{0x0000000787912e98}: 'void java.lang.invoke.DirectMethodHandle$Holder.invokeStatic(java.lang.Object, java.lang.Object, long)'> (0x0000000787912e98) 
thrown [/scratch/mesos/slaves/fcf4c0c4-d73e-4321-860c-6613427db92b-S1400/frameworks/1735e8a2-a1db-478c-8104-60c8b0af87dd-0196/executors/daacdadf-a1b9-40bc-9978-e61e217c02bb/runs/8ae9fce2-2d0e-4b1f-b6c6-d913bc747292/workspace/open/src/hotspot/share/interpreter/linkResolver.cpp, line 767]
Event: 1.381 Thread 0x00007f8064073800 Exception <a 'java/lang/NoSuchMethodError'{0x0000000787997a30}: 'void java.lang.invoke.DirectMethodHandle$Holder.invokeSpecial(java.lang.Object, java.lang.Object, long)'> (0x0000000787997a30) 
thrown [/scratch/mesos/slaves/fcf4c0c4-d73e-4321-860c-6613427db92b-S1400/frameworks/1735e8a2-a1db-478c-8104-60c8b0af87dd-0196/executors/daacdadf-a1b9-40bc-9978-e61e217c02bb/runs/8ae9fce2-2d0e-4b1f-b6c6-d913bc747292/workspace/open/src/hotspot/share/interpreter/linkResolver.cpp, line 767]
Event: 1.400 Thread 0x00007f8064801800 Exception <a 'java/lang/NoSuchMethodError'{0x0000000787927518}: 'void java.lang.invoke.DirectMethodHandle$Holder.invokeStatic(java.lang.Object, long, long)'> (0x0000000787927518) 
thrown [/scratch/mesos/slaves/fcf4c0c4-d73e-4321-860c-6613427db92b-S1400/frameworks/1735e8a2-a1db-478c-8104-60c8b0af87dd-0196/executors/daacdadf-a1b9-40bc-9978-e61e217c02bb/runs/8ae9fce2-2d0e-4b1f-b6c6-d913bc747292/workspace/open/src/hotspot/share/interpreter/linkResolver.cpp, line 767]
Event: 1.402 Thread 0x00007f8064801800 Exception <a 'java/lang/NoSuchMethodError'{0x00000007879328a0}: 'java.lang.Object java.lang.invoke.Invokers$Holder.linkToTargetMethod(java.lang.Object, int, java.lang.Object)'> (0x00000007879328a0) 
thrown [/scratch/mesos/slaves/fcf4c0c4-d73e-4321-860c-6613427db92b-S1400/frameworks/1735e8a2-a1db-478c-8104-60c8b0af87dd-0196/executors/daacdadf-a1b9-40bc-9978-e61e217c02bb/runs/8ae9fce2-2d0e-4b1f-b6c6-d913bc747292/workspace/open/src/hotspot/share/interpreter/linkResolver.cpp, line 767]
Event: 2.856 Thread 0x00007f8063ab3000 Exception <a 'java/lang/NoSuchMethodError'{0x00000007876fcee8}: 'java.lang.Object java.lang.invoke.DirectMethodHandle$Holder.invokeVirtual(java.lang.Object, java.lang.Object, java.lang.Object)'> (0x00000007876fcee8) 
thrown [/scratch/mesos/slaves/fcf4c0c4-d73e-4321-860c-6613427db92b-S1400/frameworks/1735e8a2-a1db-478c-8104-60c8b0af87dd-0196/executors/daacdadf-a1b9-40bc-9978-e61e217c02bb/runs/8ae9fce2-2d0e-4b1f-b6c6-d913bc747292/workspace/open/src/hotspot/share/interpreter/linkResolver.cpp, line 767]
Event: 3.349 Thread 0x00007f8063ab3000 Implicit null exception at 0x000000011b9b0995 to 0x000000011b9b0b52
Event: 72.273 Thread 0x00007f8063ab3000 Implicit null exception at 0x000000011b9900e4 to 0x000000011b9905fa
Event: 102.348 Thread 0x00007f8063ab3000 Implicit null exception at 0x000000011b98f664 to 0x000000011b98fb8e
Event: 6200.983 Thread 0x00007f8063ab3000 Implicit null exception at 0x000000011ba4e6b6 to 0x000000011ba4e8a2

Events (20 events):
Event: 6201.597 Thread 0x00007f806380a800 flushing nmethod 0x00000001147f8f90
Event: 6201.597 Thread 0x00007f806380a800 flushing nmethod 0x000000011480fb10
Event: 6201.597 Thread 0x00007f806380a800 flushing nmethod 0x0000000114827a10
Event: 6201.597 Thread 0x00007f806380a800 flushing nmethod 0x000000011482e090
Event: 6201.597 Thread 0x00007f806380a800 flushing nmethod 0x000000011482f490
Event: 6201.597 Thread 0x00007f806380a800 flushing nmethod 0x0000000114839310
Event: 6201.597 Thread 0x00007f806380a800 flushing nmethod 0x000000011483ba90
Event: 6201.597 Thread 0x00007f806380a800 flushing nmethod 0x000000011485ab90
Event: 6202.488 Executing VM operation: G1CollectForAllocation
Event: 6202.492 Executing VM operation: G1CollectForAllocation done
Event: 6202.504 Executing VM operation: G1Concurrent
Event: 6202.511 Executing VM operation: G1Concurrent done
Event: 6202.521 Executing VM operation: G1Concurrent
Event: 6202.525 Executing VM operation: G1Concurrent done
Event: 6202.565 Executing VM operation: G1CollectForAllocation
Event: 6202.572 Executing VM operation: G1CollectForAllocation done
Event: 6202.594 Executing VM operation: G1Concurrent
Event: 6202.602 Executing VM operation: G1Concurrent done
Event: 6202.607 Executing VM operation: G1Concurrent
Event: 6202.607 Executing VM operation: G1Concurrent done


Dynamic libraries:
0x00007fff5856d000 	/usr/lib/libz.1.dylib
0x0000000109519000 	/Library/Java/JavaVirtualMachines/openjdk-13.0.1.jdk/Contents/Home/lib/libjli.dylib
0x00007fff2c6a9000 	/System/Library/Frameworks/Cocoa.framework/Versions/A/Cocoa
0x00007fff38456000 	/System/Library/Frameworks/Security.framework/Versions/A/Security
0x00007fff2b33c000 	/System/Library/Frameworks/ApplicationServices.framework/Versions/A/ApplicationServices
0x00007fff55ec4000 	/usr/lib/libSystem.B.dylib
0x00007fff58d63000 	/usr/lib/system/libcache.dylib
0x00007fff58d68000 	/usr/lib/system/libcommonCrypto.dylib
0x00007fff58d73000 	/usr/lib/system/libcompiler_rt.dylib
0x00007fff58d7b000 	/usr/lib/system/libcopyfile.dylib
0x00007fff58d85000 	/usr/lib/system/libcorecrypto.dylib
0x00007fff58e90000 	/usr/lib/system/libdispatch.dylib
0x00007fff58eca000 	/usr/lib/system/libdyld.dylib
0x00007fff58ef7000 	/usr/lib/system/libkeymgr.dylib
0x00007fff58f05000 	/usr/lib/system/liblaunch.dylib
0x00007fff58f06000 	/usr/lib/system/libmacho.dylib
0x00007fff58f0c000 	/usr/lib/system/libquarantine.dylib
0x00007fff58f0f000 	/usr/lib/system/libremovefile.dylib
0x00007fff58f11000 	/usr/lib/system/libsystem_asl.dylib
0x00007fff58f29000 	/usr/lib/system/libsystem_blocks.dylib
0x00007fff58f2a000 	/usr/lib/system/libsystem_c.dylib
0x00007fff58fb2000 	/usr/lib/system/libsystem_configuration.dylib
0x00007fff58fb6000 	/usr/lib/system/libsystem_coreservices.dylib
0x00007fff58fba000 	/usr/lib/system/libsystem_darwin.dylib
0x00007fff58fc1000 	/usr/lib/system/libsystem_dnssd.dylib
0x00007fff58fc8000 	/usr/lib/system/libsystem_info.dylib
0x00007fff5903d000 	/usr/lib/system/libsystem_m.dylib
0x00007fff59089000 	/usr/lib/system/libsystem_malloc.dylib
0x00007fff590b4000 	/usr/lib/system/libsystem_networkextension.dylib
0x00007fff590bf000 	/usr/lib/system/libsystem_notify.dylib
0x00007fff590dc000 	/usr/lib/system/libsystem_sandbox.dylib
0x00007fff590e0000 	/usr/lib/system/libsystem_secinit.dylib
0x00007fff59014000 	/usr/lib/system/libsystem_kernel.dylib
0x00007fff590c7000 	/usr/lib/system/libsystem_platform.dylib
0x00007fff590d1000 	/usr/lib/system/libsystem_pthread.dylib
0x00007fff590e3000 	/usr/lib/system/libsystem_symptoms.dylib
0x00007fff590eb000 	/usr/lib/system/libsystem_trace.dylib
0x00007fff59102000 	/usr/lib/system/libunwind.dylib
0x00007fff59108000 	/usr/lib/system/libxpc.dylib
0x00007fff576fd000 	/usr/lib/libobjc.A.dylib
0x00007fff5615d000 	/usr/lib/libc++abi.dylib
0x00007fff56109000 	/usr/lib/libc++.1.dylib
0x00007fff2cf1e000 	/System/Library/Frameworks/CoreFoundation.framework/Versions/A/CoreFoundation
0x00007fff2f1a2000 	/System/Library/Frameworks/Foundation.framework/Versions/C/Foundation
0x00007fff2a535000 	/System/Library/Frameworks/AppKit.framework/Versions/C/AppKit
0x00007fff2caa7000 	/System/Library/Frameworks/CoreData.framework/Versions/A/CoreData
0x00007fff4f989000 	/System/Library/PrivateFrameworks/RemoteViewServices.framework/Versions/A/RemoteViewServices
0x00007fff53c00000 	/System/Library/PrivateFrameworks/UIFoundation.framework/Versions/A/UIFoundation
0x00007fff552e5000 	/System/Library/PrivateFrameworks/XCTTargetBootstrap.framework/Versions/A/XCTTargetBootstrap
0x00007fff2ce2d000 	/System/Library/Frameworks/CoreDisplay.framework/Versions/A/CoreDisplay
0x00007fff4a69e000 	/System/Library/PrivateFrameworks/IconServices.framework/Versions/A/IconServices
0x00007fff31ac3000 	/System/Library/Frameworks/Metal.framework/Versions/A/Metal
0x00007fff41be1000 	/System/Library/PrivateFrameworks/DesktopServicesPriv.framework/Versions/A/DesktopServicesPriv
0x00007fff56a60000 	/usr/lib/libenergytrace.dylib
0x00007fff520e7000 	/System/Library/PrivateFrameworks/SkyLight.framework/Versions/A/SkyLight
0x00007fff2d365000 	/System/Library/Frameworks/CoreGraphics.framework/Versions/A/CoreGraphics
0x00007fff29301000 	/System/Library/Frameworks/Accelerate.framework/Versions/A/Accelerate
0x00007fff2f8eb000 	/System/Library/Frameworks/IOSurface.framework/Versions/A/IOSurface
0x00007fff41a4d000 	/System/Library/PrivateFrameworks/DFRFoundation.framework/Versions/A/DFRFoundation
0x00007fff2b81f000 	/System/Library/Frameworks/AudioToolbox.framework/Versions/A/AudioToolbox
0x00007fff2ba98000 	/System/Library/Frameworks/AudioUnit.framework/Versions/A/AudioUnit
0x00007fff41ae2000 	/System/Library/PrivateFrameworks/DataDetectorsCore.framework/Versions/A/DataDetectorsCore
0x00007fff2c1ac000 	/System/Library/Frameworks/Carbon.framework/Versions/A/Frameworks/HIToolbox.framework/Versions/A/HIToolbox
0x00007fff56bb9000 	/usr/lib/libicucore.A.dylib
0x00007fff379c9000 	/System/Library/Frameworks/QuartzCore.framework/Versions/A/QuartzCore
0x00007fff2c581000 	/System/Library/Frameworks/Carbon.framework/Versions/A/Frameworks/SpeechRecognition.framework/Versions/A/SpeechRecognition
0x00007fff56018000 	/usr/lib/libauto.dylib
0x00007fff58460000 	/usr/lib/libxml2.2.dylib
0x00007fff41628000 	/System/Library/PrivateFrameworks/CoreUI.framework/Versions/A/CoreUI
0x00007fff2c992000 	/System/Library/Frameworks/CoreAudio.framework/Versions/A/CoreAudio
0x00007fff2efd7000 	/System/Library/Frameworks/DiskArbitration.framework/Versions/A/DiskArbitration
0x00007fff56e67000 	/usr/lib/liblangid.dylib
0x00007fff4bace000 	/System/Library/PrivateFrameworks/MultitouchSupport.framework/Versions/A/MultitouchSupport
0x00007fff2f85a000 	/System/Library/Frameworks/IOKit.framework/Versions/A/IOKit
0x00007fff55a84000 	/usr/lib/libDiagnosticMessagesClient.dylib
0x00007fff2e175000 	/System/Library/Frameworks/CoreServices.framework/Versions/A/CoreServices
0x00007fff4d788000 	/System/Library/PrivateFrameworks/PerformanceAnalysis.framework/Versions/A/PerformanceAnalysis
0x00007fff36bb0000 	/System/Library/Frameworks/OpenGL.framework/Versions/A/OpenGL
0x00007fff2c6b7000 	/System/Library/Frameworks/ColorSync.framework/Versions/A/ColorSync
0x00007fff2d9f7000 	/System/Library/Frameworks/CoreImage.framework/Versions/A/CoreImage
0x00007fff2eb4d000 	/System/Library/Frameworks/CoreText.framework/Versions/A/CoreText
0x00007fff2f94e000 	/System/Library/Frameworks/ImageIO.framework/Versions/A/ImageIO
0x00007fff3dc7a000 	/System/Library/PrivateFrameworks/Backup.framework/Versions/A/Backup
0x00007fff55f6b000 	/usr/lib/libarchive.2.dylib
0x00007fff2bdf1000 	/System/Library/Frameworks/CFNetwork.framework/Versions/A/CFNetwork
0x00007fff38bb2000 	/System/Library/Frameworks/SystemConfiguration.framework/Versions/A/SystemConfiguration
0x00007fff559b5000 	/usr/lib/libCRFSuite.dylib
0x00007fff560ea000 	/usr/lib/libbsm.0.dylib
0x00007fff58ef8000 	/usr/lib/system/libkxld.dylib
0x00007fff3d06b000 	/System/Library/PrivateFrameworks/AppleFSCompression.framework/Versions/A/AppleFSCompression
0x00007fff55d84000 	/usr/lib/libOpenScriptingUtil.dylib
0x00007fff56412000 	/usr/lib/libcoretls.dylib
0x00007fff56429000 	/usr/lib/libcoretls_cfhelpers.dylib
0x00007fff57e94000 	/usr/lib/libpam.2.dylib
0x00007fff58054000 	/usr/lib/libsqlite3.dylib
0x00007fff5844e000 	/usr/lib/libxar.1.dylib
0x00007fff560fb000 	/usr/lib/libbz2.1.0.dylib
0x00007fff56e69000 	/usr/lib/liblzma.5.dylib
0x00007fff5731a000 	/usr/lib/libnetwork.dylib
0x00007fff55f54000 	/usr/lib/libapple_nghttp2.dylib
0x00007fff57e9b000 	/usr/lib/libpcap.A.dylib
0x00007fff2e514000 	/System/Library/Frameworks/CoreServices.framework/Versions/A/Frameworks/FSEvents.framework/Versions/A/FSEvents
0x00007fff2e1f3000 	/System/Library/Frameworks/CoreServices.framework/Versions/A/Frameworks/CarbonCore.framework/Versions/A/CarbonCore
0x00007fff2e6cf000 	/System/Library/Frameworks/CoreServices.framework/Versions/A/Frameworks/Metadata.framework/Versions/A/Metadata
0x00007fff2e76e000 	/System/Library/Frameworks/CoreServices.framework/Versions/A/Frameworks/OSServices.framework/Versions/A/OSServices
0x00007fff2e7b9000 	/System/Library/Frameworks/CoreServices.framework/Versions/A/Frameworks/SearchKit.framework/Versions/A/SearchKit
0x00007fff2e176000 	/System/Library/Frameworks/CoreServices.framework/Versions/A/Frameworks/AE.framework/Versions/A/AE
0x00007fff2e51d000 	/System/Library/Frameworks/CoreServices.framework/Versions/A/Frameworks/LaunchServices.framework/Versions/A/LaunchServices
0x00007fff2e4cb000 	/System/Library/Frameworks/CoreServices.framework/Versions/A/Frameworks/DictionaryServices.framework/Versions/A/DictionaryServices
0x00007fff2e821000 	/System/Library/Frameworks/CoreServices.framework/Versions/A/Frameworks/SharedFileList.framework/Versions/A/SharedFileList
0x00007fff32b8b000 	/System/Library/Frameworks/NetFS.framework/Versions/A/NetFS
0x00007fff4bd34000 	/System/Library/PrivateFrameworks/NetAuth.framework/Versions/A/NetAuth
0x00007fff556e9000 	/System/Library/PrivateFrameworks/login.framework/Versions/A/Frameworks/loginsupport.framework/Versions/A/loginsupport
0x00007fff53809000 	/System/Library/PrivateFrameworks/TCC.framework/Versions/A/TCC
0x00007fff40c85000 	/System/Library/PrivateFrameworks/CoreNLP.framework/Versions/A/CoreNLP
0x00007fff4b7a4000 	/System/Library/PrivateFrameworks/MetadataUtilities.framework/Versions/A/MetadataUtilities
0x00007fff56f3e000 	/usr/lib/libmecabra.dylib
0x00007fff2b33d000 	/System/Library/Frameworks/ApplicationServices.framework/Versions/A/Frameworks/ATS.framework/Versions/A/ATS
0x00007fff2b68c000 	/System/Library/Frameworks/ApplicationServices.framework/Versions/A/Frameworks/ColorSyncLegacy.framework/Versions/A/ColorSyncLegacy
0x00007fff2b72b000 	/System/Library/Frameworks/ApplicationServices.framework/Versions/A/Frameworks/HIServices.framework/Versions/A/HIServices
0x00007fff2b77e000 	/System/Library/Frameworks/ApplicationServices.framework/Versions/A/Frameworks/LangAnalysis.framework/Versions/A/LangAnalysis
0x00007fff2b78e000 	/System/Library/Frameworks/ApplicationServices.framework/Versions/A/Frameworks/PrintCore.framework/Versions/A/PrintCore
0x00007fff2b7d8000 	/System/Library/Frameworks/ApplicationServices.framework/Versions/A/Frameworks/QD.framework/Versions/A/QD
0x00007fff2b812000 	/System/Library/Frameworks/ApplicationServices.framework/Versions/A/Frameworks/SpeechSynthesis.framework/Versions/A/SpeechSynthesis
0x00007fff56185000 	/usr/lib/libcompression.dylib
0x00007fff31d93000 	/System/Library/Frameworks/MetalPerformanceShaders.framework/Versions/A/MetalPerformanceShaders
0x00007fff29319000 	/System/Library/Frameworks/Accelerate.framework/Versions/A/Frameworks/vImage.framework/Versions/A/vImage
0x00007fff2a393000 	/System/Library/Frameworks/Accelerate.framework/Versions/A/Frameworks/vecLib.framework/Versions/A/vecLib
0x00007fff2a2df000 	/System/Library/Frameworks/Accelerate.framework/Versions/A/Frameworks/vecLib.framework/Versions/A/libvMisc.dylib
0x00007fff2a0f7000 	/System/Library/Frameworks/Accelerate.framework/Versions/A/Frameworks/vecLib.framework/Versions/A/libvDSP.dylib
0x00007fff299b3000 	/System/Library/Frameworks/Accelerate.framework/Versions/A/Frameworks/vecLib.framework/Versions/A/libBLAS.dylib
0x00007fff29ca0000 	/System/Library/Frameworks/Accelerate.framework/Versions/A/Frameworks/vecLib.framework/Versions/A/libLAPACK.dylib
0x00007fff2a04a000 	/System/Library/Frameworks/Accelerate.framework/Versions/A/Frameworks/vecLib.framework/Versions/A/libLinearAlgebra.dylib
0x00007fff2a0e3000 	/System/Library/Frameworks/Accelerate.framework/Versions/A/Frameworks/vecLib.framework/Versions/A/libSparseBLAS.dylib
0x00007fff2a060000 	/System/Library/Frameworks/Accelerate.framework/Versions/A/Frameworks/vecLib.framework/Versions/A/libQuadrature.dylib
0x00007fff29c2d000 	/System/Library/Frameworks/Accelerate.framework/Versions/A/Frameworks/vecLib.framework/Versions/A/libBNNS.dylib
0x00007fff2a066000 	/System/Library/Frameworks/Accelerate.framework/Versions/A/Frameworks/vecLib.framework/Versions/A/libSparse.dylib
0x00007fff47fd3000 	/System/Library/PrivateFrameworks/GPUWrangler.framework/Versions/A/GPUWrangler
0x00007fff4a2d3000 	/System/Library/PrivateFrameworks/IOAccelerator.framework/Versions/A/IOAccelerator
0x00007fff4a2de000 	/System/Library/PrivateFrameworks/IOPresentment.framework/Versions/A/IOPresentment
0x00007fff41a5d000 	/System/Library/PrivateFrameworks/DSExternalDisplay.framework/Versions/A/DSExternalDisplay
0x00007fff36007000 	/System/Library/Frameworks/OpenGL.framework/Versions/A/Libraries/libCoreFSCache.dylib
0x00007fff31b87000 	/System/Library/Frameworks/MetalPerformanceShaders.framework/Frameworks/MPSCore.framework/Versions/A/MPSCore
0x00007fff31ba7000 	/System/Library/Frameworks/MetalPerformanceShaders.framework/Frameworks/MPSImage.framework/Versions/A/MPSImage
0x00007fff31c4c000 	/System/Library/Frameworks/MetalPerformanceShaders.framework/Frameworks/MPSNeuralNetwork.framework/Versions/A/MPSNeuralNetwork
0x00007fff31c24000 	/System/Library/Frameworks/MetalPerformanceShaders.framework/Frameworks/MPSMatrix.framework/Versions/A/MPSMatrix
0x00007fff31d78000 	/System/Library/Frameworks/MetalPerformanceShaders.framework/Frameworks/MPSRayIntersector.framework/Versions/A/MPSRayIntersector
0x00007fff4b7cd000 	/System/Library/PrivateFrameworks/MetalTools.framework/Versions/A/MetalTools
0x00007fff3c915000 	/System/Library/PrivateFrameworks/AggregateDictionary.framework/Versions/A/AggregateDictionary
0x00007fff55d64000 	/usr/lib/libMobileGestalt.dylib
0x00007fff2ecb0000 	/System/Library/Frameworks/CoreVideo.framework/Versions/A/CoreVideo
0x00007fff48de4000 	/System/Library/PrivateFrameworks/GraphVisualizer.framework/Versions/A/GraphVisualizer
0x00007fff42c63000 	/System/Library/PrivateFrameworks/FaceCore.framework/Versions/A/FaceCore
0x00007fff35635000 	/System/Library/Frameworks/OpenCL.framework/Versions/A/OpenCL
0x00007fff55abc000 	/usr/lib/libFosl_dynamic.dylib
0x00007fff4c59f000 	/System/Library/PrivateFrameworks/OTSVG.framework/Versions/A/OTSVG
0x00007fff2b441000 	/System/Library/Frameworks/ApplicationServices.framework/Versions/A/Frameworks/ATS.framework/Versions/A/Resources/libFontParser.dylib
0x00007fff2b559000 	/System/Library/Frameworks/ApplicationServices.framework/Versions/A/Frameworks/ATS.framework/Versions/A/Resources/libFontRegistry.dylib
0x00007fff2fbbc000 	/System/Library/Frameworks/ImageIO.framework/Versions/A/Resources/libJPEG.dylib
0x00007fff2fece000 	/System/Library/Frameworks/ImageIO.framework/Versions/A/Resources/libTIFF.dylib
0x00007fff2fea4000 	/System/Library/Frameworks/ImageIO.framework/Versions/A/Resources/libPng.dylib
0x00007fff2fada000 	/System/Library/Frameworks/ImageIO.framework/Versions/A/Resources/libGIF.dylib
0x00007fff2fadf000 	/System/Library/Frameworks/ImageIO.framework/Versions/A/Resources/libJP2.dylib
0x00007fff2fecb000 	/System/Library/Frameworks/ImageIO.framework/Versions/A/Resources/libRadiance.dylib
0x00007fff3d1c2000 	/System/Library/PrivateFrameworks/AppleJPEG.framework/Versions/A/AppleJPEG
0x00007fff36012000 	/System/Library/Frameworks/OpenGL.framework/Versions/A/Libraries/libGFXShared.dylib
0x00007fff361d5000 	/System/Library/Frameworks/OpenGL.framework/Versions/A/Libraries/libGLU.dylib
0x00007fff3601b000 	/System/Library/Frameworks/OpenGL.framework/Versions/A/Libraries/libGL.dylib
0x00007fff36027000 	/System/Library/Frameworks/OpenGL.framework/Versions/A/Libraries/libGLImage.dylib
0x00007fff36004000 	/System/Library/Frameworks/OpenGL.framework/Versions/A/Libraries/libCVMSPluginSupport.dylib
0x00007fff3600d000 	/System/Library/Frameworks/OpenGL.framework/Versions/A/Libraries/libCoreVMClient.dylib
0x00007fff568d6000 	/usr/lib/libcups.2.dylib
0x00007fff3108e000 	/System/Library/Frameworks/Kerberos.framework/Versions/A/Kerberos
0x00007fff2f5be000 	/System/Library/Frameworks/GSS.framework/Versions/A/GSS
0x00007fff57fe9000 	/usr/lib/libresolv.9.dylib
0x00007fff56ac8000 	/usr/lib/libiconv.2.dylib
0x00007fff48f59000 	/System/Library/PrivateFrameworks/Heimdal.framework/Versions/A/Heimdal
0x00007fff56a98000 	/usr/lib/libheimdal-asn1.dylib
0x00007fff356a9000 	/System/Library/Frameworks/OpenDirectory.framework/Versions/A/OpenDirectory
0x00007fff3f9e8000 	/System/Library/PrivateFrameworks/CommonAuth.framework/Versions/A/CommonAuth
0x00007fff3568d000 	/System/Library/Frameworks/OpenDirectory.framework/Versions/A/Frameworks/CFOpenDirectory.framework/Versions/A/CFOpenDirectory
0x00007fff38757000 	/System/Library/Frameworks/SecurityFoundation.framework/Versions/A/SecurityFoundation
0x00007fff3be5b000 	/System/Library/PrivateFrameworks/APFS.framework/Versions/A/APFS
0x00007fff5844a000 	/usr/lib/libutil.dylib
0x00007fff56173000 	/usr/lib/libcharset.1.dylib
0x00007fff3d45f000 	/System/Library/PrivateFrameworks/AppleSauce.framework/Versions/A/AppleSauce
0x00007fff3d5e0000 	/System/Library/PrivateFrameworks/AssertionServices.framework/Versions/A/AssertionServices
0x00007fff3dd10000 	/System/Library/PrivateFrameworks/BaseBoard.framework/Versions/A/BaseBoard
0x00007fff56e99000 	/usr/lib/libmecab.1.0.0.dylib
0x00007fff56a92000 	/usr/lib/libgermantok.dylib
0x00007fff55f41000 	/usr/lib/libThaiTokenizer.dylib
0x00007fff559ec000 	/usr/lib/libChineseTokenizer.dylib
0x00007fff4a98b000 	/System/Library/PrivateFrameworks/LanguageModeling.framework/Versions/A/LanguageModeling
0x00007fff406ca000 	/System/Library/PrivateFrameworks/CoreEmoji.framework/Versions/A/CoreEmoji
0x00007fff4aa67000 	/System/Library/PrivateFrameworks/Lexicon.framework/Versions/A/Lexicon
0x00007fff4aaaa000 	/System/Library/PrivateFrameworks/LinguisticData.framework/Versions/A/LinguisticData
0x00007fff56174000 	/usr/lib/libcmph.dylib
0x00007fff38815000 	/System/Library/Frameworks/ServiceManagement.framework/Versions/A/ServiceManagement
0x00007fff3dc71000 	/System/Library/PrivateFrameworks/BackgroundTaskManagement.framework/Versions/A/BackgroundTaskManagement
0x00007fff58544000 	/usr/lib/libxslt.1.dylib
0x00007fff2c4ae000 	/System/Library/Frameworks/Carbon.framework/Versions/A/Frameworks/Ink.framework/Versions/A/Ink
0x00007fff53a7b000 	/System/Library/PrivateFrameworks/TextureIO.framework/Versions/A/TextureIO
0x00007fff55f95000 	/usr/lib/libate.dylib
0x00007fff419ac000 	/System/Library/PrivateFrameworks/CrashReporterSupport.framework/Versions/A/CrashReporterSupport
0x00007fff511b5000 	/System/Library/PrivateFrameworks/Sharing.framework/Versions/A/Sharing
0x00007fff3d9c3000 	/System/Library/PrivateFrameworks/AuthKit.framework/Versions/A/AuthKit
0x00007fff3cf17000 	/System/Library/PrivateFrameworks/Apple80211.framework/Versions/A/Apple80211
0x00007fff41754000 	/System/Library/PrivateFrameworks/CoreUtils.framework/Versions/A/CoreUtils
0x00007fff2ecf1000 	/System/Library/Frameworks/CoreWLAN.framework/Versions/A/CoreWLAN
0x00007fff2f6ed000 	/System/Library/Frameworks/IOBluetooth.framework/Versions/A/IOBluetooth
0x00007fff4f629000 	/System/Library/PrivateFrameworks/ProtocolBuffer.framework/Versions/A/ProtocolBuffer
0x00007fff4ba2a000 	/System/Library/PrivateFrameworks/MobileKeyBag.framework/Versions/A/MobileKeyBag
0x00007fff40f98000 	/System/Library/PrivateFrameworks/CorePhoneNumbers.framework/Versions/A/CorePhoneNumbers
0x00007fff3d176000 	/System/Library/PrivateFrameworks/AppleIDAuthSupport.framework/Versions/A/AppleIDAuthSupport
0x00007fff4a95e000 	/System/Library/PrivateFrameworks/KeychainCircle.framework/Versions/A/KeychainCircle
0x00007fff4f7df000 	/System/Library/PrivateFrameworks/ROCKit.framework/Versions/A/ROCKit
0x00007fff41948000 	/System/Library/PrivateFrameworks/CoreWiFi.framework/Versions/A/CoreWiFi
0x00007fff2ca7c000 	/System/Library/Frameworks/CoreBluetooth.framework/Versions/A/CoreBluetooth
0x00007fff41ba3000 	/System/Library/PrivateFrameworks/DebugSymbols.framework/Versions/A/DebugSymbols
0x00007fff41514000 	/System/Library/PrivateFrameworks/CoreSymbolication.framework/Versions/A/CoreSymbolication
0x00007fff53296000 	/System/Library/PrivateFrameworks/Symbolication.framework/Versions/A/Symbolication
0x00007fff52b39000 	/System/Library/PrivateFrameworks/SpeechRecognitionCore.framework/Versions/A/SpeechRecognitionCore
0x0000000109e00000 	/Library/Java/JavaVirtualMachines/openjdk-13.0.1.jdk/Contents/Home/lib/server/libjvm.dylib
0x000000010953e000 	/Library/Java/JavaVirtualMachines/openjdk-13.0.1.jdk/Contents/Home/lib/libverify.dylib
0x000000010954a000 	/Library/Java/JavaVirtualMachines/openjdk-13.0.1.jdk/Contents/Home/lib/libjava.dylib
0x00000001095cf000 	/Library/Java/JavaVirtualMachines/openjdk-13.0.1.jdk/Contents/Home/lib/libzip.dylib
0x00000001095d6000 	/Library/Java/JavaVirtualMachines/openjdk-13.0.1.jdk/Contents/Home/lib/libjimage.dylib
0x000000010b8a0000 	/Library/Java/JavaVirtualMachines/openjdk-13.0.1.jdk/Contents/Home/lib/libnio.dylib
0x000000010b8ae000 	/Library/Java/JavaVirtualMachines/openjdk-13.0.1.jdk/Contents/Home/lib/./libnet.dylib
0x000000012a1d7000 	/Library/Java/JavaVirtualMachines/openjdk-13.0.1.jdk/Contents/Home/lib/libawt.dylib
0x000000012a26d000 	/Library/Java/JavaVirtualMachines/openjdk-13.0.1.jdk/Contents/Home/lib/./libmlib_image.dylib
0x00007fff31077000 	/System/Library/Frameworks/JavaVM.framework/Versions/A/Frameworks/JavaNativeFoundation.framework/Versions/A/JavaNativeFoundation
0x00007fff31080000 	/System/Library/Frameworks/JavaVM.framework/Versions/A/Frameworks/JavaRuntimeSupport.framework/Versions/A/JavaRuntimeSupport
0x00007fff31089000 	/System/Library/Frameworks/JavaVM.framework/Versions/A/JavaVM
0x00007fff4a87d000 	/System/Library/PrivateFrameworks/JavaLaunching.framework/Versions/A/JavaLaunching
0x00007fff2c1a7000 	/System/Library/Frameworks/Carbon.framework/Versions/A/Carbon
0x00007fff2c1a8000 	/System/Library/Frameworks/Carbon.framework/Versions/A/Frameworks/CommonPanels.framework/Versions/A/CommonPanels
0x00007fff2c4a4000 	/System/Library/Frameworks/Carbon.framework/Versions/A/Frameworks/Help.framework/Versions/A/Help
0x00007fff2c4a8000 	/System/Library/Frameworks/Carbon.framework/Versions/A/Frameworks/ImageCapture.framework/Versions/A/ImageCapture
0x00007fff2c544000 	/System/Library/Frameworks/Carbon.framework/Versions/A/Frameworks/OpenScripting.framework/Versions/A/OpenScripting
0x00007fff2c57c000 	/System/Library/Frameworks/Carbon.framework/Versions/A/Frameworks/Print.framework/Versions/A/Print
0x00007fff2c57e000 	/System/Library/Frameworks/Carbon.framework/Versions/A/Frameworks/SecurityHI.framework/Versions/A/SecurityHI
0x000000012a2d3000 	/Library/Java/JavaVirtualMachines/openjdk-13.0.1.jdk/Contents/Home/lib/libawt_lwawt.dylib
0x000000012a37d000 	/Library/Java/JavaVirtualMachines/openjdk-13.0.1.jdk/Contents/Home/lib/./libosxapp.dylib
0x00007fff2f17b000 	/System/Library/Frameworks/ExceptionHandling.framework/Versions/A/ExceptionHandling
0x000000012a3ab000 	/Library/Java/JavaVirtualMachines/openjdk-13.0.1.jdk/Contents/Home/lib/libfontmanager.dylib
0x000000012a4a9000 	/Library/Java/JavaVirtualMachines/openjdk-13.0.1.jdk/Contents/Home/lib/./libfreetype.dylib
0x00007fff4111c000 	/System/Library/PrivateFrameworks/CoreServicesInternal.framework/Versions/A/CoreServicesInternal
0x00007fff2167f000 	/System/Library/CoreServices/RawCamera.bundle/Contents/MacOS/RawCamera
0x00007fff4b871000 	/System/Library/PrivateFrameworks/MobileAsset.framework/Versions/A/MobileAsset
0x00007fff531e4000 	/System/Library/PrivateFrameworks/StreamingZip.framework/Versions/A/StreamingZip
0x00007fff3141b000 	/System/Library/Frameworks/MediaToolbox.framework/Versions/A/MediaToolbox
0x00007fff4026e000 	/System/Library/PrivateFrameworks/CoreAVCHD.framework/Versions/A/CoreAVCHD
0x00007fff31361000 	/System/Library/Frameworks/MediaAccessibility.framework/Versions/A/MediaAccessibility
0x00007fff4b2cd000 	/System/Library/PrivateFrameworks/Mangrove.framework/Versions/A/Mangrove
0x00007fff2e014000 	/System/Library/Frameworks/CoreMedia.framework/Versions/A/CoreMedia
0x00007fff38e7e000 	/System/Library/Frameworks/VideoToolbox.framework/Versions/A/VideoToolbox
0x00007fff3fe8a000 	/System/Library/PrivateFrameworks/CoreAUC.framework/Versions/A/CoreAUC
0x00007fff58052000 	/usr/lib/libspindump.dylib
0x00007fff3d545000 	/System/Library/PrivateFrameworks/AppleVA.framework/Versions/A/AppleVA
0x00007fff29302000 	/System/Library/Frameworks/Accelerate.framework/Versions/A/Frameworks/vImage.framework/Versions/A/Libraries/libCGInterfaces.dylib
0x00007fff54a34000 	/System/Library/PrivateFrameworks/ViewBridge.framework/Versions/A/ViewBridge
0x00007fff2b5f5000 	/System/Library/Frameworks/ApplicationServices.framework/Versions/A/Frameworks/ATS.framework/Versions/A/Resources/libTrueTypeScaler.dylib
0x00007fff264c2000 	/System/Library/Extensions/AppleIntelKBLGraphicsMTLDriver.bundle/Contents/MacOS/AppleIntelKBLGraphicsMTLDriver
0x00007fff46932000 	/System/Library/PrivateFrameworks/GPUCompiler.framework/Versions/3902/Libraries/libmetal_timestamp.dylib
0x00007fff36bc0000 	/System/Library/Frameworks/OpenGL.framework/Versions/A/Resources/GLEngine.bundle/GLEngine
0x00007fff36062000 	/System/Library/Frameworks/OpenGL.framework/Versions/A/Libraries/libGLProgrammability.dylib
0x00007fff256ed000 	/System/Library/Extensions/AppleIntelKBLGraphicsGLDriver.bundle/Contents/MacOS/AppleIntelKBLGraphicsGLDriver
0x00007fff47fc7000 	/System/Library/PrivateFrameworks/GPUSupport.framework/Versions/A/Libraries/libGPUSupportMercury.dylib
0x00007fff36d58000 	/System/Library/Frameworks/OpenGL.framework/Versions/A/Resources/GLRendererFloat.bundle/GLRendererFloat
0x00007fff3562c000 	/System/Library/Frameworks/OpenCL.framework/Versions/A/Libraries/libcldcpuengine.dylib
0x00007fff565c8000 	/usr/lib/libcrypto.35.dylib
0x00007fff53bf9000 	/System/Library/PrivateFrameworks/TrustEvaluationAgent.framework/Versions/A/TrustEvaluationAgent
0x000000012f457000 	/usr/lib/libobjc-trampolines.dylib
0x000000012f55e000 	/Library/Java/JavaVirtualMachines/openjdk-13.0.1.jdk/Contents/Home/lib/libosxui.dylib
0x000000012eac6000 	/private/var/folders/tk/p3v7q5v547d_5tcnkt09w48w0000gq/T/jSerialComm/1580722073596-libjSerialComm.jnilib
0x000000012e0f2000 	/Library/Java/JavaVirtualMachines/openjdk-13.0.1.jdk/Contents/Home/lib/libextnet.dylib
0x00007fff556ec000 	/System/Library/PrivateFrameworks/login.framework/Versions/A/login


VM Arguments:
jvm_args: -Dfile.encoding=UTF-8 -Duser.country=FR -Duser.language=fr -Duser.variant 
java_command: com.mycompany.javadomo.App
java_class_path (initial): /var/folders/tk/p3v7q5v547d_5tcnkt09w48w0000gq/T/generated-7828552219957754553-manifest
Launcher Type: SUN_STANDARD

[Global flags]
     intx CICompilerCount                          = 3                                         {product} {ergonomic}
     uint ConcGCThreads                            = 1                                         {product} {ergonomic}
     uint G1ConcRefinementThreads                  = 4                                         {product} {ergonomic}
   size_t G1HeapRegionSize                         = 1048576                                   {product} {ergonomic}
    uintx GCDrainStackTargetSize                   = 64                                        {product} {ergonomic}
   size_t InitialHeapSize                          = 134217728                                 {product} {ergonomic}
   size_t MarkStackSize                            = 4194304                                   {product} {ergonomic}
   size_t MaxHeapSize                              = 2147483648                                {product} {ergonomic}
   size_t MaxNewSize                               = 1287651328                                {product} {ergonomic}
   size_t MinHeapDeltaBytes                        = 1048576                                   {product} {ergonomic}
   size_t MinHeapSize                              = 8388608                                   {product} {ergonomic}
    uintx NonNMethodCodeHeapSize                   = 5830732                                {pd product} {ergonomic}
    uintx NonProfiledCodeHeapSize                  = 122913754                              {pd product} {ergonomic}
    uintx ProfiledCodeHeapSize                     = 122913754                              {pd product} {ergonomic}
    uintx ReservedCodeCacheSize                    = 251658240                              {pd product} {ergonomic}
     bool SegmentedCodeCache                       = true                                      {product} {ergonomic}
   size_t SoftMaxHeapSize                          = 2147483648                             {manageable} {ergonomic}
     bool UseCompressedClassPointers               = true                                 {lp64_product} {ergonomic}
     bool UseCompressedOops                        = true                                 {lp64_product} {ergonomic}
     bool UseG1GC                                  = true                                      {product} {ergonomic}

Logging:
Log output configuration:
 #0: stdout all=warning uptime,level,tags
 #1: stderr all=off uptime,level,tags

Environment Variables:
PATH=/opt/anaconda3/bin:/opt/anaconda3/condabin:/usr/local/bin:/usr/bin:/bin:/usr/sbin:/sbin
SHELL=/bin/bash

Signal Handlers:
SIGSEGV: [libjvm.dylib+0x781580], sa_mask[0]=11111111011111110111111111111111, sa_flags=SA_ONSTACK|SA_RESTART|SA_SIGINFO
SIGBUS: [libjvm.dylib+0x781580], sa_mask[0]=11111111011111110111111111111111, sa_flags=SA_RESTART|SA_SIGINFO
SIGFPE: [libjvm.dylib+0x781580], sa_mask[0]=11111111011111110111111111111111, sa_flags=SA_RESTART|SA_SIGINFO
SIGPIPE: [libjvm.dylib+0x627f85], sa_mask[0]=11111111011111110111111111111111, sa_flags=SA_RESTART|SA_SIGINFO
SIGXFSZ: [libjvm.dylib+0x627f85], sa_mask[0]=11111111011111110111111111111111, sa_flags=SA_RESTART|SA_SIGINFO
SIGILL: [libjvm.dylib+0x781580], sa_mask[0]=11111111011111110111111111111111, sa_flags=SA_RESTART|SA_SIGINFO
SIGUSR2: [libjvm.dylib+0x62856f], sa_mask[0]=00100000000000000000000000000000, sa_flags=SA_RESTART|SA_SIGINFO
SIGHUP: [libjvm.dylib+0x62755d], sa_mask[0]=11111111011111110111111111111111, sa_flags=SA_RESTART|SA_SIGINFO
SIGINT: [libjvm.dylib+0x62755d], sa_mask[0]=11111111011111110111111111111111, sa_flags=SA_RESTART|SA_SIGINFO
SIGTERM: [libjvm.dylib+0x62755d], sa_mask[0]=11111111011111110111111111111111, sa_flags=SA_RESTART|SA_SIGINFO
SIGQUIT: [libjvm.dylib+0x62755d], sa_mask[0]=11111111011111110111111111111111, sa_flags=SA_RESTART|SA_SIGINFO


---------------  S Y S T E M  ---------------

OS:uname:Darwin 18.7.0 Darwin Kernel Version 18.7.0: Sat Oct 12 00:02:19 PDT 2019; root:xnu-4903.278.12~1/RELEASE_X86_64 x86_64
rlimit: STACK 8192k, CORE 0k, NPROC 709, NOFILE 10240, AS infinity, DATA infinity, FSIZE infinity
load average:2.22 2.91 2.69

CPU:total 4 (initial active 4) (2 cores per cpu, 2 threads per core) family 6 model 142 stepping 9, cmov, cx8, fxsr, mmx, sse, sse2, sse3, ssse3, sse4.1, sse4.2, popcnt, avx, avx2, aes, clmul, erms, rtm, 3dnowpref, lzcnt, ht, tsc, tscinvbit, bmi1, bmi2, adx, fma

Memory: 4k page, physical 8388608k(559060k free), swap 2097152k(531968k free)

vm_info: OpenJDK 64-Bit Server VM (13.0.1+9) for bsd-amd64 JRE (13.0.1+9), built on Oct  6 2019 11:52:16 by "mach5one" with clang 4.2.1 Compatible Apple LLVM 10.0.0 (clang-1000.11.45.5)

END.
